INFO 2023-08-10 16:47:53,863 autoreload Watching for file changes with StatReloader
INFO 2023-08-10 16:47:53,865 autoreload Watching for file changes with StatReloader
INFO 2023-08-10 16:47:53,875 autoreload Watching for file changes with StatReloader
INFO 2023-08-10 16:47:53,942 autoreload Watching for file changes with StatReloader
INFO 2023-08-10 16:47:56,292 basehttp "GET /auth/logout/ HTTP/1.1" 302 0
INFO 2023-08-10 16:47:56,348 basehttp "GET / HTTP/1.1" 200 7089
INFO 2023-08-10 16:48:58,301 autoreload C:\Users\LENOVO\PycharmProjects\coach_me\coach_me\accounts\views.py changed, reloading.
INFO 2023-08-10 16:48:58,998 autoreload C:\Users\LENOVO\PycharmProjects\coach_me\coach_me\accounts\views.py changed, reloading.
INFO 2023-08-10 16:48:59,024 autoreload C:\Users\LENOVO\PycharmProjects\coach_me\coach_me\accounts\views.py changed, reloading.
INFO 2023-08-10 16:48:59,027 autoreload C:\Users\LENOVO\PycharmProjects\coach_me\coach_me\accounts\views.py changed, reloading.
INFO 2023-08-10 16:48:59,773 autoreload Watching for file changes with StatReloader
INFO 2023-08-10 16:49:00,415 autoreload Watching for file changes with StatReloader
INFO 2023-08-10 16:49:00,437 autoreload Watching for file changes with StatReloader
INFO 2023-08-10 16:49:00,450 autoreload Watching for file changes with StatReloader
INFO 2023-08-10 16:49:54,635 basehttp "GET /auth/login/ HTTP/1.1" 200 3983
INFO 2023-08-10 16:49:58,786 basehttp "POST /auth/login/ HTTP/1.1" 302 0
INFO 2023-08-10 16:49:58,841 basehttp "GET / HTTP/1.1" 200 8707
INFO 2023-08-10 16:50:01,091 basehttp "GET /auth/logout/ HTTP/1.1" 302 0
INFO 2023-08-10 16:50:01,136 basehttp "GET / HTTP/1.1" 200 7089
INFO 2023-08-10 16:53:12,538 autoreload C:\Users\LENOVO\PycharmProjects\coach_me\coach_me\accounts\views.py changed, reloading.
INFO 2023-08-10 16:53:12,557 autoreload C:\Users\LENOVO\PycharmProjects\coach_me\coach_me\accounts\views.py changed, reloading.
INFO 2023-08-10 16:53:12,575 autoreload C:\Users\LENOVO\PycharmProjects\coach_me\coach_me\accounts\views.py changed, reloading.
INFO 2023-08-10 16:53:12,594 autoreload C:\Users\LENOVO\PycharmProjects\coach_me\coach_me\accounts\views.py changed, reloading.
INFO 2023-08-10 16:53:14,131 autoreload Watching for file changes with StatReloader
INFO 2023-08-10 16:53:14,152 autoreload Watching for file changes with StatReloader
INFO 2023-08-10 16:53:14,180 autoreload Watching for file changes with StatReloader
INFO 2023-08-10 16:53:14,231 autoreload Watching for file changes with StatReloader
INFO 2023-08-10 16:53:17,251 basehttp "GET /auth/logout/ HTTP/1.1" 302 0
INFO 2023-08-10 16:53:17,301 basehttp "GET / HTTP/1.1" 200 7089
INFO 2023-08-10 16:53:46,797 basehttp "GET /auth/register/ HTTP/1.1" 200 6797
INFO 2023-08-10 16:53:47,655 basehttp "GET /static/images/signup.jpg HTTP/1.1" 200 419415
WARNING 2023-08-10 16:53:47,689 log Not Found: /favicon.ico
WARNING 2023-08-10 16:53:47,689 basehttp "GET /favicon.ico HTTP/1.1" 404 4442
INFO 2023-08-10 16:54:31,680 basehttp "POST /auth/register/ HTTP/1.1" 302 0
INFO 2023-08-10 16:54:31,737 basehttp "GET / HTTP/1.1" 200 8711
INFO 2023-08-10 16:54:31,941 basehttp "GET /static/images/profile-blue-default.png HTTP/1.1" 200 11944
INFO 2023-08-10 16:58:07,753 basehttp "GET /static/images/slide2.webp HTTP/1.1" 200 49146
INFO 2023-08-10 16:58:07,847 autoreload C:\Users\LENOVO\PycharmProjects\coach_me\coach_me\bookings\views.py changed, reloading.
INFO 2023-08-10 16:58:07,866 autoreload C:\Users\LENOVO\PycharmProjects\coach_me\coach_me\bookings\views.py changed, reloading.
INFO 2023-08-10 16:58:08,410 autoreload C:\Users\LENOVO\PycharmProjects\coach_me\coach_me\bookings\views.py changed, reloading.
INFO 2023-08-10 16:58:08,830 autoreload C:\Users\LENOVO\PycharmProjects\coach_me\coach_me\bookings\views.py changed, reloading.
INFO 2023-08-10 16:58:09,303 autoreload Watching for file changes with StatReloader
INFO 2023-08-10 16:58:09,399 autoreload Watching for file changes with StatReloader
INFO 2023-08-10 16:58:09,866 autoreload Watching for file changes with StatReloader
INFO 2023-08-10 16:58:10,302 autoreload Watching for file changes with StatReloader
INFO 2023-08-10 17:00:07,270 autoreload C:\Users\LENOVO\PycharmProjects\coach_me\coach_me\bookings\views.py changed, reloading.
INFO 2023-08-10 17:00:07,687 autoreload C:\Users\LENOVO\PycharmProjects\coach_me\coach_me\bookings\views.py changed, reloading.
INFO 2023-08-10 17:00:07,760 autoreload C:\Users\LENOVO\PycharmProjects\coach_me\coach_me\bookings\views.py changed, reloading.
INFO 2023-08-10 17:00:07,869 autoreload C:\Users\LENOVO\PycharmProjects\coach_me\coach_me\bookings\views.py changed, reloading.
INFO 2023-08-10 17:00:08,469 autoreload Watching for file changes with StatReloader
INFO 2023-08-10 17:00:08,830 autoreload Watching for file changes with StatReloader
INFO 2023-08-10 17:00:08,934 autoreload Watching for file changes with StatReloader
INFO 2023-08-10 17:00:08,942 autoreload Watching for file changes with StatReloader
INFO 2023-08-10 17:00:09,071 basehttp "GET /booking/add/ HTTP/1.1" 200 16310
INFO 2023-08-10 17:00:10,261 basehttp "GET /static/images/profile-blue-default.png HTTP/1.1" 200 11944
INFO 2023-08-10 17:00:10,262 basehttp "GET /static/images/logo.png HTTP/1.1" 200 18159
INFO 2023-08-10 17:00:10,287 basehttp "GET /static/images/favicon.png HTTP/1.1" 200 94768
INFO 2023-08-10 17:00:30,163 basehttp "POST /booking/add/ HTTP/1.1" 302 0
INFO 2023-08-10 17:00:30,283 basehttp "GET /profile/11/dashboard/ HTTP/1.1" 200 10647
INFO 2023-08-10 17:01:05,849 autoreload Watching for file changes with StatReloader
INFO 2023-08-10 17:02:09,138 autoreload C:\Users\LENOVO\PycharmProjects\coach_me\coach_me\bookings\views.py changed, reloading.
INFO 2023-08-10 17:02:09,142 autoreload C:\Users\LENOVO\PycharmProjects\coach_me\coach_me\bookings\views.py changed, reloading.
INFO 2023-08-10 17:02:09,155 autoreload C:\Users\LENOVO\PycharmProjects\coach_me\coach_me\bookings\views.py changed, reloading.
INFO 2023-08-10 17:02:09,860 autoreload C:\Users\LENOVO\PycharmProjects\coach_me\coach_me\bookings\views.py changed, reloading.
INFO 2023-08-10 17:02:10,569 autoreload Watching for file changes with StatReloader
INFO 2023-08-10 17:02:10,570 autoreload Watching for file changes with StatReloader
INFO 2023-08-10 17:02:10,589 autoreload Watching for file changes with StatReloader
INFO 2023-08-10 17:02:11,348 autoreload Watching for file changes with StatReloader
INFO 2023-08-10 17:03:35,346 autoreload C:\Users\LENOVO\PycharmProjects\coach_me\coach_me\bookings\views.py changed, reloading.
INFO 2023-08-10 17:03:35,748 autoreload C:\Users\LENOVO\PycharmProjects\coach_me\coach_me\bookings\views.py changed, reloading.
INFO 2023-08-10 17:03:35,770 autoreload C:\Users\LENOVO\PycharmProjects\coach_me\coach_me\bookings\views.py changed, reloading.
INFO 2023-08-10 17:03:35,796 autoreload C:\Users\LENOVO\PycharmProjects\coach_me\coach_me\bookings\views.py changed, reloading.
INFO 2023-08-10 17:03:37,081 autoreload Watching for file changes with StatReloader
INFO 2023-08-10 17:03:37,427 autoreload Watching for file changes with StatReloader
INFO 2023-08-10 17:03:37,445 autoreload Watching for file changes with StatReloader
INFO 2023-08-10 17:03:37,503 autoreload Watching for file changes with StatReloader
WARNING 2023-08-10 17:03:41,043 base Session data corrupted
INFO 2023-08-10 17:03:41,064 basehttp "GET /auth/logout/ HTTP/1.1" 302 0
INFO 2023-08-10 17:03:41,185 basehttp "GET / HTTP/1.1" 200 7089
INFO 2023-08-10 17:03:43,025 basehttp "GET /auth/login/ HTTP/1.1" 200 3983
INFO 2023-08-10 17:03:43,908 basehttp "GET /static/images/login.jpg HTTP/1.1" 200 291543
INFO 2023-08-10 17:03:47,730 basehttp "POST /auth/login/ HTTP/1.1" 302 0
INFO 2023-08-10 17:03:47,813 basehttp "GET / HTTP/1.1" 200 8707
INFO 2023-08-10 17:03:49,296 basehttp "GET /booking/add/ HTTP/1.1" 200 16301
INFO 2023-08-10 17:04:07,647 basehttp "POST /booking/add/ HTTP/1.1" 302 0
INFO 2023-08-10 17:04:07,887 basehttp "GET /profile/9/dashboard/ HTTP/1.1" 200 41042
INFO 2023-08-10 17:09:39,879 autoreload C:\Users\LENOVO\PycharmProjects\coach_me\coach_me\bookings\views.py changed, reloading.
INFO 2023-08-10 17:09:39,892 autoreload C:\Users\LENOVO\PycharmProjects\coach_me\coach_me\accounts\signals.py changed, reloading.
INFO 2023-08-10 17:09:39,893 autoreload C:\Users\LENOVO\PycharmProjects\coach_me\coach_me\accounts\signals.py changed, reloading.
INFO 2023-08-10 17:09:39,915 autoreload C:\Users\LENOVO\PycharmProjects\coach_me\coach_me\bookings\views.py changed, reloading.
INFO 2023-08-10 17:09:41,189 autoreload Watching for file changes with StatReloader
INFO 2023-08-10 17:09:41,260 autoreload Watching for file changes with StatReloader
INFO 2023-08-10 17:09:41,284 autoreload Watching for file changes with StatReloader
INFO 2023-08-10 17:13:00,814 autoreload C:\Users\LENOVO\PycharmProjects\coach_me\coach_me\accounts\signals.py changed, reloading.
INFO 2023-08-10 17:13:00,840 autoreload C:\Users\LENOVO\PycharmProjects\coach_me\coach_me\accounts\signals.py changed, reloading.
INFO 2023-08-10 17:13:00,843 autoreload C:\Users\LENOVO\PycharmProjects\coach_me\coach_me\accounts\signals.py changed, reloading.
INFO 2023-08-10 17:13:00,890 autoreload C:\Users\LENOVO\PycharmProjects\coach_me\coach_me\accounts\signals.py changed, reloading.
INFO 2023-08-10 17:13:02,083 autoreload Watching for file changes with StatReloader
INFO 2023-08-10 17:13:02,093 autoreload Watching for file changes with StatReloader
INFO 2023-08-10 17:13:02,124 autoreload Watching for file changes with StatReloader
INFO 2023-08-10 17:13:02,209 autoreload Watching for file changes with StatReloader
WARNING 2023-08-10 17:13:03,649 base Session data corrupted
INFO 2023-08-10 17:13:03,665 basehttp "GET /booking/58/edit/ HTTP/1.1" 302 0
INFO 2023-08-10 17:13:03,704 basehttp "GET /auth/login/?next=/booking/58/edit/ HTTP/1.1" 200 4000
WARNING 2023-08-10 17:13:06,462 base Session data corrupted
INFO 2023-08-10 17:13:06,538 basehttp "POST /auth/login/ HTTP/1.1" 302 0
INFO 2023-08-10 17:13:06,684 basehttp "GET /booking/58/edit/ HTTP/1.1" 200 17370
INFO 2023-08-10 17:13:07,624 basehttp "GET /static/css/styles.css HTTP/1.1" 200 586
INFO 2023-08-10 17:13:16,853 basehttp "POST /booking/58/edit/ HTTP/1.1" 302 0
INFO 2023-08-10 17:13:17,059 basehttp "GET /profile/9/dashboard/ HTTP/1.1" 200 41042
INFO 2023-08-10 17:14:47,607 autoreload C:\Users\LENOVO\PycharmProjects\coach_me\coach_me\accounts\signals.py changed, reloading.
INFO 2023-08-10 17:14:47,628 autoreload C:\Users\LENOVO\PycharmProjects\coach_me\coach_me\accounts\signals.py changed, reloading.
INFO 2023-08-10 17:14:47,641 autoreload C:\Users\LENOVO\PycharmProjects\coach_me\coach_me\accounts\signals.py changed, reloading.
INFO 2023-08-10 17:14:47,699 autoreload C:\Users\LENOVO\PycharmProjects\coach_me\coach_me\accounts\signals.py changed, reloading.
INFO 2023-08-10 17:14:48,822 autoreload Watching for file changes with StatReloader
INFO 2023-08-10 17:14:48,859 autoreload Watching for file changes with StatReloader
INFO 2023-08-10 17:14:48,909 autoreload Watching for file changes with StatReloader
INFO 2023-08-10 17:14:48,952 autoreload Watching for file changes with StatReloader
INFO 2023-08-10 17:15:25,954 autoreload C:\Users\LENOVO\PycharmProjects\coach_me\coach_me\accounts\signals.py changed, reloading.
INFO 2023-08-10 17:15:25,977 autoreload C:\Users\LENOVO\PycharmProjects\coach_me\coach_me\accounts\signals.py changed, reloading.
INFO 2023-08-10 17:15:25,982 autoreload C:\Users\LENOVO\PycharmProjects\coach_me\coach_me\accounts\signals.py changed, reloading.
INFO 2023-08-10 17:15:26,151 autoreload C:\Users\LENOVO\PycharmProjects\coach_me\coach_me\accounts\signals.py changed, reloading.
INFO 2023-08-10 17:15:27,063 autoreload Watching for file changes with StatReloader
INFO 2023-08-10 17:15:27,089 autoreload Watching for file changes with StatReloader
INFO 2023-08-10 17:15:27,148 autoreload Watching for file changes with StatReloader
INFO 2023-08-10 17:15:27,248 autoreload Watching for file changes with StatReloader
INFO 2023-08-10 17:15:34,533 basehttp "GET /auth/login/ HTTP/1.1" 200 3983
INFO 2023-08-10 17:15:38,259 basehttp "POST /auth/login/ HTTP/1.1" 302 0
INFO 2023-08-10 17:15:38,332 basehttp "GET / HTTP/1.1" 200 8707
INFO 2023-08-10 17:15:39,862 basehttp "GET /booking/add/ HTTP/1.1" 200 16301
INFO 2023-08-10 17:15:58,325 basehttp "POST /booking/add/ HTTP/1.1" 302 0
INFO 2023-08-10 17:15:58,600 basehttp "GET /profile/9/dashboard/ HTTP/1.1" 200 43461
INFO 2023-08-10 17:16:49,550 autoreload C:\Users\LENOVO\PycharmProjects\coach_me\coach_me\accounts\signals.py changed, reloading.
INFO 2023-08-10 17:16:49,551 autoreload C:\Users\LENOVO\PycharmProjects\coach_me\coach_me\accounts\signals.py changed, reloading.
INFO 2023-08-10 17:16:49,556 autoreload C:\Users\LENOVO\PycharmProjects\coach_me\coach_me\accounts\signals.py changed, reloading.
INFO 2023-08-10 17:16:49,573 autoreload C:\Users\LENOVO\PycharmProjects\coach_me\coach_me\accounts\signals.py changed, reloading.
INFO 2023-08-10 17:16:50,744 autoreload Watching for file changes with StatReloader
INFO 2023-08-10 17:16:50,763 autoreload Watching for file changes with StatReloader
INFO 2023-08-10 17:16:50,764 autoreload Watching for file changes with StatReloader
INFO 2023-08-10 17:16:50,826 autoreload Watching for file changes with StatReloader
INFO 2023-08-10 17:16:51,458 basehttp "GET /booking/add/ HTTP/1.1" 200 16301
INFO 2023-08-10 17:17:12,382 basehttp "POST /booking/add/ HTTP/1.1" 302 0
INFO 2023-08-10 17:17:12,556 basehttp "GET /profile/9/dashboard/ HTTP/1.1" 200 45881
INFO 2023-08-10 17:18:23,201 autoreload C:\Users\LENOVO\PycharmProjects\coach_me\coach_me\accounts\signals.py changed, reloading.
INFO 2023-08-10 17:18:23,202 autoreload C:\Users\LENOVO\PycharmProjects\coach_me\coach_me\accounts\signals.py changed, reloading.
INFO 2023-08-10 17:18:23,214 autoreload C:\Users\LENOVO\PycharmProjects\coach_me\coach_me\accounts\signals.py changed, reloading.
INFO 2023-08-10 17:18:23,948 autoreload C:\Users\LENOVO\PycharmProjects\coach_me\coach_me\accounts\signals.py changed, reloading.
INFO 2023-08-10 17:18:24,372 autoreload Watching for file changes with StatReloader
INFO 2023-08-10 17:18:24,407 autoreload Watching for file changes with StatReloader
INFO 2023-08-10 17:18:24,436 autoreload Watching for file changes with StatReloader
INFO 2023-08-10 17:18:25,035 autoreload Watching for file changes with StatReloader
INFO 2023-08-10 17:18:25,669 basehttp "GET /booking/9/details/ HTTP/1.1" 200 9428
INFO 2023-08-10 17:18:31,179 basehttp "GET /booking/58/edit/ HTTP/1.1" 200 17370
INFO 2023-08-10 17:18:48,526 basehttp "POST /booking/58/edit/ HTTP/1.1" 302 0
INFO 2023-08-10 17:18:48,727 basehttp "GET /profile/9/dashboard/ HTTP/1.1" 200 45876
INFO 2023-08-10 17:21:47,322 autoreload C:\Users\LENOVO\PycharmProjects\coach_me\coach_me\settings.py changed, reloading.
INFO 2023-08-10 17:21:47,391 autoreload C:\Users\LENOVO\PycharmProjects\coach_me\coach_me\settings.py changed, reloading.
INFO 2023-08-10 17:21:47,701 autoreload C:\Users\LENOVO\PycharmProjects\coach_me\coach_me\settings.py changed, reloading.
INFO 2023-08-10 17:21:47,735 autoreload C:\Users\LENOVO\PycharmProjects\coach_me\coach_me\settings.py changed, reloading.
INFO 2023-08-10 17:21:48,587 autoreload Watching for file changes with StatReloader
INFO 2023-08-10 17:21:48,602 autoreload Watching for file changes with StatReloader
INFO 2023-08-10 17:21:48,878 autoreload Watching for file changes with StatReloader
INFO 2023-08-10 17:21:48,949 autoreload Watching for file changes with StatReloader
INFO 2023-08-10 17:21:51,236 basehttp "GET /booking/60/edit/ HTTP/1.1" 200 17367
INFO 2023-08-10 17:22:01,143 basehttp "POST /booking/60/edit/ HTTP/1.1" 302 0
INFO 2023-08-10 17:22:01,310 basehttp "GET /profile/9/dashboard/ HTTP/1.1" 200 45876
INFO 2023-08-10 17:33:09,383 basehttp "GET / HTTP/1.1" 200 8707
INFO 2023-08-10 17:33:12,480 basehttp "GET /profile/9/dashboard/ HTTP/1.1" 200 45876
INFO 2023-08-10 21:24:38,531 basehttp "GET / HTTP/1.1" 200 8707
INFO 2023-08-10 21:30:46,493 autoreload C:\Users\LENOVO\PycharmProjects\coach_me\coach_me\profiles\views.py changed, reloading.
INFO 2023-08-10 21:30:46,455 autoreload C:\Users\LENOVO\PycharmProjects\coach_me\coach_me\profiles\views.py changed, reloading.
INFO 2023-08-10 21:30:46,662 autoreload C:\Users\LENOVO\PycharmProjects\coach_me\coach_me\profiles\views.py changed, reloading.
INFO 2023-08-10 21:30:46,813 autoreload C:\Users\LENOVO\PycharmProjects\coach_me\coach_me\profiles\views.py changed, reloading.
INFO 2023-08-10 21:30:50,134 autoreload Watching for file changes with StatReloader
INFO 2023-08-10 21:30:50,890 autoreload Watching for file changes with StatReloader
INFO 2023-08-10 21:30:50,890 autoreload Watching for file changes with StatReloader
INFO 2023-08-10 21:30:50,994 basehttp "GET /profile/9/dashboard/ HTTP/1.1" 200 45876
INFO 2023-08-10 21:32:46,819 basehttp "GET /profile/9/dashboard/ HTTP/1.1" 200 45869
INFO 2023-08-10 21:32:48,659 basehttp "GET /static/images/profile-blue-default.png HTTP/1.1" 200 11944
INFO 2023-08-10 21:32:48,661 basehttp "GET /static/images/edit-icon.png HTTP/1.1" 200 23594
INFO 2023-08-10 21:32:48,665 basehttp "GET /static/images/logo.png HTTP/1.1" 200 18159
INFO 2023-08-10 21:32:48,668 basehttp "GET /static/images/delete-booking-icon.png HTTP/1.1" 200 65467
INFO 2023-08-10 21:32:48,671 basehttp "GET /static/images/na.png HTTP/1.1" 200 65500
INFO 2023-08-10 21:32:48,674 basehttp "GET /static/images/eye.png HTTP/1.1" 200 13209
INFO 2023-08-10 21:32:48,696 basehttp "GET /static/images/favicon.png HTTP/1.1" 200 94768
INFO 2023-08-10 21:32:48,783 basehttp "GET /profile/9/dashboard/ HTTP/1.1" 200 45869
INFO 2023-08-10 21:32:48,843 basehttp "GET /static/images/logo.png HTTP/1.1" 200 18159
INFO 2023-08-10 21:32:48,857 basehttp "GET /static/images/profile-blue-default.png HTTP/1.1" 200 11944
INFO 2023-08-10 21:32:48,858 basehttp "GET /static/images/eye.png HTTP/1.1" 200 13209
INFO 2023-08-10 21:32:48,859 basehttp "GET /static/images/edit-icon.png HTTP/1.1" 200 23594
INFO 2023-08-10 21:32:48,861 basehttp "GET /static/images/na.png HTTP/1.1" 200 65500
INFO 2023-08-10 21:32:48,861 basehttp "GET /static/images/delete-booking-icon.png HTTP/1.1" 200 65467
INFO 2023-08-10 21:32:49,672 basehttp "GET /profile/9/dashboard/ HTTP/1.1" 200 45869
INFO 2023-08-10 21:32:49,740 basehttp "GET /static/images/logo.png HTTP/1.1" 200 18159
INFO 2023-08-10 21:32:49,748 basehttp "GET /static/images/profile-blue-default.png HTTP/1.1" 200 11944
INFO 2023-08-10 21:32:49,756 basehttp "GET /static/images/eye.png HTTP/1.1" 200 13209
INFO 2023-08-10 21:32:49,757 basehttp "GET /static/images/edit-icon.png HTTP/1.1" 200 23594
INFO 2023-08-10 21:32:49,759 basehttp "GET /static/images/na.png HTTP/1.1" 200 65500
INFO 2023-08-10 21:32:49,759 basehttp "GET /static/images/delete-booking-icon.png HTTP/1.1" 200 65467
INFO 2023-08-10 21:32:49,811 basehttp "GET /static/images/favicon.png HTTP/1.1" 200 94768
INFO 2023-08-10 21:33:05,412 basehttp "GET /profile/9/dashboard/ HTTP/1.1" 200 45869
INFO 2023-08-10 21:33:05,487 basehttp "GET /static/images/logo.png HTTP/1.1" 200 18159
INFO 2023-08-10 21:33:05,502 basehttp "GET /static/images/edit-icon.png HTTP/1.1" 200 23594
INFO 2023-08-10 21:33:05,502 basehttp "GET /static/images/profile-blue-default.png HTTP/1.1" 200 11944
INFO 2023-08-10 21:33:05,503 basehttp "GET /static/images/eye.png HTTP/1.1" 200 13209
INFO 2023-08-10 21:33:05,505 basehttp "GET /static/images/delete-booking-icon.png HTTP/1.1" 200 65467
INFO 2023-08-10 21:33:05,505 basehttp "GET /static/images/na.png HTTP/1.1" 200 65500
INFO 2023-08-10 21:33:05,543 basehttp "GET /static/images/favicon.png HTTP/1.1" 200 94768
INFO 2023-08-10 21:33:06,101 basehttp "GET /profile/9/dashboard/ HTTP/1.1" 200 45866
INFO 2023-08-10 21:33:06,187 basehttp "GET /static/images/logo.png HTTP/1.1" 200 18159
INFO 2023-08-10 21:33:06,201 basehttp "GET /static/images/profile-blue-default.png HTTP/1.1" 200 11944
INFO 2023-08-10 21:33:06,202 basehttp "GET /static/images/eye.png HTTP/1.1" 200 13209
INFO 2023-08-10 21:33:06,202 basehttp "GET /static/images/edit-icon.png HTTP/1.1" 200 23594
INFO 2023-08-10 21:33:06,203 basehttp "GET /static/images/na.png HTTP/1.1" 200 65500
INFO 2023-08-10 21:33:06,204 basehttp "GET /static/images/delete-booking-icon.png HTTP/1.1" 200 65467
INFO 2023-08-10 21:33:06,235 basehttp "GET /static/images/favicon.png HTTP/1.1" 200 94768
INFO 2023-08-10 21:33:06,551 basehttp "GET /profile/9/dashboard/ HTTP/1.1" 200 45866
INFO 2023-08-10 21:33:06,621 basehttp "GET /static/images/logo.png HTTP/1.1" 200 18159
INFO 2023-08-10 21:33:06,636 basehttp "GET /static/images/profile-blue-default.png HTTP/1.1" 200 11944
INFO 2023-08-10 21:33:06,637 basehttp "GET /static/images/eye.png HTTP/1.1" 200 13209
INFO 2023-08-10 21:33:06,638 basehttp "GET /static/images/edit-icon.png HTTP/1.1" 200 23594
INFO 2023-08-10 21:33:06,639 basehttp "GET /static/images/delete-booking-icon.png HTTP/1.1" 200 65467
INFO 2023-08-10 21:33:06,640 basehttp "GET /static/images/na.png HTTP/1.1" 200 65500
INFO 2023-08-10 21:33:06,685 basehttp "GET /static/images/favicon.png HTTP/1.1" 200 94768
INFO 2023-08-10 21:33:24,437 basehttp "GET /profile/9/dashboard/ HTTP/1.1" 200 45866
INFO 2023-08-10 21:33:24,518 basehttp "GET /static/images/logo.png HTTP/1.1" 200 18159
INFO 2023-08-10 21:33:24,529 basehttp "GET /static/images/profile-blue-default.png HTTP/1.1" 200 11944
INFO 2023-08-10 21:33:24,530 basehttp "GET /static/images/eye.png HTTP/1.1" 200 13209
INFO 2023-08-10 21:33:24,531 basehttp "GET /static/images/edit-icon.png HTTP/1.1" 200 23594
INFO 2023-08-10 21:33:24,532 basehttp "GET /static/images/na.png HTTP/1.1" 200 65500
INFO 2023-08-10 21:33:24,532 basehttp "GET /static/images/delete-booking-icon.png HTTP/1.1" 200 65467
INFO 2023-08-10 21:33:24,570 basehttp "GET /static/images/favicon.png HTTP/1.1" 200 94768
INFO 2023-08-10 21:33:25,159 basehttp "GET /profile/9/dashboard/ HTTP/1.1" 200 45873
INFO 2023-08-10 21:33:25,219 basehttp "GET /static/images/logo.png HTTP/1.1" 200 18159
INFO 2023-08-10 21:33:25,233 basehttp "GET /static/images/eye.png HTTP/1.1" 200 13209
INFO 2023-08-10 21:33:25,233 basehttp "GET /static/images/profile-blue-default.png HTTP/1.1" 200 11944
INFO 2023-08-10 21:33:25,234 basehttp "GET /static/images/edit-icon.png HTTP/1.1" 200 23594
INFO 2023-08-10 21:33:25,236 basehttp "GET /static/images/delete-booking-icon.png HTTP/1.1" 200 65467
INFO 2023-08-10 21:33:25,236 basehttp "GET /static/images/na.png HTTP/1.1" 200 65500
INFO 2023-08-10 21:33:25,271 basehttp "GET /static/images/favicon.png HTTP/1.1" 200 94768
INFO 2023-08-10 21:33:26,292 basehttp "GET /profile/9/dashboard/ HTTP/1.1" 200 45873
INFO 2023-08-10 21:33:26,372 basehttp "GET /static/images/logo.png HTTP/1.1" 200 18159
INFO 2023-08-10 21:33:26,387 basehttp "GET /static/images/profile-blue-default.png HTTP/1.1" 200 11944
INFO 2023-08-10 21:33:26,388 basehttp "GET /static/images/eye.png HTTP/1.1" 200 13209
INFO 2023-08-10 21:33:26,389 basehttp "GET /static/images/edit-icon.png HTTP/1.1" 200 23594
INFO 2023-08-10 21:33:26,390 basehttp "GET /static/images/na.png HTTP/1.1" 200 65500
INFO 2023-08-10 21:33:26,391 basehttp "GET /static/images/delete-booking-icon.png HTTP/1.1" 200 65467
INFO 2023-08-10 21:33:26,546 basehttp "GET /static/images/favicon.png HTTP/1.1" 200 94768
INFO 2023-08-10 21:34:46,809 basehttp "GET /profile/9/dashboard/ HTTP/1.1" 200 45878
INFO 2023-08-10 21:34:46,883 basehttp "GET /static/images/logo.png HTTP/1.1" 200 18159
INFO 2023-08-10 21:34:46,890 basehttp "GET /static/images/profile-blue-default.png HTTP/1.1" 200 11944
INFO 2023-08-10 21:34:46,890 basehttp "GET /static/images/eye.png HTTP/1.1" 200 13209
INFO 2023-08-10 21:34:46,895 basehttp "GET /static/images/edit-icon.png HTTP/1.1" 200 23594
INFO 2023-08-10 21:34:46,897 basehttp "GET /static/images/delete-booking-icon.png HTTP/1.1" 200 65467
INFO 2023-08-10 21:34:46,898 basehttp "GET /static/images/na.png HTTP/1.1" 200 65500
INFO 2023-08-10 21:34:46,950 basehttp "GET /static/images/favicon.png HTTP/1.1" 200 94768
INFO 2023-08-10 21:34:48,163 basehttp "GET /profile/9/dashboard/ HTTP/1.1" 200 45878
INFO 2023-08-10 21:34:48,226 basehttp "GET /static/images/logo.png HTTP/1.1" 200 18159
INFO 2023-08-10 21:34:48,232 basehttp "GET /static/images/profile-blue-default.png HTTP/1.1" 200 11944
INFO 2023-08-10 21:34:48,234 basehttp "GET /static/images/eye.png HTTP/1.1" 200 13209
INFO 2023-08-10 21:34:48,235 basehttp "GET /static/images/edit-icon.png HTTP/1.1" 200 23594
INFO 2023-08-10 21:34:48,236 basehttp "GET /static/images/na.png HTTP/1.1" 200 65500
INFO 2023-08-10 21:34:48,238 basehttp "GET /static/images/delete-booking-icon.png HTTP/1.1" 200 65467
INFO 2023-08-10 21:34:48,275 basehttp "GET /static/images/favicon.png HTTP/1.1" 200 94768
INFO 2023-08-10 21:35:00,393 basehttp "GET /profile/9/dashboard/ HTTP/1.1" 200 45878
INFO 2023-08-10 21:35:00,455 basehttp "GET /static/images/logo.png HTTP/1.1" 200 18159
INFO 2023-08-10 21:35:00,469 basehttp "GET /static/images/edit-icon.png HTTP/1.1" 200 23594
INFO 2023-08-10 21:35:00,469 basehttp "GET /static/images/eye.png HTTP/1.1" 200 13209
INFO 2023-08-10 21:35:00,470 basehttp "GET /static/images/profile-blue-default.png HTTP/1.1" 200 11944
INFO 2023-08-10 21:35:00,471 basehttp "GET /static/images/na.png HTTP/1.1" 200 65500
INFO 2023-08-10 21:35:00,472 basehttp "GET /static/images/delete-booking-icon.png HTTP/1.1" 200 65467
INFO 2023-08-10 21:35:00,645 basehttp "GET /static/images/favicon.png HTTP/1.1" 200 94768
INFO 2023-08-10 21:35:01,073 basehttp "GET /profile/9/dashboard/ HTTP/1.1" 200 45878
INFO 2023-08-10 21:35:01,136 basehttp "GET /static/images/logo.png HTTP/1.1" 200 18159
INFO 2023-08-10 21:35:01,155 basehttp "GET /static/images/profile-blue-default.png HTTP/1.1" 200 11944
INFO 2023-08-10 21:35:01,156 basehttp "GET /static/images/edit-icon.png HTTP/1.1" 200 23594
INFO 2023-08-10 21:35:01,157 basehttp "GET /static/images/eye.png HTTP/1.1" 200 13209
INFO 2023-08-10 21:35:01,159 basehttp "GET /static/images/na.png HTTP/1.1" 200 65500
INFO 2023-08-10 21:35:01,159 basehttp "GET /static/images/delete-booking-icon.png HTTP/1.1" 200 65467
INFO 2023-08-10 21:35:01,203 basehttp "GET /static/images/favicon.png HTTP/1.1" 200 94768
INFO 2023-08-10 21:35:01,558 basehttp "GET /profile/9/dashboard/ HTTP/1.1" 200 45878
INFO 2023-08-10 21:35:01,620 basehttp "GET /static/images/logo.png HTTP/1.1" 200 18159
INFO 2023-08-10 21:35:01,627 basehttp "GET /static/images/profile-blue-default.png HTTP/1.1" 200 11944
INFO 2023-08-10 21:35:01,634 basehttp "GET /static/images/edit-icon.png HTTP/1.1" 200 23594
INFO 2023-08-10 21:35:01,634 basehttp "GET /static/images/eye.png HTTP/1.1" 200 13209
INFO 2023-08-10 21:35:01,636 basehttp "GET /static/images/na.png HTTP/1.1" 200 65500
INFO 2023-08-10 21:35:01,637 basehttp "GET /static/images/delete-booking-icon.png HTTP/1.1" 200 65467
INFO 2023-08-10 21:35:01,691 basehttp "GET /static/images/favicon.png HTTP/1.1" 200 94768
INFO 2023-08-10 21:35:01,818 basehttp "GET /profile/9/dashboard/ HTTP/1.1" 200 45878
INFO 2023-08-10 21:35:01,895 basehttp "GET /static/images/logo.png HTTP/1.1" 200 18159
INFO 2023-08-10 21:35:01,908 basehttp "GET /static/images/profile-blue-default.png HTTP/1.1" 200 11944
INFO 2023-08-10 21:35:01,909 basehttp "GET /static/images/eye.png HTTP/1.1" 200 13209
INFO 2023-08-10 21:35:01,911 basehttp "GET /static/images/edit-icon.png HTTP/1.1" 200 23594
INFO 2023-08-10 21:35:01,912 basehttp "GET /static/images/delete-booking-icon.png HTTP/1.1" 200 65467
INFO 2023-08-10 21:35:01,912 basehttp "GET /static/images/na.png HTTP/1.1" 200 65500
INFO 2023-08-10 21:35:02,660 basehttp "GET /profile/9/dashboard/ HTTP/1.1" 200 45878
INFO 2023-08-10 21:35:02,719 basehttp "GET /static/images/logo.png HTTP/1.1" 200 18159
INFO 2023-08-10 21:35:02,731 basehttp "GET /static/images/profile-blue-default.png HTTP/1.1" 200 11944
INFO 2023-08-10 21:35:02,733 basehttp "GET /static/images/edit-icon.png HTTP/1.1" 200 23594
INFO 2023-08-10 21:35:02,734 basehttp "GET /static/images/eye.png HTTP/1.1" 200 13209
INFO 2023-08-10 21:35:02,735 basehttp "GET /static/images/delete-booking-icon.png HTTP/1.1" 200 65467
INFO 2023-08-10 21:35:02,735 basehttp "GET /static/images/na.png HTTP/1.1" 200 65500
INFO 2023-08-10 21:35:02,775 basehttp "GET /static/images/favicon.png HTTP/1.1" 200 94768
INFO 2023-08-10 21:35:03,567 basehttp "GET /profile/9/dashboard/ HTTP/1.1" 200 45878
INFO 2023-08-10 21:35:03,634 basehttp "GET /static/images/logo.png HTTP/1.1" 200 18159
INFO 2023-08-10 21:35:03,647 basehttp "GET /static/images/profile-blue-default.png HTTP/1.1" 200 11944
INFO 2023-08-10 21:35:03,648 basehttp "GET /static/images/eye.png HTTP/1.1" 200 13209
INFO 2023-08-10 21:35:03,649 basehttp "GET /static/images/edit-icon.png HTTP/1.1" 200 23594
INFO 2023-08-10 21:35:03,651 basehttp "GET /static/images/na.png HTTP/1.1" 200 65500
INFO 2023-08-10 21:35:03,651 basehttp "GET /static/images/delete-booking-icon.png HTTP/1.1" 200 65467
INFO 2023-08-10 21:35:03,689 basehttp "GET /static/images/favicon.png HTTP/1.1" 200 94768
INFO 2023-08-10 21:45:02,613 basehttp "GET /profile/9/dashboard/ HTTP/1.1" 200 45883
INFO 2023-08-10 21:45:02,734 basehttp "GET /static/images/logo.png HTTP/1.1" 200 18159
INFO 2023-08-10 21:45:02,745 basehttp "GET /static/images/profile-blue-default.png HTTP/1.1" 200 11944
INFO 2023-08-10 21:45:02,757 basehttp "GET /static/images/eye.png HTTP/1.1" 200 13209
INFO 2023-08-10 21:45:02,758 basehttp "GET /static/images/edit-icon.png HTTP/1.1" 200 23594
INFO 2023-08-10 21:45:02,760 basehttp "GET /static/images/delete-booking-icon.png HTTP/1.1" 200 65467
INFO 2023-08-10 21:45:02,760 basehttp "GET /static/images/na.png HTTP/1.1" 200 65500
INFO 2023-08-10 21:45:02,794 basehttp "GET /static/images/favicon.png HTTP/1.1" 200 94768
INFO 2023-08-10 21:45:04,498 basehttp "GET /profile/9/dashboard/ HTTP/1.1" 200 45883
INFO 2023-08-10 21:45:04,572 basehttp "GET /static/images/logo.png HTTP/1.1" 200 18159
INFO 2023-08-10 21:45:04,584 basehttp "GET /static/images/profile-blue-default.png HTTP/1.1" 200 11944
INFO 2023-08-10 21:45:04,587 basehttp "GET /static/images/eye.png HTTP/1.1" 200 13209
INFO 2023-08-10 21:45:04,588 basehttp "GET /static/images/edit-icon.png HTTP/1.1" 200 23594
INFO 2023-08-10 21:45:04,588 basehttp "GET /static/images/delete-booking-icon.png HTTP/1.1" 200 65467
INFO 2023-08-10 21:45:04,589 basehttp "GET /static/images/na.png HTTP/1.1" 200 65500
INFO 2023-08-10 21:45:04,629 basehttp "GET /static/images/favicon.png HTTP/1.1" 200 94768
INFO 2023-08-10 21:45:05,285 basehttp "GET /profile/9/dashboard/ HTTP/1.1" 200 45883
INFO 2023-08-10 21:45:05,358 basehttp "GET /static/images/logo.png HTTP/1.1" 200 18159
INFO 2023-08-10 21:45:05,374 basehttp "GET /static/images/profile-blue-default.png HTTP/1.1" 200 11944
INFO 2023-08-10 21:45:05,376 basehttp "GET /static/images/edit-icon.png HTTP/1.1" 200 23594
INFO 2023-08-10 21:45:05,376 basehttp "GET /static/images/eye.png HTTP/1.1" 200 13209
INFO 2023-08-10 21:45:05,377 basehttp "GET /static/images/delete-booking-icon.png HTTP/1.1" 200 65467
INFO 2023-08-10 21:45:05,377 basehttp "GET /static/images/na.png HTTP/1.1" 200 65500
INFO 2023-08-10 21:45:05,418 basehttp "GET /static/images/favicon.png HTTP/1.1" 200 94768
INFO 2023-08-10 21:45:09,275 basehttp "GET /profile/9/dashboard/ HTTP/1.1" 200 45883
INFO 2023-08-10 21:45:09,343 basehttp "GET /static/images/logo.png HTTP/1.1" 200 18159
INFO 2023-08-10 21:45:09,357 basehttp "GET /static/images/eye.png HTTP/1.1" 200 13209
INFO 2023-08-10 21:45:09,358 basehttp "GET /static/images/profile-blue-default.png HTTP/1.1" 200 11944
INFO 2023-08-10 21:45:09,358 basehttp "GET /static/images/edit-icon.png HTTP/1.1" 200 23594
INFO 2023-08-10 21:45:09,359 basehttp "GET /static/images/na.png HTTP/1.1" 200 65500
INFO 2023-08-10 21:45:09,360 basehttp "GET /static/images/delete-booking-icon.png HTTP/1.1" 200 65467
INFO 2023-08-10 21:45:09,397 basehttp "GET /static/images/favicon.png HTTP/1.1" 200 94768
INFO 2023-08-10 21:45:09,827 basehttp "GET /profile/9/dashboard/ HTTP/1.1" 200 45883
INFO 2023-08-10 21:45:09,895 basehttp "GET /static/images/logo.png HTTP/1.1" 200 18159
INFO 2023-08-10 21:45:09,906 basehttp "GET /static/images/profile-blue-default.png HTTP/1.1" 200 11944
INFO 2023-08-10 21:45:09,909 basehttp "GET /static/images/eye.png HTTP/1.1" 200 13209
INFO 2023-08-10 21:45:09,910 basehttp "GET /static/images/edit-icon.png HTTP/1.1" 200 23594
INFO 2023-08-10 21:45:09,912 basehttp "GET /static/images/delete-booking-icon.png HTTP/1.1" 200 65467
INFO 2023-08-10 21:45:09,912 basehttp "GET /static/images/na.png HTTP/1.1" 200 65500
INFO 2023-08-10 21:45:09,949 basehttp "GET /static/images/favicon.png HTTP/1.1" 200 94768
INFO 2023-08-10 21:45:10,106 basehttp "GET /profile/9/dashboard/ HTTP/1.1" 200 45883
INFO 2023-08-10 21:45:10,175 basehttp "GET /static/images/logo.png HTTP/1.1" 200 18159
INFO 2023-08-10 21:45:10,183 basehttp "GET /static/images/profile-blue-default.png HTTP/1.1" 200 11944
INFO 2023-08-10 21:45:10,183 basehttp "GET /static/images/edit-icon.png HTTP/1.1" 200 23594
INFO 2023-08-10 21:45:10,184 basehttp "GET /static/images/eye.png HTTP/1.1" 200 13209
INFO 2023-08-10 21:45:10,185 basehttp "GET /static/images/delete-booking-icon.png HTTP/1.1" 200 65467
INFO 2023-08-10 21:45:10,186 basehttp "GET /static/images/na.png HTTP/1.1" 200 65500
INFO 2023-08-10 21:45:10,226 basehttp "GET /static/images/favicon.png HTTP/1.1" 200 94768
INFO 2023-08-10 21:45:10,380 basehttp "GET /profile/9/dashboard/ HTTP/1.1" 200 45883
INFO 2023-08-10 21:45:10,442 basehttp "GET /static/images/logo.png HTTP/1.1" 200 18159
INFO 2023-08-10 21:45:10,457 basehttp "GET /static/images/profile-blue-default.png HTTP/1.1" 200 11944
INFO 2023-08-10 21:45:10,458 basehttp "GET /static/images/eye.png HTTP/1.1" 200 13209
INFO 2023-08-10 21:45:10,459 basehttp "GET /static/images/edit-icon.png HTTP/1.1" 200 23594
INFO 2023-08-10 21:45:10,460 basehttp "GET /static/images/delete-booking-icon.png HTTP/1.1" 200 65467
INFO 2023-08-10 21:45:10,460 basehttp "GET /static/images/na.png HTTP/1.1" 200 65500
INFO 2023-08-10 21:45:10,508 basehttp "GET /static/images/favicon.png HTTP/1.1" 200 94768
INFO 2023-08-10 21:45:10,599 basehttp "GET /profile/9/dashboard/ HTTP/1.1" 200 45883
INFO 2023-08-10 21:45:10,660 basehttp "GET /static/images/logo.png HTTP/1.1" 200 18159
INFO 2023-08-10 21:45:10,673 basehttp "GET /static/images/profile-blue-default.png HTTP/1.1" 200 11944
INFO 2023-08-10 21:45:10,675 basehttp "GET /static/images/edit-icon.png HTTP/1.1" 200 23594
INFO 2023-08-10 21:45:10,676 basehttp "GET /static/images/eye.png HTTP/1.1" 200 13209
INFO 2023-08-10 21:45:10,677 basehttp "GET /static/images/delete-booking-icon.png HTTP/1.1" 200 65467
INFO 2023-08-10 21:45:10,677 basehttp "GET /static/images/na.png HTTP/1.1" 200 65500
INFO 2023-08-10 21:49:31,022 basehttp "GET /profile/9/dashboard/ HTTP/1.1" 200 45837
INFO 2023-08-10 21:49:35,421 basehttp "GET /profile/9/dashboard/ HTTP/1.1" 200 45837
INFO 2023-08-10 21:49:36,591 basehttp "GET /profile/9/dashboard/ HTTP/1.1" 200 45837
INFO 2023-08-10 21:49:38,574 basehttp "GET /profile/9/dashboard/ HTTP/1.1" 200 45837
INFO 2023-08-10 21:49:38,713 basehttp "GET /static/images/logo.png HTTP/1.1" 200 18159
INFO 2023-08-10 21:49:38,716 basehttp "GET /static/images/profile-blue-default.png HTTP/1.1" 200 11944
INFO 2023-08-10 21:49:38,724 basehttp "GET /static/images/eye.png HTTP/1.1" 200 13209
INFO 2023-08-10 21:49:38,725 basehttp "GET /static/images/edit-icon.png HTTP/1.1" 200 23594
INFO 2023-08-10 21:49:38,726 basehttp "GET /static/images/na.png HTTP/1.1" 200 65500
INFO 2023-08-10 21:49:38,726 basehttp "GET /static/images/delete-booking-icon.png HTTP/1.1" 200 65467
INFO 2023-08-10 21:49:38,864 basehttp "GET /static/images/favicon.png HTTP/1.1" 200 94768
INFO 2023-08-10 21:49:39,054 basehttp "GET /profile/9/dashboard/ HTTP/1.1" 200 45837
INFO 2023-08-10 21:49:39,209 basehttp "GET /static/images/profile-blue-default.png HTTP/1.1" 200 11944
INFO 2023-08-10 21:49:39,209 basehttp "GET /static/images/logo.png HTTP/1.1" 200 18159
INFO 2023-08-10 21:49:39,211 basehttp "GET /static/images/edit-icon.png HTTP/1.1" 200 23594
INFO 2023-08-10 21:49:39,211 basehttp "GET /static/images/eye.png HTTP/1.1" 200 13209
INFO 2023-08-10 21:49:39,212 basehttp "GET /static/images/na.png HTTP/1.1" 200 65500
INFO 2023-08-10 21:49:39,213 basehttp "GET /static/images/delete-booking-icon.png HTTP/1.1" 200 65467
INFO 2023-08-10 21:49:39,315 basehttp "GET /static/images/favicon.png HTTP/1.1" 200 94768
INFO 2023-08-10 21:49:39,644 basehttp "GET /profile/9/dashboard/ HTTP/1.1" 200 45837
INFO 2023-08-10 21:49:39,813 basehttp "GET /static/images/profile-blue-default.png HTTP/1.1" 200 11944
INFO 2023-08-10 21:49:39,814 basehttp "GET /static/images/edit-icon.png HTTP/1.1" 200 23594
INFO 2023-08-10 21:49:39,814 basehttp "GET /static/images/eye.png HTTP/1.1" 200 13209
INFO 2023-08-10 21:49:39,815 basehttp "GET /static/images/logo.png HTTP/1.1" 200 18159
INFO 2023-08-10 21:49:39,817 basehttp "GET /static/images/na.png HTTP/1.1" 200 65500
INFO 2023-08-10 21:49:39,817 basehttp "GET /static/images/delete-booking-icon.png HTTP/1.1" 200 65467
INFO 2023-08-10 21:49:39,923 basehttp "GET /static/images/favicon.png HTTP/1.1" 200 94768
INFO 2023-08-10 21:52:12,206 autoreload C:\Users\LENOVO\PycharmProjects\coach_me\coach_me\profiles\views.py changed, reloading.
INFO 2023-08-10 21:52:12,229 autoreload C:\Users\LENOVO\PycharmProjects\coach_me\coach_me\profiles\views.py changed, reloading.
INFO 2023-08-10 21:52:12,253 autoreload C:\Users\LENOVO\PycharmProjects\coach_me\coach_me\profiles\views.py changed, reloading.
INFO 2023-08-10 21:52:12,287 autoreload C:\Users\LENOVO\PycharmProjects\coach_me\coach_me\profiles\views.py changed, reloading.
INFO 2023-08-10 21:52:13,523 autoreload Watching for file changes with StatReloader
INFO 2023-08-10 21:52:13,538 autoreload Watching for file changes with StatReloader
INFO 2023-08-10 21:52:13,559 autoreload Watching for file changes with StatReloader
INFO 2023-08-10 21:52:13,599 autoreload Watching for file changes with StatReloader
INFO 2023-08-10 21:52:20,832 autoreload C:\Users\LENOVO\PycharmProjects\coach_me\coach_me\profiles\views.py changed, reloading.
INFO 2023-08-10 21:52:20,865 autoreload C:\Users\LENOVO\PycharmProjects\coach_me\coach_me\profiles\views.py changed, reloading.
INFO 2023-08-10 21:52:20,868 autoreload C:\Users\LENOVO\PycharmProjects\coach_me\coach_me\profiles\views.py changed, reloading.
INFO 2023-08-10 21:52:20,872 autoreload C:\Users\LENOVO\PycharmProjects\coach_me\coach_me\profiles\views.py changed, reloading.
INFO 2023-08-10 21:52:21,917 autoreload Watching for file changes with StatReloader
INFO 2023-08-10 21:52:21,957 autoreload Watching for file changes with StatReloader
INFO 2023-08-10 21:52:21,962 autoreload Watching for file changes with StatReloader
INFO 2023-08-10 21:52:22,029 autoreload Watching for file changes with StatReloader
INFO 2023-08-10 21:52:22,481 basehttp "GET /profile/9/dashboard/ HTTP/1.1" 200 45837
INFO 2023-08-10 21:52:24,453 basehttp "GET /static/images/edit-icon.png HTTP/1.1" 200 23594
INFO 2023-08-10 21:52:24,453 basehttp "GET /static/images/profile-blue-default.png HTTP/1.1" 200 11944
INFO 2023-08-10 21:52:24,454 basehttp "GET /static/images/logo.png HTTP/1.1" 200 18159
INFO 2023-08-10 21:52:24,456 basehttp "GET /static/images/eye.png HTTP/1.1" 200 13209
INFO 2023-08-10 21:52:24,464 basehttp "GET /static/images/na.png HTTP/1.1" 200 65500
INFO 2023-08-10 21:52:24,466 basehttp "GET /static/images/delete-booking-icon.png HTTP/1.1" 200 65467
INFO 2023-08-10 21:52:24,519 basehttp "GET /static/images/favicon.png HTTP/1.1" 200 94768
INFO 2023-08-10 21:52:24,592 basehttp "GET /profile/9/dashboard/ HTTP/1.1" 200 45837
INFO 2023-08-10 21:52:24,651 basehttp "GET /static/images/logo.png HTTP/1.1" 200 18159
INFO 2023-08-10 21:52:24,661 basehttp "GET /static/images/profile-blue-default.png HTTP/1.1" 200 11944
INFO 2023-08-10 21:52:24,662 basehttp "GET /static/images/eye.png HTTP/1.1" 200 13209
INFO 2023-08-10 21:52:24,663 basehttp "GET /static/images/edit-icon.png HTTP/1.1" 200 23594
INFO 2023-08-10 21:52:24,665 basehttp "GET /static/images/na.png HTTP/1.1" 200 65500
INFO 2023-08-10 21:52:24,665 basehttp "GET /static/images/delete-booking-icon.png HTTP/1.1" 200 65467
INFO 2023-08-10 21:53:40,524 autoreload C:\Users\LENOVO\PycharmProjects\coach_me\coach_me\profiles\views.py changed, reloading.
INFO 2023-08-10 21:53:40,954 autoreload C:\Users\LENOVO\PycharmProjects\coach_me\coach_me\profiles\views.py changed, reloading.
INFO 2023-08-10 21:53:40,954 autoreload C:\Users\LENOVO\PycharmProjects\coach_me\coach_me\profiles\views.py changed, reloading.
INFO 2023-08-10 21:53:40,994 autoreload C:\Users\LENOVO\PycharmProjects\coach_me\coach_me\profiles\views.py changed, reloading.
INFO 2023-08-10 21:53:41,851 autoreload Watching for file changes with StatReloader
INFO 2023-08-10 21:53:42,240 autoreload Watching for file changes with StatReloader
INFO 2023-08-10 21:53:42,265 autoreload Watching for file changes with StatReloader
INFO 2023-08-10 21:53:42,352 autoreload Watching for file changes with StatReloader
INFO 2023-08-10 21:53:42,525 basehttp "GET /profile/9/dashboard/ HTTP/1.1" 200 32041
INFO 2023-08-10 21:53:44,565 basehttp "GET /static/images/profile-blue-default.png HTTP/1.1" 200 11944
INFO 2023-08-10 21:53:44,566 basehttp "GET /static/images/eye.png HTTP/1.1" 200 13209
INFO 2023-08-10 21:53:44,568 basehttp "GET /static/images/logo.png HTTP/1.1" 200 18159
INFO 2023-08-10 21:53:44,569 basehttp "GET /static/images/delete-booking-icon.png HTTP/1.1" 200 65467
INFO 2023-08-10 21:53:44,570 basehttp "GET /static/images/edit-icon.png HTTP/1.1" 200 23594
INFO 2023-08-10 21:53:44,577 basehttp "GET /static/images/na.png HTTP/1.1" 200 65500
INFO 2023-08-10 21:53:44,595 basehttp "GET /static/images/favicon.png HTTP/1.1" 200 94768
INFO 2023-08-10 21:53:45,952 basehttp "GET /profile/9/dashboard/?page=2 HTTP/1.1" 200 32041
INFO 2023-08-10 21:53:49,506 basehttp "GET /profile/9/dashboard/?page=2 HTTP/1.1" 200 32041
INFO 2023-08-10 21:53:51,207 basehttp "GET /profile/9/dashboard/?page=3 HTTP/1.1" 200 32041
INFO 2023-08-10 21:55:03,743 autoreload C:\Users\LENOVO\PycharmProjects\coach_me\coach_me\profiles\views.py changed, reloading.
INFO 2023-08-10 21:55:03,806 autoreload C:\Users\LENOVO\PycharmProjects\coach_me\coach_me\profiles\views.py changed, reloading.
INFO 2023-08-10 21:55:03,817 autoreload C:\Users\LENOVO\PycharmProjects\coach_me\coach_me\profiles\views.py changed, reloading.
INFO 2023-08-10 21:55:03,819 autoreload C:\Users\LENOVO\PycharmProjects\coach_me\coach_me\profiles\views.py changed, reloading.
INFO 2023-08-10 21:55:04,924 autoreload Watching for file changes with StatReloader
INFO 2023-08-10 21:55:04,963 autoreload Watching for file changes with StatReloader
INFO 2023-08-10 21:55:04,964 autoreload Watching for file changes with StatReloader
INFO 2023-08-10 21:55:05,010 autoreload Watching for file changes with StatReloader
INFO 2023-08-10 21:55:09,528 basehttp "GET /profile/9/dashboard/?page=3 HTTP/1.1" 200 25237
INFO 2023-08-10 21:55:10,372 basehttp "GET /static/images/favicon.png HTTP/1.1" 200 94768
INFO 2023-08-10 21:55:11,998 basehttp "GET /profile/9/dashboard/?page=2 HTTP/1.1" 200 25237
INFO 2023-08-10 21:55:13,936 basehttp "GET /profile/9/dashboard/?page=2 HTTP/1.1" 200 25237
INFO 2023-08-10 21:55:20,256 basehttp "GET /profile/9/dashboard/?page=4 HTTP/1.1" 200 25237
INFO 2023-08-10 21:55:23,107 basehttp "GET /profile/9/dashboard/?page=4 HTTP/1.1" 200 25237
INFO 2023-08-10 21:55:24,797 basehttp "GET /profile/9/dashboard/?page=3 HTTP/1.1" 200 25237
INFO 2023-08-10 21:55:26,497 basehttp "GET /profile/9/dashboard/?page=2 HTTP/1.1" 200 25237
INFO 2023-08-10 21:55:31,304 basehttp "GET /profile/9/dashboard/?page=2 HTTP/1.1" 200 25237
INFO 2023-08-10 21:55:32,524 basehttp "GET /profile/9/dashboard/?page=3 HTTP/1.1" 200 25237
INFO 2023-08-10 21:55:48,218 basehttp "GET /profile/9/dashboard/?page=3 HTTP/1.1" 200 25237
INFO 2023-08-10 21:55:48,288 basehttp "GET /static/images/logo.png HTTP/1.1" 200 18159
INFO 2023-08-10 21:55:48,295 basehttp "GET /static/images/profile-blue-default.png HTTP/1.1" 200 11944
INFO 2023-08-10 21:55:48,414 basehttp "GET /static/images/eye.png HTTP/1.1" 200 13209
INFO 2023-08-10 21:55:48,416 basehttp "GET /static/images/edit-icon.png HTTP/1.1" 200 23594
INFO 2023-08-10 21:55:48,417 basehttp "GET /static/images/delete-booking-icon.png HTTP/1.1" 200 65467
INFO 2023-08-10 21:55:48,418 basehttp "GET /static/images/na.png HTTP/1.1" 200 65500
INFO 2023-08-10 21:55:48,439 basehttp "GET /static/images/favicon.png HTTP/1.1" 200 94768
INFO 2023-08-10 21:55:48,868 basehttp "GET /profile/9/dashboard/?page=3 HTTP/1.1" 200 24111
INFO 2023-08-10 21:55:48,932 basehttp "GET /static/images/logo.png HTTP/1.1" 200 18159
INFO 2023-08-10 21:55:48,946 basehttp "GET /static/images/eye.png HTTP/1.1" 200 13209
INFO 2023-08-10 21:55:48,947 basehttp "GET /static/images/profile-blue-default.png HTTP/1.1" 200 11944
INFO 2023-08-10 21:55:48,948 basehttp "GET /static/images/edit-icon.png HTTP/1.1" 200 23594
INFO 2023-08-10 21:55:48,949 basehttp "GET /static/images/delete-booking-icon.png HTTP/1.1" 200 65467
INFO 2023-08-10 21:55:48,949 basehttp "GET /static/images/na.png HTTP/1.1" 200 65500
INFO 2023-08-10 21:55:48,977 basehttp "GET /static/images/favicon.png HTTP/1.1" 200 94768
INFO 2023-08-10 21:55:49,593 basehttp "GET /profile/9/dashboard/?page=3 HTTP/1.1" 200 24111
INFO 2023-08-10 21:55:49,663 basehttp "GET /static/images/logo.png HTTP/1.1" 200 18159
INFO 2023-08-10 21:55:49,674 basehttp "GET /static/images/profile-blue-default.png HTTP/1.1" 200 11944
INFO 2023-08-10 21:55:49,678 basehttp "GET /static/images/eye.png HTTP/1.1" 200 13209
INFO 2023-08-10 21:55:49,679 basehttp "GET /static/images/edit-icon.png HTTP/1.1" 200 23594
INFO 2023-08-10 21:55:49,681 basehttp "GET /static/images/delete-booking-icon.png HTTP/1.1" 200 65467
INFO 2023-08-10 21:55:49,681 basehttp "GET /static/images/na.png HTTP/1.1" 200 65500
INFO 2023-08-10 21:55:49,708 basehttp "GET /static/images/favicon.png HTTP/1.1" 200 94768
INFO 2023-08-10 21:55:50,172 basehttp "GET /profile/9/dashboard/?page=3 HTTP/1.1" 200 24111
INFO 2023-08-10 21:55:50,246 basehttp "GET /static/images/profile-blue-default.png HTTP/1.1" 200 11944
INFO 2023-08-10 21:55:50,247 basehttp "GET /static/images/logo.png HTTP/1.1" 200 18159
INFO 2023-08-10 21:55:50,250 basehttp "GET /static/images/eye.png HTTP/1.1" 200 13209
INFO 2023-08-10 21:55:50,251 basehttp "GET /static/images/edit-icon.png HTTP/1.1" 200 23594
INFO 2023-08-10 21:55:50,252 basehttp "GET /static/images/delete-booking-icon.png HTTP/1.1" 200 65467
INFO 2023-08-10 21:55:50,253 basehttp "GET /static/images/na.png HTTP/1.1" 200 65500
INFO 2023-08-10 21:55:50,283 basehttp "GET /static/images/favicon.png HTTP/1.1" 200 94768
INFO 2023-08-10 21:55:50,710 basehttp "GET /profile/9/dashboard/?page=3 HTTP/1.1" 200 24111
INFO 2023-08-10 21:55:50,804 basehttp "GET /static/images/profile-blue-default.png HTTP/1.1" 200 11944
INFO 2023-08-10 21:55:50,805 basehttp "GET /static/images/logo.png HTTP/1.1" 200 18159
INFO 2023-08-10 21:55:50,806 basehttp "GET /static/images/eye.png HTTP/1.1" 200 13209
INFO 2023-08-10 21:55:50,812 basehttp "GET /static/images/edit-icon.png HTTP/1.1" 200 23594
INFO 2023-08-10 21:55:50,813 basehttp "GET /static/images/delete-booking-icon.png HTTP/1.1" 200 65467
INFO 2023-08-10 21:55:50,813 basehttp "GET /static/images/na.png HTTP/1.1" 200 65500
INFO 2023-08-10 21:55:50,840 basehttp "GET /static/images/favicon.png HTTP/1.1" 200 94768
INFO 2023-08-10 21:55:51,130 basehttp "GET /profile/9/dashboard/?page=3 HTTP/1.1" 200 24111
INFO 2023-08-10 21:55:51,203 basehttp "GET /static/images/logo.png HTTP/1.1" 200 18159
INFO 2023-08-10 21:55:51,213 basehttp "GET /static/images/profile-blue-default.png HTTP/1.1" 200 11944
INFO 2023-08-10 21:55:51,215 basehttp "GET /static/images/eye.png HTTP/1.1" 200 13209
INFO 2023-08-10 21:55:51,217 basehttp "GET /static/images/edit-icon.png HTTP/1.1" 200 23594
INFO 2023-08-10 21:55:51,218 basehttp "GET /static/images/delete-booking-icon.png HTTP/1.1" 200 65467
INFO 2023-08-10 21:55:51,219 basehttp "GET /static/images/na.png HTTP/1.1" 200 65500
INFO 2023-08-10 21:55:51,253 basehttp "GET /static/images/favicon.png HTTP/1.1" 200 94768
INFO 2023-08-10 21:55:51,768 basehttp "GET /profile/9/dashboard/?page=3 HTTP/1.1" 200 24111
INFO 2023-08-10 21:55:51,841 basehttp "GET /static/images/profile-blue-default.png HTTP/1.1" 200 11944
INFO 2023-08-10 21:55:51,842 basehttp "GET /static/images/logo.png HTTP/1.1" 200 18159
INFO 2023-08-10 21:55:51,845 basehttp "GET /static/images/eye.png HTTP/1.1" 200 13209
INFO 2023-08-10 21:55:51,846 basehttp "GET /static/images/edit-icon.png HTTP/1.1" 200 23594
INFO 2023-08-10 21:55:51,849 basehttp "GET /static/images/na.png HTTP/1.1" 200 65500
INFO 2023-08-10 21:55:51,849 basehttp "GET /static/images/delete-booking-icon.png HTTP/1.1" 200 65467
INFO 2023-08-10 21:55:51,874 basehttp "GET /static/images/favicon.png HTTP/1.1" 200 94768
INFO 2023-08-10 21:55:52,542 basehttp "GET /profile/9/dashboard/?page=3 HTTP/1.1" 200 24111
INFO 2023-08-10 21:55:52,606 basehttp "GET /static/images/logo.png HTTP/1.1" 200 18159
INFO 2023-08-10 21:55:52,619 basehttp "GET /static/images/eye.png HTTP/1.1" 200 13209
INFO 2023-08-10 21:55:52,620 basehttp "GET /static/images/profile-blue-default.png HTTP/1.1" 200 11944
INFO 2023-08-10 21:55:52,621 basehttp "GET /static/images/edit-icon.png HTTP/1.1" 200 23594
INFO 2023-08-10 21:55:52,622 basehttp "GET /static/images/delete-booking-icon.png HTTP/1.1" 200 65467
INFO 2023-08-10 21:55:52,623 basehttp "GET /static/images/na.png HTTP/1.1" 200 65500
INFO 2023-08-10 21:55:52,651 basehttp "GET /static/images/favicon.png HTTP/1.1" 200 94768
INFO 2023-08-10 21:55:53,308 basehttp "GET /profile/9/dashboard/?page=3 HTTP/1.1" 200 24111
INFO 2023-08-10 21:55:53,404 basehttp "GET /static/images/logo.png HTTP/1.1" 200 18159
INFO 2023-08-10 21:55:53,421 basehttp "GET /static/images/profile-blue-default.png HTTP/1.1" 200 11944
INFO 2023-08-10 21:55:53,422 basehttp "GET /static/images/eye.png HTTP/1.1" 200 13209
INFO 2023-08-10 21:55:53,423 basehttp "GET /static/images/edit-icon.png HTTP/1.1" 200 23594
INFO 2023-08-10 21:55:53,425 basehttp "GET /static/images/na.png HTTP/1.1" 200 65500
INFO 2023-08-10 21:55:53,426 basehttp "GET /static/images/delete-booking-icon.png HTTP/1.1" 200 65467
INFO 2023-08-10 21:55:53,459 basehttp "GET /static/images/favicon.png HTTP/1.1" 200 94768
INFO 2023-08-10 21:55:54,162 basehttp "GET /profile/9/dashboard/?page=3 HTTP/1.1" 200 24111
INFO 2023-08-10 21:55:54,269 basehttp "GET /static/images/logo.png HTTP/1.1" 200 18159
INFO 2023-08-10 21:55:54,289 basehttp "GET /static/images/eye.png HTTP/1.1" 200 13209
INFO 2023-08-10 21:55:54,290 basehttp "GET /static/images/profile-blue-default.png HTTP/1.1" 200 11944
INFO 2023-08-10 21:55:54,291 basehttp "GET /static/images/edit-icon.png HTTP/1.1" 200 23594
INFO 2023-08-10 21:55:54,292 basehttp "GET /static/images/delete-booking-icon.png HTTP/1.1" 200 65467
INFO 2023-08-10 21:55:54,293 basehttp "GET /static/images/na.png HTTP/1.1" 200 65500
INFO 2023-08-10 21:55:54,326 basehttp "GET /static/images/favicon.png HTTP/1.1" 200 94768
INFO 2023-08-10 21:55:54,810 basehttp "GET /profile/9/dashboard/?page=3 HTTP/1.1" 200 24111
INFO 2023-08-10 21:55:54,871 basehttp "GET /static/images/logo.png HTTP/1.1" 200 18159
INFO 2023-08-10 21:55:54,885 basehttp "GET /static/images/profile-blue-default.png HTTP/1.1" 200 11944
INFO 2023-08-10 21:55:54,886 basehttp "GET /static/images/edit-icon.png HTTP/1.1" 200 23594
INFO 2023-08-10 21:55:54,887 basehttp "GET /static/images/eye.png HTTP/1.1" 200 13209
INFO 2023-08-10 21:55:54,889 basehttp "GET /static/images/delete-booking-icon.png HTTP/1.1" 200 65467
INFO 2023-08-10 21:55:54,889 basehttp "GET /static/images/na.png HTTP/1.1" 200 65500
INFO 2023-08-10 21:55:54,922 basehttp "GET /static/images/favicon.png HTTP/1.1" 200 94768
INFO 2023-08-10 21:55:55,361 basehttp "GET /profile/9/dashboard/?page=3 HTTP/1.1" 200 24111
INFO 2023-08-10 21:55:55,443 basehttp "GET /static/images/profile-blue-default.png HTTP/1.1" 200 11944
INFO 2023-08-10 21:55:55,444 basehttp "GET /static/images/logo.png HTTP/1.1" 200 18159
INFO 2023-08-10 21:55:55,445 basehttp "GET /static/images/eye.png HTTP/1.1" 200 13209
INFO 2023-08-10 21:55:55,446 basehttp "GET /static/images/edit-icon.png HTTP/1.1" 200 23594
INFO 2023-08-10 21:55:55,448 basehttp "GET /static/images/delete-booking-icon.png HTTP/1.1" 200 65467
INFO 2023-08-10 21:55:55,448 basehttp "GET /static/images/na.png HTTP/1.1" 200 65500
INFO 2023-08-10 21:55:55,494 basehttp "GET /static/images/favicon.png HTTP/1.1" 200 94768
INFO 2023-08-10 21:55:55,976 basehttp "GET /profile/9/dashboard/?page=3 HTTP/1.1" 200 24111
INFO 2023-08-10 21:55:56,038 basehttp "GET /static/images/logo.png HTTP/1.1" 200 18159
INFO 2023-08-10 21:55:56,052 basehttp "GET /static/images/profile-blue-default.png HTTP/1.1" 200 11944
INFO 2023-08-10 21:55:56,054 basehttp "GET /static/images/eye.png HTTP/1.1" 200 13209
INFO 2023-08-10 21:55:56,056 basehttp "GET /static/images/edit-icon.png HTTP/1.1" 200 23594
INFO 2023-08-10 21:55:56,057 basehttp "GET /static/images/delete-booking-icon.png HTTP/1.1" 200 65467
INFO 2023-08-10 21:55:56,057 basehttp "GET /static/images/na.png HTTP/1.1" 200 65500
INFO 2023-08-10 21:55:56,093 basehttp "GET /static/images/favicon.png HTTP/1.1" 200 94768
INFO 2023-08-10 21:55:56,576 basehttp "GET /profile/9/dashboard/?page=3 HTTP/1.1" 200 24111
INFO 2023-08-10 21:55:56,642 basehttp "GET /static/images/logo.png HTTP/1.1" 200 18159
INFO 2023-08-10 21:55:56,651 basehttp "GET /static/images/profile-blue-default.png HTTP/1.1" 200 11944
INFO 2023-08-10 21:55:56,654 basehttp "GET /static/images/eye.png HTTP/1.1" 200 13209
INFO 2023-08-10 21:55:56,655 basehttp "GET /static/images/edit-icon.png HTTP/1.1" 200 23594
INFO 2023-08-10 21:55:56,656 basehttp "GET /static/images/delete-booking-icon.png HTTP/1.1" 200 65467
INFO 2023-08-10 21:55:56,656 basehttp "GET /static/images/na.png HTTP/1.1" 200 65500
INFO 2023-08-10 21:55:56,691 basehttp "GET /static/images/favicon.png HTTP/1.1" 200 94768
INFO 2023-08-10 21:56:02,556 basehttp "GET /profile/9/dashboard/?page=2 HTTP/1.1" 200 24111
INFO 2023-08-10 21:56:03,879 basehttp "GET /profile/9/dashboard/?page=2 HTTP/1.1" 200 24111
INFO 2023-08-10 21:56:08,222 basehttp "GET /profile/9/dashboard/?page=2 HTTP/1.1" 200 24111
INFO 2023-08-10 21:56:09,139 basehttp "GET /profile/9/dashboard/?page=2 HTTP/1.1" 200 24111
INFO 2023-08-10 21:56:41,792 basehttp "GET /profile/9/dashboard/?page=2 HTTP/1.1" 200 25599
INFO 2023-08-10 21:56:41,880 basehttp "GET /static/images/logo.png HTTP/1.1" 200 18159
INFO 2023-08-10 21:56:41,886 basehttp "GET /static/images/profile-blue-default.png HTTP/1.1" 200 11944
INFO 2023-08-10 21:56:41,892 basehttp "GET /static/images/eye.png HTTP/1.1" 200 13209
INFO 2023-08-10 21:56:41,892 basehttp "GET /static/images/edit-icon.png HTTP/1.1" 200 23594
INFO 2023-08-10 21:56:41,893 basehttp "GET /static/images/na.png HTTP/1.1" 200 65500
INFO 2023-08-10 21:56:41,894 basehttp "GET /static/images/delete-booking-icon.png HTTP/1.1" 200 65467
INFO 2023-08-10 21:56:41,922 basehttp "GET /static/images/favicon.png HTTP/1.1" 200 94768
INFO 2023-08-10 21:56:42,564 basehttp "GET /profile/9/dashboard/?page=2 HTTP/1.1" 200 25599
INFO 2023-08-10 21:56:42,625 basehttp "GET /static/images/logo.png HTTP/1.1" 200 18159
INFO 2023-08-10 21:56:42,631 basehttp "GET /static/images/profile-blue-default.png HTTP/1.1" 200 11944
INFO 2023-08-10 21:56:42,637 basehttp "GET /static/images/eye.png HTTP/1.1" 200 13209
INFO 2023-08-10 21:56:42,638 basehttp "GET /static/images/edit-icon.png HTTP/1.1" 200 23594
INFO 2023-08-10 21:56:42,639 basehttp "GET /static/images/delete-booking-icon.png HTTP/1.1" 200 65467
INFO 2023-08-10 21:56:42,639 basehttp "GET /static/images/na.png HTTP/1.1" 200 65500
INFO 2023-08-10 21:56:42,669 basehttp "GET /static/images/favicon.png HTTP/1.1" 200 94768
INFO 2023-08-10 21:56:45,129 basehttp "GET /profile/9/dashboard/?past_page=2 HTTP/1.1" 200 20816
INFO 2023-08-10 21:56:47,922 basehttp "GET /profile/9/dashboard/?past_page=1 HTTP/1.1" 200 25599
INFO 2023-08-10 21:57:32,891 basehttp "GET /profile/9/dashboard/?past_page=2 HTTP/1.1" 200 20816
INFO 2023-08-10 21:57:34,533 basehttp "GET /profile/9/dashboard/?past_page=1 HTTP/1.1" 200 27897
INFO 2023-08-10 21:57:38,636 basehttp "GET /profile/9/dashboard/?past_page=1 HTTP/1.1" 200 27897
INFO 2023-08-10 21:57:38,743 basehttp "GET /static/images/logo.png HTTP/1.1" 200 18159
INFO 2023-08-10 21:57:38,750 basehttp "GET /static/images/profile-blue-default.png HTTP/1.1" 200 11944
INFO 2023-08-10 21:57:38,752 basehttp "GET /static/images/eye.png HTTP/1.1" 200 13209
INFO 2023-08-10 21:57:38,753 basehttp "GET /static/images/edit-icon.png HTTP/1.1" 200 23594
INFO 2023-08-10 21:57:38,754 basehttp "GET /static/images/delete-booking-icon.png HTTP/1.1" 200 65467
INFO 2023-08-10 21:57:38,755 basehttp "GET /static/images/na.png HTTP/1.1" 200 65500
INFO 2023-08-10 21:57:38,781 basehttp "GET /static/images/favicon.png HTTP/1.1" 200 94768
INFO 2023-08-10 21:57:39,854 basehttp "GET /profile/9/dashboard/?past_page=1 HTTP/1.1" 200 27897
INFO 2023-08-10 21:57:39,934 basehttp "GET /static/images/logo.png HTTP/1.1" 200 18159
INFO 2023-08-10 21:57:39,943 basehttp "GET /static/images/profile-blue-default.png HTTP/1.1" 200 11944
INFO 2023-08-10 21:57:39,946 basehttp "GET /static/images/eye.png HTTP/1.1" 200 13209
INFO 2023-08-10 21:57:39,946 basehttp "GET /static/images/edit-icon.png HTTP/1.1" 200 23594
INFO 2023-08-10 21:57:39,948 basehttp "GET /static/images/na.png HTTP/1.1" 200 65500
INFO 2023-08-10 21:57:39,948 basehttp "GET /static/images/delete-booking-icon.png HTTP/1.1" 200 65467
INFO 2023-08-10 21:57:39,980 basehttp "GET /static/images/favicon.png HTTP/1.1" 200 94768
INFO 2023-08-10 21:57:40,522 basehttp "GET /profile/9/dashboard/?past_page=1 HTTP/1.1" 200 27897
INFO 2023-08-10 21:57:40,598 basehttp "GET /static/images/logo.png HTTP/1.1" 200 18159
INFO 2023-08-10 21:57:40,625 basehttp "GET /static/images/profile-blue-default.png HTTP/1.1" 200 11944
INFO 2023-08-10 21:57:40,625 basehttp "GET /static/images/eye.png HTTP/1.1" 200 13209
INFO 2023-08-10 21:57:40,627 basehttp "GET /static/images/edit-icon.png HTTP/1.1" 200 23594
INFO 2023-08-10 21:57:40,628 basehttp "GET /static/images/delete-booking-icon.png HTTP/1.1" 200 65467
INFO 2023-08-10 21:57:40,629 basehttp "GET /static/images/na.png HTTP/1.1" 200 65500
INFO 2023-08-10 21:57:40,645 basehttp "GET /static/images/favicon.png HTTP/1.1" 200 94768
INFO 2023-08-10 21:57:41,163 basehttp "GET /profile/9/dashboard/?past_page=1 HTTP/1.1" 200 27897
INFO 2023-08-10 21:57:41,224 basehttp "GET /static/images/logo.png HTTP/1.1" 200 18159
INFO 2023-08-10 21:57:41,235 basehttp "GET /static/images/profile-blue-default.png HTTP/1.1" 200 11944
INFO 2023-08-10 21:57:41,237 basehttp "GET /static/images/eye.png HTTP/1.1" 200 13209
INFO 2023-08-10 21:57:41,237 basehttp "GET /static/images/edit-icon.png HTTP/1.1" 200 23594
INFO 2023-08-10 21:57:41,238 basehttp "GET /static/images/na.png HTTP/1.1" 200 65500
INFO 2023-08-10 21:57:41,238 basehttp "GET /static/images/delete-booking-icon.png HTTP/1.1" 200 65467
INFO 2023-08-10 21:57:41,381 basehttp "GET /static/images/favicon.png HTTP/1.1" 200 94768
INFO 2023-08-10 21:57:43,795 basehttp "GET /profile/9/dashboard/?past_page=2 HTTP/1.1" 200 22866
INFO 2023-08-10 21:57:45,731 basehttp "GET /profile/9/dashboard/?past_page=1 HTTP/1.1" 200 27897
INFO 2023-08-10 21:59:19,685 basehttp "GET /profile/9/dashboard/?past_page=1 HTTP/1.1" 200 25161
INFO 2023-08-10 21:59:19,746 basehttp "GET /static/images/logo.png HTTP/1.1" 200 18159
INFO 2023-08-10 21:59:19,754 basehttp "GET /static/images/profile-blue-default.png HTTP/1.1" 200 11944
INFO 2023-08-10 21:59:19,758 basehttp "GET /static/images/edit-icon.png HTTP/1.1" 200 23594
INFO 2023-08-10 21:59:19,758 basehttp "GET /static/images/eye.png HTTP/1.1" 200 13209
INFO 2023-08-10 21:59:19,760 basehttp "GET /static/images/delete-booking-icon.png HTTP/1.1" 200 65467
INFO 2023-08-10 21:59:19,761 basehttp "GET /static/images/na.png HTTP/1.1" 200 65500
INFO 2023-08-10 21:59:19,916 basehttp "GET /static/images/favicon.png HTTP/1.1" 200 94768
INFO 2023-08-10 21:59:20,386 basehttp "GET /profile/9/dashboard/?past_page=1 HTTP/1.1" 200 25161
INFO 2023-08-10 21:59:20,451 basehttp "GET /static/images/logo.png HTTP/1.1" 200 18159
INFO 2023-08-10 21:59:20,462 basehttp "GET /static/images/profile-blue-default.png HTTP/1.1" 200 11944
INFO 2023-08-10 21:59:20,464 basehttp "GET /static/images/eye.png HTTP/1.1" 200 13209
INFO 2023-08-10 21:59:20,466 basehttp "GET /static/images/edit-icon.png HTTP/1.1" 200 23594
INFO 2023-08-10 21:59:20,467 basehttp "GET /static/images/delete-booking-icon.png HTTP/1.1" 200 65467
INFO 2023-08-10 21:59:20,468 basehttp "GET /static/images/na.png HTTP/1.1" 200 65500
INFO 2023-08-10 21:59:20,549 basehttp "GET /static/images/favicon.png HTTP/1.1" 200 94768
INFO 2023-08-10 21:59:28,863 basehttp "GET /profile/9/dashboard/?past_page=2 HTTP/1.1" 200 20626
INFO 2023-08-10 21:59:28,961 basehttp "GET /profile/9/dashboard/?past_page=2 HTTP/1.1" 200 20626
INFO 2023-08-10 21:59:31,657 basehttp "GET /profile/9/dashboard/?past_page=1 HTTP/1.1" 200 25161
INFO 2023-08-10 22:01:08,667 basehttp "GET /profile/9/dashboard/?past_page=1 HTTP/1.1" 200 25033
INFO 2023-08-10 22:01:08,775 basehttp "GET /static/images/logo.png HTTP/1.1" 200 18159
INFO 2023-08-10 22:01:08,790 basehttp "GET /static/images/profile-blue-default.png HTTP/1.1" 200 11944
INFO 2023-08-10 22:01:08,791 basehttp "GET /static/images/eye.png HTTP/1.1" 200 13209
INFO 2023-08-10 22:01:08,791 basehttp "GET /static/images/edit-icon.png HTTP/1.1" 200 23594
INFO 2023-08-10 22:01:08,793 basehttp "GET /static/images/delete-booking-icon.png HTTP/1.1" 200 65467
INFO 2023-08-10 22:01:08,793 basehttp "GET /static/images/na.png HTTP/1.1" 200 65500
INFO 2023-08-10 22:01:08,817 basehttp "GET /static/images/favicon.png HTTP/1.1" 200 94768
INFO 2023-08-10 22:01:09,466 basehttp "GET /profile/9/dashboard/?past_page=1 HTTP/1.1" 200 25033
INFO 2023-08-10 22:01:09,544 basehttp "GET /static/images/logo.png HTTP/1.1" 200 18159
INFO 2023-08-10 22:01:09,557 basehttp "GET /static/images/profile-blue-default.png HTTP/1.1" 200 11944
INFO 2023-08-10 22:01:09,559 basehttp "GET /static/images/eye.png HTTP/1.1" 200 13209
INFO 2023-08-10 22:01:09,560 basehttp "GET /static/images/edit-icon.png HTTP/1.1" 200 23594
INFO 2023-08-10 22:01:09,561 basehttp "GET /static/images/na.png HTTP/1.1" 200 65500
INFO 2023-08-10 22:01:09,562 basehttp "GET /static/images/delete-booking-icon.png HTTP/1.1" 200 65467
INFO 2023-08-10 22:01:09,588 basehttp "GET /static/images/favicon.png HTTP/1.1" 200 94768
INFO 2023-08-10 22:01:10,029 basehttp "GET /profile/9/dashboard/?past_page=1 HTTP/1.1" 200 25033
INFO 2023-08-10 22:01:10,124 basehttp "GET /static/images/logo.png HTTP/1.1" 200 18159
INFO 2023-08-10 22:01:10,131 basehttp "GET /static/images/profile-blue-default.png HTTP/1.1" 200 11944
INFO 2023-08-10 22:01:10,140 basehttp "GET /static/images/eye.png HTTP/1.1" 200 13209
INFO 2023-08-10 22:01:10,141 basehttp "GET /static/images/edit-icon.png HTTP/1.1" 200 23594
INFO 2023-08-10 22:01:10,171 basehttp "GET /static/images/na.png HTTP/1.1" 200 65500
INFO 2023-08-10 22:01:10,172 basehttp "GET /static/images/delete-booking-icon.png HTTP/1.1" 200 65467
INFO 2023-08-10 22:01:10,241 basehttp "GET /static/images/favicon.png HTTP/1.1" 200 94768
INFO 2023-08-10 22:01:10,258 basehttp "GET /profile/9/dashboard/?past_page=1 HTTP/1.1" 200 25033
INFO 2023-08-10 22:01:10,351 basehttp "GET /static/images/profile-blue-default.png HTTP/1.1" 200 11944
INFO 2023-08-10 22:01:10,351 basehttp "GET /static/images/logo.png HTTP/1.1" 200 18159
INFO 2023-08-10 22:01:10,353 basehttp "GET /static/images/eye.png HTTP/1.1" 200 13209
INFO 2023-08-10 22:01:10,354 basehttp "GET /static/images/edit-icon.png HTTP/1.1" 200 23594
INFO 2023-08-10 22:01:10,355 basehttp "GET /static/images/na.png HTTP/1.1" 200 65500
INFO 2023-08-10 22:01:10,356 basehttp "GET /static/images/delete-booking-icon.png HTTP/1.1" 200 65467
INFO 2023-08-10 22:01:10,507 basehttp "GET /profile/9/dashboard/?past_page=1 HTTP/1.1" 200 25033
INFO 2023-08-10 22:01:10,571 basehttp "GET /static/images/logo.png HTTP/1.1" 200 18159
INFO 2023-08-10 22:01:10,581 basehttp "GET /static/images/profile-blue-default.png HTTP/1.1" 200 11944
INFO 2023-08-10 22:01:10,584 basehttp "GET /static/images/eye.png HTTP/1.1" 200 13209
INFO 2023-08-10 22:01:10,585 basehttp "GET /static/images/edit-icon.png HTTP/1.1" 200 23594
INFO 2023-08-10 22:01:10,586 basehttp "GET /static/images/na.png HTTP/1.1" 200 65500
INFO 2023-08-10 22:01:10,587 basehttp "GET /static/images/delete-booking-icon.png HTTP/1.1" 200 65467
INFO 2023-08-10 22:01:10,614 basehttp "GET /static/images/favicon.png HTTP/1.1" 200 94768
INFO 2023-08-10 22:01:10,827 basehttp "GET /profile/9/dashboard/?past_page=1 HTTP/1.1" 200 25033
INFO 2023-08-10 22:01:10,889 basehttp "GET /static/images/logo.png HTTP/1.1" 200 18159
INFO 2023-08-10 22:01:10,895 basehttp "GET /static/images/profile-blue-default.png HTTP/1.1" 200 11944
INFO 2023-08-10 22:01:10,901 basehttp "GET /static/images/eye.png HTTP/1.1" 200 13209
INFO 2023-08-10 22:01:10,901 basehttp "GET /static/images/edit-icon.png HTTP/1.1" 200 23594
INFO 2023-08-10 22:01:10,902 basehttp "GET /static/images/delete-booking-icon.png HTTP/1.1" 200 65467
INFO 2023-08-10 22:01:10,903 basehttp "GET /static/images/na.png HTTP/1.1" 200 65500
INFO 2023-08-10 22:01:10,945 basehttp "GET /static/images/favicon.png HTTP/1.1" 200 94768
INFO 2023-08-10 22:01:11,020 basehttp "GET /profile/9/dashboard/?past_page=1 HTTP/1.1" 200 25033
INFO 2023-08-10 22:01:11,084 basehttp "GET /static/images/logo.png HTTP/1.1" 200 18159
INFO 2023-08-10 22:01:11,103 basehttp "GET /static/images/profile-blue-default.png HTTP/1.1" 200 11944
INFO 2023-08-10 22:01:11,105 basehttp "GET /static/images/edit-icon.png HTTP/1.1" 200 23594
INFO 2023-08-10 22:01:11,105 basehttp "GET /static/images/eye.png HTTP/1.1" 200 13209
INFO 2023-08-10 22:01:11,108 basehttp "GET /static/images/delete-booking-icon.png HTTP/1.1" 200 65467
INFO 2023-08-10 22:01:11,108 basehttp "GET /static/images/na.png HTTP/1.1" 200 65500
INFO 2023-08-10 22:01:11,140 basehttp "GET /static/images/favicon.png HTTP/1.1" 200 94768
INFO 2023-08-10 22:01:11,215 basehttp "GET /profile/9/dashboard/?past_page=1 HTTP/1.1" 200 25033
INFO 2023-08-10 22:01:11,305 basehttp "GET /static/images/logo.png HTTP/1.1" 200 18159
INFO 2023-08-10 22:01:11,314 basehttp "GET /static/images/profile-blue-default.png HTTP/1.1" 200 11944
INFO 2023-08-10 22:01:11,316 basehttp "GET /static/images/eye.png HTTP/1.1" 200 13209
INFO 2023-08-10 22:01:11,318 basehttp "GET /static/images/edit-icon.png HTTP/1.1" 200 23594
INFO 2023-08-10 22:01:11,320 basehttp "GET /static/images/delete-booking-icon.png HTTP/1.1" 200 65467
INFO 2023-08-10 22:01:11,321 basehttp "GET /static/images/na.png HTTP/1.1" 200 65500
INFO 2023-08-10 22:01:11,569 basehttp "GET /profile/9/dashboard/?past_page=1 HTTP/1.1" 200 25033
INFO 2023-08-10 22:01:11,628 basehttp "GET /static/images/logo.png HTTP/1.1" 200 18159
INFO 2023-08-10 22:01:11,641 basehttp "GET /static/images/profile-blue-default.png HTTP/1.1" 200 11944
INFO 2023-08-10 22:01:11,644 basehttp "GET /static/images/eye.png HTTP/1.1" 200 13209
INFO 2023-08-10 22:01:11,647 basehttp "GET /static/images/edit-icon.png HTTP/1.1" 200 23594
INFO 2023-08-10 22:01:11,651 basehttp "GET /static/images/delete-booking-icon.png HTTP/1.1" 200 65467
INFO 2023-08-10 22:01:11,651 basehttp "GET /static/images/na.png HTTP/1.1" 200 65500
INFO 2023-08-10 22:01:11,676 basehttp "GET /static/images/favicon.png HTTP/1.1" 200 94768
INFO 2023-08-10 22:01:11,711 basehttp "GET /profile/9/dashboard/?past_page=1 HTTP/1.1" 200 25033
INFO 2023-08-10 22:01:11,775 basehttp "GET /static/images/logo.png HTTP/1.1" 200 18159
INFO 2023-08-10 22:01:11,786 basehttp "GET /static/images/eye.png HTTP/1.1" 200 13209
INFO 2023-08-10 22:01:11,787 basehttp "GET /static/images/profile-blue-default.png HTTP/1.1" 200 11944
INFO 2023-08-10 22:01:11,787 basehttp "GET /static/images/edit-icon.png HTTP/1.1" 200 23594
INFO 2023-08-10 22:01:11,789 basehttp "GET /static/images/delete-booking-icon.png HTTP/1.1" 200 65467
INFO 2023-08-10 22:01:11,789 basehttp "GET /static/images/na.png HTTP/1.1" 200 65500
INFO 2023-08-10 22:01:45,209 basehttp "GET /profile/9/dashboard/?past_page=1 HTTP/1.1" 200 24997
INFO 2023-08-10 22:01:45,286 basehttp "GET /static/images/logo.png HTTP/1.1" 200 18159
INFO 2023-08-10 22:01:45,318 basehttp "GET /static/images/profile-blue-default.png HTTP/1.1" 200 11944
INFO 2023-08-10 22:01:45,323 basehttp "GET /static/images/eye.png HTTP/1.1" 200 13209
INFO 2023-08-10 22:01:45,325 basehttp "GET /static/images/edit-icon.png HTTP/1.1" 200 23594
INFO 2023-08-10 22:01:45,326 basehttp "GET /static/images/delete-booking-icon.png HTTP/1.1" 200 65467
INFO 2023-08-10 22:01:45,327 basehttp "GET /static/images/na.png HTTP/1.1" 200 65500
INFO 2023-08-10 22:01:45,460 basehttp "GET /static/images/favicon.png HTTP/1.1" 200 94768
INFO 2023-08-10 22:01:46,031 basehttp "GET /profile/9/dashboard/?past_page=1 HTTP/1.1" 200 24997
INFO 2023-08-10 22:01:46,092 basehttp "GET /static/images/logo.png HTTP/1.1" 200 18159
INFO 2023-08-10 22:01:46,130 basehttp "GET /static/images/eye.png HTTP/1.1" 200 13209
INFO 2023-08-10 22:01:46,131 basehttp "GET /static/images/profile-blue-default.png HTTP/1.1" 200 11944
INFO 2023-08-10 22:01:46,134 basehttp "GET /static/images/edit-icon.png HTTP/1.1" 200 23594
INFO 2023-08-10 22:01:46,136 basehttp "GET /static/images/na.png HTTP/1.1" 200 65500
INFO 2023-08-10 22:01:46,137 basehttp "GET /static/images/delete-booking-icon.png HTTP/1.1" 200 65467
INFO 2023-08-10 22:01:46,162 basehttp "GET /static/images/favicon.png HTTP/1.1" 200 94768
INFO 2023-08-10 22:02:04,593 basehttp "GET /profile/9/dashboard/?past_page=1 HTTP/1.1" 200 25101
INFO 2023-08-10 22:02:04,663 basehttp "GET /static/images/logo.png HTTP/1.1" 200 18159
INFO 2023-08-10 22:02:04,675 basehttp "GET /static/images/profile-blue-default.png HTTP/1.1" 200 11944
INFO 2023-08-10 22:02:04,678 basehttp "GET /static/images/eye.png HTTP/1.1" 200 13209
INFO 2023-08-10 22:02:04,680 basehttp "GET /static/images/edit-icon.png HTTP/1.1" 200 23594
INFO 2023-08-10 22:02:04,681 basehttp "GET /static/images/na.png HTTP/1.1" 200 65500
INFO 2023-08-10 22:02:04,682 basehttp "GET /static/images/delete-booking-icon.png HTTP/1.1" 200 65467
INFO 2023-08-10 22:02:04,735 basehttp "GET /static/images/favicon.png HTTP/1.1" 200 94768
INFO 2023-08-10 22:02:07,104 basehttp "GET /profile/9/dashboard/?past_page=1 HTTP/1.1" 200 25101
INFO 2023-08-10 22:02:07,180 basehttp "GET /static/images/logo.png HTTP/1.1" 200 18159
INFO 2023-08-10 22:02:07,193 basehttp "GET /static/images/profile-blue-default.png HTTP/1.1" 200 11944
INFO 2023-08-10 22:02:07,195 basehttp "GET /static/images/eye.png HTTP/1.1" 200 13209
INFO 2023-08-10 22:02:07,196 basehttp "GET /static/images/edit-icon.png HTTP/1.1" 200 23594
INFO 2023-08-10 22:02:07,198 basehttp "GET /static/images/delete-booking-icon.png HTTP/1.1" 200 65467
INFO 2023-08-10 22:02:07,198 basehttp "GET /static/images/na.png HTTP/1.1" 200 65500
INFO 2023-08-10 22:02:07,411 basehttp "GET /static/images/favicon.png HTTP/1.1" 200 94768
INFO 2023-08-10 22:04:11,322 basehttp "GET /profile/9/dashboard/?past_page=1 HTTP/1.1" 200 24703
INFO 2023-08-10 22:04:11,388 basehttp "GET /static/images/logo.png HTTP/1.1" 200 18159
INFO 2023-08-10 22:04:11,399 basehttp "GET /static/images/profile-blue-default.png HTTP/1.1" 200 11944
INFO 2023-08-10 22:04:11,403 basehttp "GET /static/images/eye.png HTTP/1.1" 200 13209
INFO 2023-08-10 22:04:11,405 basehttp "GET /static/images/edit-icon.png HTTP/1.1" 200 23594
INFO 2023-08-10 22:04:11,405 basehttp "GET /static/images/na.png HTTP/1.1" 200 65500
INFO 2023-08-10 22:04:11,405 basehttp "GET /static/images/delete-booking-icon.png HTTP/1.1" 200 65467
INFO 2023-08-10 22:04:11,584 basehttp "GET /static/images/favicon.png HTTP/1.1" 200 94768
INFO 2023-08-10 22:04:12,335 basehttp "GET /profile/9/dashboard/?past_page=1 HTTP/1.1" 200 24703
INFO 2023-08-10 22:04:12,420 basehttp "GET /static/images/logo.png HTTP/1.1" 200 18159
INFO 2023-08-10 22:04:12,432 basehttp "GET /static/images/profile-blue-default.png HTTP/1.1" 200 11944
INFO 2023-08-10 22:04:12,434 basehttp "GET /static/images/eye.png HTTP/1.1" 200 13209
INFO 2023-08-10 22:04:12,435 basehttp "GET /static/images/edit-icon.png HTTP/1.1" 200 23594
INFO 2023-08-10 22:04:12,436 basehttp "GET /static/images/delete-booking-icon.png HTTP/1.1" 200 65467
INFO 2023-08-10 22:04:12,437 basehttp "GET /static/images/na.png HTTP/1.1" 200 65500
INFO 2023-08-10 22:04:12,598 basehttp "GET /static/images/favicon.png HTTP/1.1" 200 94768
INFO 2023-08-10 22:04:13,081 basehttp "GET /profile/9/dashboard/?past_page=1 HTTP/1.1" 200 24703
INFO 2023-08-10 22:04:13,146 basehttp "GET /static/images/logo.png HTTP/1.1" 200 18159
INFO 2023-08-10 22:04:13,160 basehttp "GET /static/images/profile-blue-default.png HTTP/1.1" 200 11944
INFO 2023-08-10 22:04:13,162 basehttp "GET /static/images/eye.png HTTP/1.1" 200 13209
INFO 2023-08-10 22:04:13,163 basehttp "GET /static/images/edit-icon.png HTTP/1.1" 200 23594
INFO 2023-08-10 22:04:13,164 basehttp "GET /static/images/na.png HTTP/1.1" 200 65500
INFO 2023-08-10 22:04:13,165 basehttp "GET /static/images/delete-booking-icon.png HTTP/1.1" 200 65467
INFO 2023-08-10 22:04:13,222 basehttp "GET /static/images/favicon.png HTTP/1.1" 200 94768
INFO 2023-08-10 22:04:13,636 basehttp "GET /profile/9/dashboard/?past_page=1 HTTP/1.1" 200 24703
INFO 2023-08-10 22:04:13,723 basehttp "GET /static/images/logo.png HTTP/1.1" 200 18159
INFO 2023-08-10 22:04:13,729 basehttp "GET /static/images/profile-blue-default.png HTTP/1.1" 200 11944
INFO 2023-08-10 22:04:13,731 basehttp "GET /static/images/eye.png HTTP/1.1" 200 13209
INFO 2023-08-10 22:04:13,732 basehttp "GET /static/images/edit-icon.png HTTP/1.1" 200 23594
INFO 2023-08-10 22:04:13,733 basehttp "GET /static/images/delete-booking-icon.png HTTP/1.1" 200 65467
INFO 2023-08-10 22:04:13,734 basehttp "GET /static/images/na.png HTTP/1.1" 200 65500
INFO 2023-08-10 22:04:13,788 basehttp "GET /static/images/favicon.png HTTP/1.1" 200 94768
INFO 2023-08-10 22:04:14,239 basehttp "GET /profile/9/dashboard/?past_page=1 HTTP/1.1" 200 24703
INFO 2023-08-10 22:04:14,309 basehttp "GET /static/images/logo.png HTTP/1.1" 200 18159
INFO 2023-08-10 22:04:14,320 basehttp "GET /static/images/profile-blue-default.png HTTP/1.1" 200 11944
INFO 2023-08-10 22:04:14,323 basehttp "GET /static/images/eye.png HTTP/1.1" 200 13209
INFO 2023-08-10 22:04:14,324 basehttp "GET /static/images/edit-icon.png HTTP/1.1" 200 23594
INFO 2023-08-10 22:04:14,325 basehttp "GET /static/images/delete-booking-icon.png HTTP/1.1" 200 65467
INFO 2023-08-10 22:04:14,325 basehttp "GET /static/images/na.png HTTP/1.1" 200 65500
INFO 2023-08-10 22:04:14,392 basehttp "GET /static/images/favicon.png HTTP/1.1" 200 94768
INFO 2023-08-10 22:04:14,602 basehttp "GET /profile/9/dashboard/?past_page=1 HTTP/1.1" 200 24703
INFO 2023-08-10 22:04:14,667 basehttp "GET /static/images/logo.png HTTP/1.1" 200 18159
INFO 2023-08-10 22:04:14,677 basehttp "GET /static/images/profile-blue-default.png HTTP/1.1" 200 11944
INFO 2023-08-10 22:04:14,678 basehttp "GET /static/images/eye.png HTTP/1.1" 200 13209
INFO 2023-08-10 22:04:14,680 basehttp "GET /static/images/edit-icon.png HTTP/1.1" 200 23594
INFO 2023-08-10 22:04:14,681 basehttp "GET /static/images/na.png HTTP/1.1" 200 65500
INFO 2023-08-10 22:04:14,681 basehttp "GET /static/images/delete-booking-icon.png HTTP/1.1" 200 65467
INFO 2023-08-10 22:04:14,741 basehttp "GET /static/images/favicon.png HTTP/1.1" 200 94768
INFO 2023-08-10 22:04:14,764 basehttp "GET /profile/9/dashboard/?past_page=1 HTTP/1.1" 200 24703
INFO 2023-08-10 22:04:14,935 basehttp "GET /static/images/logo.png HTTP/1.1" 200 18159
INFO 2023-08-10 22:04:14,943 basehttp "GET /static/images/profile-blue-default.png HTTP/1.1" 200 11944
INFO 2023-08-10 22:04:14,953 basehttp "GET /static/images/eye.png HTTP/1.1" 200 13209
INFO 2023-08-10 22:04:14,953 basehttp "GET /static/images/edit-icon.png HTTP/1.1" 200 23594
INFO 2023-08-10 22:04:14,956 basehttp "GET /static/images/na.png HTTP/1.1" 200 65500
INFO 2023-08-10 22:04:14,957 basehttp "GET /static/images/delete-booking-icon.png HTTP/1.1" 200 65467
INFO 2023-08-10 22:04:15,012 basehttp "GET /static/images/favicon.png HTTP/1.1" 200 94768
INFO 2023-08-10 22:04:15,021 basehttp "GET /profile/9/dashboard/?past_page=1 HTTP/1.1" 200 24703
INFO 2023-08-10 22:04:15,102 basehttp "GET /static/images/logo.png HTTP/1.1" 200 18159
INFO 2023-08-10 22:04:15,110 basehttp "GET /static/images/profile-blue-default.png HTTP/1.1" 200 11944
INFO 2023-08-10 22:04:15,116 basehttp "GET /static/images/edit-icon.png HTTP/1.1" 200 23594
INFO 2023-08-10 22:04:15,118 basehttp "GET /static/images/eye.png HTTP/1.1" 200 13209
INFO 2023-08-10 22:04:15,119 basehttp "GET /static/images/na.png HTTP/1.1" 200 65500
INFO 2023-08-10 22:04:15,120 basehttp "GET /static/images/delete-booking-icon.png HTTP/1.1" 200 65467
INFO 2023-08-10 22:04:15,168 basehttp "GET /static/images/favicon.png HTTP/1.1" 200 94768
INFO 2023-08-10 22:04:15,192 basehttp "GET /profile/9/dashboard/?past_page=1 HTTP/1.1" 200 24703
INFO 2023-08-10 22:04:15,352 basehttp "GET /static/images/logo.png HTTP/1.1" 200 18159
INFO 2023-08-10 22:04:15,370 basehttp "GET /static/images/eye.png HTTP/1.1" 200 13209
INFO 2023-08-10 22:04:15,374 basehttp "GET /static/images/edit-icon.png HTTP/1.1" 200 23594
INFO 2023-08-10 22:04:15,374 basehttp "GET /static/images/profile-blue-default.png HTTP/1.1" 200 11944
INFO 2023-08-10 22:04:15,377 basehttp "GET /static/images/delete-booking-icon.png HTTP/1.1" 200 65467
INFO 2023-08-10 22:04:15,378 basehttp "GET /static/images/na.png HTTP/1.1" 200 65500
INFO 2023-08-10 22:04:15,398 basehttp "GET /profile/9/dashboard/?past_page=1 HTTP/1.1" 200 24703
INFO 2023-08-10 22:04:15,497 basehttp "GET /static/images/logo.png HTTP/1.1" 200 18159
INFO 2023-08-10 22:04:15,505 basehttp "GET /static/images/profile-blue-default.png HTTP/1.1" 200 11944
INFO 2023-08-10 22:04:15,506 basehttp "GET /static/images/eye.png HTTP/1.1" 200 13209
INFO 2023-08-10 22:04:15,507 basehttp "GET /static/images/edit-icon.png HTTP/1.1" 200 23594
INFO 2023-08-10 22:04:15,511 basehttp "GET /static/images/delete-booking-icon.png HTTP/1.1" 200 65467
INFO 2023-08-10 22:04:15,513 basehttp "GET /static/images/na.png HTTP/1.1" 200 65500
INFO 2023-08-10 22:04:15,550 basehttp "GET /profile/9/dashboard/?past_page=1 HTTP/1.1" 200 24703
INFO 2023-08-10 22:04:15,551 basehttp "GET /static/images/favicon.png HTTP/1.1" 200 94768
INFO 2023-08-10 22:04:15,654 basehttp "GET /static/images/logo.png HTTP/1.1" 200 18159
INFO 2023-08-10 22:04:15,667 basehttp "GET /static/images/profile-blue-default.png HTTP/1.1" 200 11944
INFO 2023-08-10 22:04:15,673 basehttp "GET /static/images/eye.png HTTP/1.1" 200 13209
INFO 2023-08-10 22:04:15,674 basehttp "GET /static/images/edit-icon.png HTTP/1.1" 200 23594
INFO 2023-08-10 22:04:15,675 basehttp "GET /static/images/na.png HTTP/1.1" 200 65500
INFO 2023-08-10 22:04:15,676 basehttp "GET /static/images/delete-booking-icon.png HTTP/1.1" 200 65467
INFO 2023-08-10 22:04:20,765 basehttp "GET /profile/9/dashboard/?past_page=2 HTTP/1.1" 200 20168
INFO 2023-08-10 22:04:23,689 basehttp "GET /profile/9/dashboard/?past_page=1 HTTP/1.1" 200 24703
INFO 2023-08-10 22:04:45,410 basehttp "GET /profile/9/dashboard/?past_page=1 HTTP/1.1" 200 24703
INFO 2023-08-10 22:04:45,502 basehttp "GET /static/images/logo.png HTTP/1.1" 200 18159
INFO 2023-08-10 22:04:45,516 basehttp "GET /static/images/profile-blue-default.png HTTP/1.1" 200 11944
INFO 2023-08-10 22:04:45,517 basehttp "GET /static/images/eye.png HTTP/1.1" 200 13209
INFO 2023-08-10 22:04:45,519 basehttp "GET /static/images/edit-icon.png HTTP/1.1" 200 23594
INFO 2023-08-10 22:04:45,521 basehttp "GET /static/images/delete-booking-icon.png HTTP/1.1" 200 65467
INFO 2023-08-10 22:04:45,523 basehttp "GET /static/images/na.png HTTP/1.1" 200 65500
INFO 2023-08-10 22:04:45,745 basehttp "GET /static/images/favicon.png HTTP/1.1" 200 94768
INFO 2023-08-10 22:04:46,525 basehttp "GET /profile/9/dashboard/?past_page=1 HTTP/1.1" 200 24703
INFO 2023-08-10 22:04:46,675 basehttp "GET /static/images/logo.png HTTP/1.1" 200 18159
INFO 2023-08-10 22:04:46,685 basehttp "GET /static/images/profile-blue-default.png HTTP/1.1" 200 11944
INFO 2023-08-10 22:04:46,689 basehttp "GET /static/images/eye.png HTTP/1.1" 200 13209
INFO 2023-08-10 22:04:46,691 basehttp "GET /static/images/edit-icon.png HTTP/1.1" 200 23594
INFO 2023-08-10 22:04:46,692 basehttp "GET /static/images/delete-booking-icon.png HTTP/1.1" 200 65467
INFO 2023-08-10 22:04:46,693 basehttp "GET /static/images/na.png HTTP/1.1" 200 65500
INFO 2023-08-10 22:04:46,942 basehttp "GET /static/images/favicon.png HTTP/1.1" 200 94768
INFO 2023-08-10 22:04:47,072 basehttp "GET /profile/9/dashboard/?past_page=1 HTTP/1.1" 200 24703
INFO 2023-08-10 22:04:47,135 basehttp "GET /static/images/logo.png HTTP/1.1" 200 18159
INFO 2023-08-10 22:04:47,146 basehttp "GET /static/images/profile-blue-default.png HTTP/1.1" 200 11944
INFO 2023-08-10 22:04:47,146 basehttp "GET /static/images/eye.png HTTP/1.1" 200 13209
INFO 2023-08-10 22:04:47,151 basehttp "GET /static/images/edit-icon.png HTTP/1.1" 200 23594
INFO 2023-08-10 22:04:47,154 basehttp "GET /static/images/na.png HTTP/1.1" 200 65500
INFO 2023-08-10 22:04:47,154 basehttp "GET /static/images/delete-booking-icon.png HTTP/1.1" 200 65467
INFO 2023-08-10 22:04:47,195 basehttp "GET /static/images/favicon.png HTTP/1.1" 200 94768
INFO 2023-08-10 22:10:45,012 autoreload C:\Users\LENOVO\PycharmProjects\coach_me\coach_me\profiles\views.py changed, reloading.
INFO 2023-08-10 22:10:46,318 autoreload Watching for file changes with StatReloader
INFO 2023-08-10 22:10:46,935 basehttp "GET /profile/9/dashboard/?past_page=1 HTTP/1.1" 200 44095
INFO 2023-08-10 22:10:48,946 basehttp "GET /static/images/edit-icon.png HTTP/1.1" 200 23594
INFO 2023-08-10 22:10:48,947 basehttp "GET /static/images/profile-blue-default.png HTTP/1.1" 200 11944
INFO 2023-08-10 22:10:48,947 basehttp "GET /static/images/eye.png HTTP/1.1" 200 13209
INFO 2023-08-10 22:10:48,948 basehttp "GET /static/images/logo.png HTTP/1.1" 200 18159
INFO 2023-08-10 22:10:48,949 basehttp "GET /static/images/delete-booking-icon.png HTTP/1.1" 200 65467
INFO 2023-08-10 22:10:48,962 basehttp "GET /static/images/na.png HTTP/1.1" 200 65500
INFO 2023-08-10 22:10:48,984 basehttp "GET /static/images/favicon.png HTTP/1.1" 200 94768
INFO 2023-08-10 22:10:54,856 basehttp "GET /profile/9/dashboard/?past_page=2 HTTP/1.1" 200 39560
INFO 2023-08-10 22:10:57,558 basehttp "GET /profile/9/dashboard/?past_page=1 HTTP/1.1" 200 44095
INFO 2023-08-10 22:12:42,151 basehttp "GET /profile/9/dashboard/?past_page=1 HTTP/1.1" 200 29832
INFO 2023-08-10 22:12:42,230 basehttp "GET /static/images/logo.png HTTP/1.1" 200 18159
INFO 2023-08-10 22:12:42,241 basehttp "GET /static/images/profile-blue-default.png HTTP/1.1" 200 11944
INFO 2023-08-10 22:12:42,243 basehttp "GET /static/images/eye.png HTTP/1.1" 200 13209
INFO 2023-08-10 22:12:42,244 basehttp "GET /static/images/edit-icon.png HTTP/1.1" 200 23594
INFO 2023-08-10 22:12:42,246 basehttp "GET /static/images/delete-booking-icon.png HTTP/1.1" 200 65467
INFO 2023-08-10 22:12:42,246 basehttp "GET /static/images/na.png HTTP/1.1" 200 65500
INFO 2023-08-10 22:12:42,496 basehttp "GET /static/images/favicon.png HTTP/1.1" 200 94768
INFO 2023-08-10 22:13:06,941 basehttp "GET /profile/9/dashboard/?past_page=1 HTTP/1.1" 200 24997
INFO 2023-08-10 22:13:07,024 basehttp "GET /static/images/logo.png HTTP/1.1" 200 18159
INFO 2023-08-10 22:13:07,031 basehttp "GET /static/images/profile-blue-default.png HTTP/1.1" 200 11944
INFO 2023-08-10 22:13:07,038 basehttp "GET /static/images/eye.png HTTP/1.1" 200 13209
INFO 2023-08-10 22:13:07,038 basehttp "GET /static/images/edit-icon.png HTTP/1.1" 200 23594
INFO 2023-08-10 22:13:07,040 basehttp "GET /static/images/delete-booking-icon.png HTTP/1.1" 200 65467
INFO 2023-08-10 22:13:07,040 basehttp "GET /static/images/na.png HTTP/1.1" 200 65500
INFO 2023-08-10 22:13:07,193 basehttp "GET /static/images/favicon.png HTTP/1.1" 200 94768
INFO 2023-08-10 22:13:29,477 basehttp "GET /profile/9/dashboard/?past_page=1 HTTP/1.1" 200 24438
INFO 2023-08-10 22:13:29,590 basehttp "GET /static/images/logo.png HTTP/1.1" 200 18159
INFO 2023-08-10 22:13:29,594 basehttp "GET /static/images/profile-blue-default.png HTTP/1.1" 200 11944
INFO 2023-08-10 22:13:29,598 basehttp "GET /static/images/eye.png HTTP/1.1" 200 13209
INFO 2023-08-10 22:13:29,599 basehttp "GET /static/images/edit-icon.png HTTP/1.1" 200 23594
INFO 2023-08-10 22:13:29,600 basehttp "GET /static/images/delete-booking-icon.png HTTP/1.1" 200 65467
INFO 2023-08-10 22:13:29,601 basehttp "GET /static/images/na.png HTTP/1.1" 200 65500
INFO 2023-08-10 22:13:29,757 basehttp "GET /static/images/favicon.png HTTP/1.1" 200 94768
INFO 2023-08-10 22:14:15,276 basehttp "GET /profile/9/dashboard/ HTTP/1.1" 200 24438
INFO 2023-08-10 22:14:15,434 basehttp "GET /static/images/profile-blue-default.png HTTP/1.1" 200 11944
INFO 2023-08-10 22:14:15,436 basehttp "GET /static/images/logo.png HTTP/1.1" 200 18159
INFO 2023-08-10 22:14:15,436 basehttp "GET /static/images/eye.png HTTP/1.1" 200 13209
INFO 2023-08-10 22:14:15,438 basehttp "GET /static/images/edit-icon.png HTTP/1.1" 200 23594
INFO 2023-08-10 22:14:15,440 basehttp "GET /static/images/delete-booking-icon.png HTTP/1.1" 200 65467
INFO 2023-08-10 22:14:15,441 basehttp "GET /static/images/na.png HTTP/1.1" 200 65500
INFO 2023-08-10 22:14:15,571 basehttp "GET /static/images/favicon.png HTTP/1.1" 200 94768
INFO 2023-08-10 22:14:17,694 basehttp "GET /profile/9/dashboard/?past_page=2 HTTP/1.1" 200 24440
INFO 2023-08-10 22:14:18,927 basehttp "GET /profile/9/dashboard/?past_page=3 HTTP/1.1" 200 24427
INFO 2023-08-10 22:14:21,334 basehttp "GET /profile/9/dashboard/?past_page=2 HTTP/1.1" 200 24440
INFO 2023-08-10 22:14:23,616 basehttp "GET /profile/9/dashboard/?past_page=4 HTTP/1.1" 200 24445
INFO 2023-08-10 22:14:27,882 basehttp "GET /profile/9/dashboard/?past_page=1 HTTP/1.1" 200 24438
INFO 2023-08-10 22:14:40,214 basehttp "GET /profile/9/dashboard/?past_page=1 HTTP/1.1" 200 24438
INFO 2023-08-10 22:14:40,227 autoreload C:\Users\LENOVO\PycharmProjects\coach_me\coach_me\profiles\views.py changed, reloading.
INFO 2023-08-10 22:14:41,397 autoreload Watching for file changes with StatReloader
INFO 2023-08-10 22:14:43,963 basehttp "GET /static/images/profile-blue-default.png HTTP/1.1" 200 11944
INFO 2023-08-10 22:14:43,963 basehttp "GET /static/images/edit-icon.png HTTP/1.1" 200 23594
INFO 2023-08-10 22:14:43,964 basehttp "GET /static/images/logo.png HTTP/1.1" 200 18159
INFO 2023-08-10 22:14:43,965 basehttp "GET /static/images/eye.png HTTP/1.1" 200 13209
INFO 2023-08-10 22:14:43,969 basehttp "GET /static/images/delete-booking-icon.png HTTP/1.1" 200 65467
INFO 2023-08-10 22:14:43,975 basehttp "GET /static/images/na.png HTTP/1.1" 200 65500
INFO 2023-08-10 22:14:44,000 basehttp "GET /static/images/favicon.png HTTP/1.1" 200 94768
INFO 2023-08-10 22:14:44,118 basehttp "GET /profile/9/dashboard/?past_page=1 HTTP/1.1" 200 40069
INFO 2023-08-10 22:14:44,299 basehttp "GET /static/images/logo.png HTTP/1.1" 200 18159
INFO 2023-08-10 22:14:44,300 basehttp "GET /static/images/profile-blue-default.png HTTP/1.1" 200 11944
INFO 2023-08-10 22:14:44,300 basehttp "GET /static/images/eye.png HTTP/1.1" 200 13209
INFO 2023-08-10 22:14:44,300 basehttp "GET /static/images/edit-icon.png HTTP/1.1" 200 23594
INFO 2023-08-10 22:14:44,301 basehttp "GET /static/images/na.png HTTP/1.1" 200 65500
INFO 2023-08-10 22:14:44,302 basehttp "GET /static/images/delete-booking-icon.png HTTP/1.1" 200 65467
INFO 2023-08-10 22:14:48,213 basehttp "GET /profile/9/dashboard/?past_page=2 HTTP/1.1" 200 21883
INFO 2023-08-10 22:14:50,284 basehttp "GET /profile/9/dashboard/?past_page=1 HTTP/1.1" 200 40069
INFO 2023-08-10 22:17:53,958 autoreload C:\Users\LENOVO\PycharmProjects\coach_me\coach_me\profiles\views.py changed, reloading.
INFO 2023-08-10 22:17:55,192 autoreload Watching for file changes with StatReloader
INFO 2023-08-10 22:18:01,465 autoreload C:\Users\LENOVO\PycharmProjects\coach_me\coach_me\profiles\views.py changed, reloading.
INFO 2023-08-10 22:18:02,639 autoreload Watching for file changes with StatReloader
INFO 2023-08-10 22:19:41,164 autoreload C:\Users\LENOVO\PycharmProjects\coach_me\coach_me\profiles\views.py changed, reloading.
INFO 2023-08-10 22:19:42,521 autoreload Watching for file changes with StatReloader
INFO 2023-08-10 22:21:15,095 autoreload C:\Users\LENOVO\PycharmProjects\coach_me\coach_me\profiles\urls.py changed, reloading.
INFO 2023-08-10 22:21:16,281 autoreload Watching for file changes with StatReloader
INFO 2023-08-10 22:22:22,480 autoreload C:\Users\LENOVO\PycharmProjects\coach_me\coach_me\profiles\urls.py changed, reloading.
INFO 2023-08-10 22:22:23,618 autoreload Watching for file changes with StatReloader
INFO 2023-08-10 22:23:05,023 autoreload C:\Users\LENOVO\PycharmProjects\coach_me\coach_me\profiles\urls.py changed, reloading.
INFO 2023-08-10 22:23:06,193 autoreload Watching for file changes with StatReloader
INFO 2023-08-10 22:23:32,065 autoreload C:\Users\LENOVO\PycharmProjects\coach_me\coach_me\profiles\urls.py changed, reloading.
INFO 2023-08-10 22:23:33,235 autoreload Watching for file changes with StatReloader
INFO 2023-08-10 22:24:57,941 basehttp "GET /profile/9/dashboard/?past_page=1 HTTP/1.1" 200 40069
INFO 2023-08-10 22:25:00,060 basehttp "GET /static/images/logo.png HTTP/1.1" 200 18159
INFO 2023-08-10 22:25:00,061 basehttp "GET /static/images/eye.png HTTP/1.1" 200 13209
INFO 2023-08-10 22:25:00,062 basehttp "GET /static/images/profile-blue-default.png HTTP/1.1" 200 11944
INFO 2023-08-10 22:25:00,064 basehttp "GET /static/images/delete-booking-icon.png HTTP/1.1" 200 65467
INFO 2023-08-10 22:25:00,066 basehttp "GET /static/images/na.png HTTP/1.1" 200 65500
INFO 2023-08-10 22:25:00,067 basehttp "GET /static/images/edit-icon.png HTTP/1.1" 200 23594
INFO 2023-08-10 22:25:00,091 basehttp "GET /static/images/favicon.png HTTP/1.1" 200 94768
ERROR 2023-08-10 22:26:16,981 log Internal Server Error: /profile/9/dashboard/
Traceback (most recent call last):
  File "C:\Users\LENOVO\PycharmProjects\coach_me\venv\lib\site-packages\django\template\defaulttags.py", line 1026, in find_library
    return parser.libraries[name]
KeyError: 'export_tags'

During handling of the above exception, another exception occurred:

Traceback (most recent call last):
  File "C:\Users\LENOVO\PycharmProjects\coach_me\venv\lib\site-packages\django\core\handlers\exception.py", line 55, in inner
    response = get_response(request)
  File "C:\Users\LENOVO\PycharmProjects\coach_me\venv\lib\site-packages\django\core\handlers\base.py", line 220, in _get_response
    response = response.render()
  File "C:\Users\LENOVO\PycharmProjects\coach_me\venv\lib\site-packages\django\template\response.py", line 114, in render
    self.content = self.rendered_content
  File "C:\Users\LENOVO\PycharmProjects\coach_me\venv\lib\site-packages\django\template\response.py", line 92, in rendered_content
    return template.render(context, self._request)
  File "C:\Users\LENOVO\PycharmProjects\coach_me\venv\lib\site-packages\django\template\backends\django.py", line 61, in render
    return self.template.render(context)
  File "C:\Users\LENOVO\PycharmProjects\coach_me\venv\lib\site-packages\django\template\base.py", line 175, in render
    return self._render(context)
  File "C:\Users\LENOVO\PycharmProjects\coach_me\venv\lib\site-packages\django\template\base.py", line 167, in _render
    return self.nodelist.render(context)
  File "C:\Users\LENOVO\PycharmProjects\coach_me\venv\lib\site-packages\django\template\base.py", line 1005, in render
    return SafeString("".join([node.render_annotated(context) for node in self]))
  File "C:\Users\LENOVO\PycharmProjects\coach_me\venv\lib\site-packages\django\template\base.py", line 1005, in <listcomp>
    return SafeString("".join([node.render_annotated(context) for node in self]))
  File "C:\Users\LENOVO\PycharmProjects\coach_me\venv\lib\site-packages\django\template\base.py", line 966, in render_annotated
    return self.render(context)
  File "C:\Users\LENOVO\PycharmProjects\coach_me\venv\lib\site-packages\django\template\loader_tags.py", line 157, in render
    return compiled_parent._render(context)
  File "C:\Users\LENOVO\PycharmProjects\coach_me\venv\lib\site-packages\django\template\base.py", line 167, in _render
    return self.nodelist.render(context)
  File "C:\Users\LENOVO\PycharmProjects\coach_me\venv\lib\site-packages\django\template\base.py", line 1005, in render
    return SafeString("".join([node.render_annotated(context) for node in self]))
  File "C:\Users\LENOVO\PycharmProjects\coach_me\venv\lib\site-packages\django\template\base.py", line 1005, in <listcomp>
    return SafeString("".join([node.render_annotated(context) for node in self]))
  File "C:\Users\LENOVO\PycharmProjects\coach_me\venv\lib\site-packages\django\template\base.py", line 966, in render_annotated
    return self.render(context)
  File "C:\Users\LENOVO\PycharmProjects\coach_me\venv\lib\site-packages\django\template\loader_tags.py", line 63, in render
    result = block.nodelist.render(context)
  File "C:\Users\LENOVO\PycharmProjects\coach_me\venv\lib\site-packages\django\template\base.py", line 1005, in render
    return SafeString("".join([node.render_annotated(context) for node in self]))
  File "C:\Users\LENOVO\PycharmProjects\coach_me\venv\lib\site-packages\django\template\base.py", line 1005, in <listcomp>
    return SafeString("".join([node.render_annotated(context) for node in self]))
  File "C:\Users\LENOVO\PycharmProjects\coach_me\venv\lib\site-packages\django\template\base.py", line 966, in render_annotated
    return self.render(context)
  File "C:\Users\LENOVO\PycharmProjects\coach_me\venv\lib\site-packages\django\template\defaulttags.py", line 321, in render
    return nodelist.render(context)
  File "C:\Users\LENOVO\PycharmProjects\coach_me\venv\lib\site-packages\django\template\base.py", line 1005, in render
    return SafeString("".join([node.render_annotated(context) for node in self]))
  File "C:\Users\LENOVO\PycharmProjects\coach_me\venv\lib\site-packages\django\template\base.py", line 1005, in <listcomp>
    return SafeString("".join([node.render_annotated(context) for node in self]))
  File "C:\Users\LENOVO\PycharmProjects\coach_me\venv\lib\site-packages\django\template\base.py", line 966, in render_annotated
    return self.render(context)
  File "C:\Users\LENOVO\PycharmProjects\coach_me\venv\lib\site-packages\django\template\loader_tags.py", line 197, in render
    template = context.template.engine.select_template(template_name)
  File "C:\Users\LENOVO\PycharmProjects\coach_me\venv\lib\site-packages\django\template\engine.py", line 206, in select_template
    return self.get_template(template_name)
  File "C:\Users\LENOVO\PycharmProjects\coach_me\venv\lib\site-packages\django\template\engine.py", line 175, in get_template
    template, origin = self.find_template(template_name)
  File "C:\Users\LENOVO\PycharmProjects\coach_me\venv\lib\site-packages\django\template\engine.py", line 157, in find_template
    template = loader.get_template(name, skip=skip)
  File "C:\Users\LENOVO\PycharmProjects\coach_me\venv\lib\site-packages\django\template\loaders\cached.py", line 57, in get_template
    template = super().get_template(template_name, skip)
  File "C:\Users\LENOVO\PycharmProjects\coach_me\venv\lib\site-packages\django\template\loaders\base.py", line 28, in get_template
    return Template(
  File "C:\Users\LENOVO\PycharmProjects\coach_me\venv\lib\site-packages\django\template\base.py", line 154, in __init__
    self.nodelist = self.compile_nodelist()
  File "C:\Users\LENOVO\PycharmProjects\coach_me\venv\lib\site-packages\django\template\base.py", line 200, in compile_nodelist
    return parser.parse()
  File "C:\Users\LENOVO\PycharmProjects\coach_me\venv\lib\site-packages\django\template\base.py", line 513, in parse
    raise self.error(token, e)
  File "C:\Users\LENOVO\PycharmProjects\coach_me\venv\lib\site-packages\django\template\base.py", line 511, in parse
    compiled_result = compile_func(self, token)
  File "C:\Users\LENOVO\PycharmProjects\coach_me\venv\lib\site-packages\django\template\defaulttags.py", line 1088, in load
    lib = find_library(parser, name)
  File "C:\Users\LENOVO\PycharmProjects\coach_me\venv\lib\site-packages\django\template\defaulttags.py", line 1028, in find_library
    raise TemplateSyntaxError(
django.template.exceptions.TemplateSyntaxError: 'export_tags' is not a registered tag library. Must be one of:
admin_list
admin_modify
admin_urls
cache
custom_filters
forms
i18n
l10n
log
static
tz
widget_tweaks
ERROR 2023-08-10 22:26:16,988 basehttp "GET /profile/9/dashboard/?past_page=1 HTTP/1.1" 500 279264
WARNING 2023-08-10 22:26:17,538 log Not Found: /favicon.ico
WARNING 2023-08-10 22:26:17,539 basehttp "GET /favicon.ico HTTP/1.1" 404 4619
INFO 2023-08-10 22:26:54,298 autoreload Watching for file changes with StatReloader
ERROR 2023-08-10 22:26:59,422 log Internal Server Error: /profile/9/dashboard/
Traceback (most recent call last):
  File "C:\Users\LENOVO\PycharmProjects\coach_me\venv\lib\site-packages\django\template\defaulttags.py", line 1026, in find_library
    return parser.libraries[name]
KeyError: 'export_tags'

During handling of the above exception, another exception occurred:

Traceback (most recent call last):
  File "C:\Users\LENOVO\PycharmProjects\coach_me\venv\lib\site-packages\django\core\handlers\exception.py", line 55, in inner
    response = get_response(request)
  File "C:\Users\LENOVO\PycharmProjects\coach_me\venv\lib\site-packages\django\core\handlers\base.py", line 220, in _get_response
    response = response.render()
  File "C:\Users\LENOVO\PycharmProjects\coach_me\venv\lib\site-packages\django\template\response.py", line 114, in render
    self.content = self.rendered_content
  File "C:\Users\LENOVO\PycharmProjects\coach_me\venv\lib\site-packages\django\template\response.py", line 92, in rendered_content
    return template.render(context, self._request)
  File "C:\Users\LENOVO\PycharmProjects\coach_me\venv\lib\site-packages\django\template\backends\django.py", line 61, in render
    return self.template.render(context)
  File "C:\Users\LENOVO\PycharmProjects\coach_me\venv\lib\site-packages\django\template\base.py", line 175, in render
    return self._render(context)
  File "C:\Users\LENOVO\PycharmProjects\coach_me\venv\lib\site-packages\django\template\base.py", line 167, in _render
    return self.nodelist.render(context)
  File "C:\Users\LENOVO\PycharmProjects\coach_me\venv\lib\site-packages\django\template\base.py", line 1005, in render
    return SafeString("".join([node.render_annotated(context) for node in self]))
  File "C:\Users\LENOVO\PycharmProjects\coach_me\venv\lib\site-packages\django\template\base.py", line 1005, in <listcomp>
    return SafeString("".join([node.render_annotated(context) for node in self]))
  File "C:\Users\LENOVO\PycharmProjects\coach_me\venv\lib\site-packages\django\template\base.py", line 966, in render_annotated
    return self.render(context)
  File "C:\Users\LENOVO\PycharmProjects\coach_me\venv\lib\site-packages\django\template\loader_tags.py", line 157, in render
    return compiled_parent._render(context)
  File "C:\Users\LENOVO\PycharmProjects\coach_me\venv\lib\site-packages\django\template\base.py", line 167, in _render
    return self.nodelist.render(context)
  File "C:\Users\LENOVO\PycharmProjects\coach_me\venv\lib\site-packages\django\template\base.py", line 1005, in render
    return SafeString("".join([node.render_annotated(context) for node in self]))
  File "C:\Users\LENOVO\PycharmProjects\coach_me\venv\lib\site-packages\django\template\base.py", line 1005, in <listcomp>
    return SafeString("".join([node.render_annotated(context) for node in self]))
  File "C:\Users\LENOVO\PycharmProjects\coach_me\venv\lib\site-packages\django\template\base.py", line 966, in render_annotated
    return self.render(context)
  File "C:\Users\LENOVO\PycharmProjects\coach_me\venv\lib\site-packages\django\template\loader_tags.py", line 63, in render
    result = block.nodelist.render(context)
  File "C:\Users\LENOVO\PycharmProjects\coach_me\venv\lib\site-packages\django\template\base.py", line 1005, in render
    return SafeString("".join([node.render_annotated(context) for node in self]))
  File "C:\Users\LENOVO\PycharmProjects\coach_me\venv\lib\site-packages\django\template\base.py", line 1005, in <listcomp>
    return SafeString("".join([node.render_annotated(context) for node in self]))
  File "C:\Users\LENOVO\PycharmProjects\coach_me\venv\lib\site-packages\django\template\base.py", line 966, in render_annotated
    return self.render(context)
  File "C:\Users\LENOVO\PycharmProjects\coach_me\venv\lib\site-packages\django\template\defaulttags.py", line 321, in render
    return nodelist.render(context)
  File "C:\Users\LENOVO\PycharmProjects\coach_me\venv\lib\site-packages\django\template\base.py", line 1005, in render
    return SafeString("".join([node.render_annotated(context) for node in self]))
  File "C:\Users\LENOVO\PycharmProjects\coach_me\venv\lib\site-packages\django\template\base.py", line 1005, in <listcomp>
    return SafeString("".join([node.render_annotated(context) for node in self]))
  File "C:\Users\LENOVO\PycharmProjects\coach_me\venv\lib\site-packages\django\template\base.py", line 966, in render_annotated
    return self.render(context)
  File "C:\Users\LENOVO\PycharmProjects\coach_me\venv\lib\site-packages\django\template\loader_tags.py", line 197, in render
    template = context.template.engine.select_template(template_name)
  File "C:\Users\LENOVO\PycharmProjects\coach_me\venv\lib\site-packages\django\template\engine.py", line 206, in select_template
    return self.get_template(template_name)
  File "C:\Users\LENOVO\PycharmProjects\coach_me\venv\lib\site-packages\django\template\engine.py", line 175, in get_template
    template, origin = self.find_template(template_name)
  File "C:\Users\LENOVO\PycharmProjects\coach_me\venv\lib\site-packages\django\template\engine.py", line 157, in find_template
    template = loader.get_template(name, skip=skip)
  File "C:\Users\LENOVO\PycharmProjects\coach_me\venv\lib\site-packages\django\template\loaders\cached.py", line 57, in get_template
    template = super().get_template(template_name, skip)
  File "C:\Users\LENOVO\PycharmProjects\coach_me\venv\lib\site-packages\django\template\loaders\base.py", line 28, in get_template
    return Template(
  File "C:\Users\LENOVO\PycharmProjects\coach_me\venv\lib\site-packages\django\template\base.py", line 154, in __init__
    self.nodelist = self.compile_nodelist()
  File "C:\Users\LENOVO\PycharmProjects\coach_me\venv\lib\site-packages\django\template\base.py", line 200, in compile_nodelist
    return parser.parse()
  File "C:\Users\LENOVO\PycharmProjects\coach_me\venv\lib\site-packages\django\template\base.py", line 513, in parse
    raise self.error(token, e)
  File "C:\Users\LENOVO\PycharmProjects\coach_me\venv\lib\site-packages\django\template\base.py", line 511, in parse
    compiled_result = compile_func(self, token)
  File "C:\Users\LENOVO\PycharmProjects\coach_me\venv\lib\site-packages\django\template\defaulttags.py", line 1088, in load
    lib = find_library(parser, name)
  File "C:\Users\LENOVO\PycharmProjects\coach_me\venv\lib\site-packages\django\template\defaulttags.py", line 1028, in find_library
    raise TemplateSyntaxError(
django.template.exceptions.TemplateSyntaxError: 'export_tags' is not a registered tag library. Must be one of:
admin_list
admin_modify
admin_urls
cache
custom_filters
forms
i18n
l10n
log
static
tz
widget_tweaks
ERROR 2023-08-10 22:26:59,425 basehttp "GET /profile/9/dashboard/?past_page=1 HTTP/1.1" 500 279264
WARNING 2023-08-10 22:26:59,826 log Not Found: /favicon.ico
WARNING 2023-08-10 22:26:59,826 basehttp "GET /favicon.ico HTTP/1.1" 404 4619
ERROR 2023-08-10 22:27:02,645 log Internal Server Error: /profile/9/dashboard/
Traceback (most recent call last):
  File "C:\Users\LENOVO\PycharmProjects\coach_me\venv\lib\site-packages\django\template\defaulttags.py", line 1026, in find_library
    return parser.libraries[name]
KeyError: 'export_tags'

During handling of the above exception, another exception occurred:

Traceback (most recent call last):
  File "C:\Users\LENOVO\PycharmProjects\coach_me\venv\lib\site-packages\django\core\handlers\exception.py", line 55, in inner
    response = get_response(request)
  File "C:\Users\LENOVO\PycharmProjects\coach_me\venv\lib\site-packages\django\core\handlers\base.py", line 220, in _get_response
    response = response.render()
  File "C:\Users\LENOVO\PycharmProjects\coach_me\venv\lib\site-packages\django\template\response.py", line 114, in render
    self.content = self.rendered_content
  File "C:\Users\LENOVO\PycharmProjects\coach_me\venv\lib\site-packages\django\template\response.py", line 92, in rendered_content
    return template.render(context, self._request)
  File "C:\Users\LENOVO\PycharmProjects\coach_me\venv\lib\site-packages\django\template\backends\django.py", line 61, in render
    return self.template.render(context)
  File "C:\Users\LENOVO\PycharmProjects\coach_me\venv\lib\site-packages\django\template\base.py", line 175, in render
    return self._render(context)
  File "C:\Users\LENOVO\PycharmProjects\coach_me\venv\lib\site-packages\django\template\base.py", line 167, in _render
    return self.nodelist.render(context)
  File "C:\Users\LENOVO\PycharmProjects\coach_me\venv\lib\site-packages\django\template\base.py", line 1005, in render
    return SafeString("".join([node.render_annotated(context) for node in self]))
  File "C:\Users\LENOVO\PycharmProjects\coach_me\venv\lib\site-packages\django\template\base.py", line 1005, in <listcomp>
    return SafeString("".join([node.render_annotated(context) for node in self]))
  File "C:\Users\LENOVO\PycharmProjects\coach_me\venv\lib\site-packages\django\template\base.py", line 966, in render_annotated
    return self.render(context)
  File "C:\Users\LENOVO\PycharmProjects\coach_me\venv\lib\site-packages\django\template\loader_tags.py", line 157, in render
    return compiled_parent._render(context)
  File "C:\Users\LENOVO\PycharmProjects\coach_me\venv\lib\site-packages\django\template\base.py", line 167, in _render
    return self.nodelist.render(context)
  File "C:\Users\LENOVO\PycharmProjects\coach_me\venv\lib\site-packages\django\template\base.py", line 1005, in render
    return SafeString("".join([node.render_annotated(context) for node in self]))
  File "C:\Users\LENOVO\PycharmProjects\coach_me\venv\lib\site-packages\django\template\base.py", line 1005, in <listcomp>
    return SafeString("".join([node.render_annotated(context) for node in self]))
  File "C:\Users\LENOVO\PycharmProjects\coach_me\venv\lib\site-packages\django\template\base.py", line 966, in render_annotated
    return self.render(context)
  File "C:\Users\LENOVO\PycharmProjects\coach_me\venv\lib\site-packages\django\template\loader_tags.py", line 63, in render
    result = block.nodelist.render(context)
  File "C:\Users\LENOVO\PycharmProjects\coach_me\venv\lib\site-packages\django\template\base.py", line 1005, in render
    return SafeString("".join([node.render_annotated(context) for node in self]))
  File "C:\Users\LENOVO\PycharmProjects\coach_me\venv\lib\site-packages\django\template\base.py", line 1005, in <listcomp>
    return SafeString("".join([node.render_annotated(context) for node in self]))
  File "C:\Users\LENOVO\PycharmProjects\coach_me\venv\lib\site-packages\django\template\base.py", line 966, in render_annotated
    return self.render(context)
  File "C:\Users\LENOVO\PycharmProjects\coach_me\venv\lib\site-packages\django\template\defaulttags.py", line 321, in render
    return nodelist.render(context)
  File "C:\Users\LENOVO\PycharmProjects\coach_me\venv\lib\site-packages\django\template\base.py", line 1005, in render
    return SafeString("".join([node.render_annotated(context) for node in self]))
  File "C:\Users\LENOVO\PycharmProjects\coach_me\venv\lib\site-packages\django\template\base.py", line 1005, in <listcomp>
    return SafeString("".join([node.render_annotated(context) for node in self]))
  File "C:\Users\LENOVO\PycharmProjects\coach_me\venv\lib\site-packages\django\template\base.py", line 966, in render_annotated
    return self.render(context)
  File "C:\Users\LENOVO\PycharmProjects\coach_me\venv\lib\site-packages\django\template\loader_tags.py", line 197, in render
    template = context.template.engine.select_template(template_name)
  File "C:\Users\LENOVO\PycharmProjects\coach_me\venv\lib\site-packages\django\template\engine.py", line 206, in select_template
    return self.get_template(template_name)
  File "C:\Users\LENOVO\PycharmProjects\coach_me\venv\lib\site-packages\django\template\engine.py", line 175, in get_template
    template, origin = self.find_template(template_name)
  File "C:\Users\LENOVO\PycharmProjects\coach_me\venv\lib\site-packages\django\template\engine.py", line 157, in find_template
    template = loader.get_template(name, skip=skip)
  File "C:\Users\LENOVO\PycharmProjects\coach_me\venv\lib\site-packages\django\template\loaders\cached.py", line 57, in get_template
    template = super().get_template(template_name, skip)
  File "C:\Users\LENOVO\PycharmProjects\coach_me\venv\lib\site-packages\django\template\loaders\base.py", line 28, in get_template
    return Template(
  File "C:\Users\LENOVO\PycharmProjects\coach_me\venv\lib\site-packages\django\template\base.py", line 154, in __init__
    self.nodelist = self.compile_nodelist()
  File "C:\Users\LENOVO\PycharmProjects\coach_me\venv\lib\site-packages\django\template\base.py", line 200, in compile_nodelist
    return parser.parse()
  File "C:\Users\LENOVO\PycharmProjects\coach_me\venv\lib\site-packages\django\template\base.py", line 513, in parse
    raise self.error(token, e)
  File "C:\Users\LENOVO\PycharmProjects\coach_me\venv\lib\site-packages\django\template\base.py", line 511, in parse
    compiled_result = compile_func(self, token)
  File "C:\Users\LENOVO\PycharmProjects\coach_me\venv\lib\site-packages\django\template\defaulttags.py", line 1088, in load
    lib = find_library(parser, name)
  File "C:\Users\LENOVO\PycharmProjects\coach_me\venv\lib\site-packages\django\template\defaulttags.py", line 1028, in find_library
    raise TemplateSyntaxError(
django.template.exceptions.TemplateSyntaxError: 'export_tags' is not a registered tag library. Must be one of:
admin_list
admin_modify
admin_urls
cache
custom_filters
forms
i18n
l10n
log
static
tz
widget_tweaks
INFO 2023-08-10 22:27:02,652 basehttp - Broken pipe from ('127.0.0.1', 63378)
ERROR 2023-08-10 22:27:03,601 log Internal Server Error: /profile/9/dashboard/
Traceback (most recent call last):
  File "C:\Users\LENOVO\PycharmProjects\coach_me\venv\lib\site-packages\django\template\defaulttags.py", line 1026, in find_library
    return parser.libraries[name]
KeyError: 'export_tags'

During handling of the above exception, another exception occurred:

Traceback (most recent call last):
  File "C:\Users\LENOVO\PycharmProjects\coach_me\venv\lib\site-packages\django\core\handlers\exception.py", line 55, in inner
    response = get_response(request)
  File "C:\Users\LENOVO\PycharmProjects\coach_me\venv\lib\site-packages\django\core\handlers\base.py", line 220, in _get_response
    response = response.render()
  File "C:\Users\LENOVO\PycharmProjects\coach_me\venv\lib\site-packages\django\template\response.py", line 114, in render
    self.content = self.rendered_content
  File "C:\Users\LENOVO\PycharmProjects\coach_me\venv\lib\site-packages\django\template\response.py", line 92, in rendered_content
    return template.render(context, self._request)
  File "C:\Users\LENOVO\PycharmProjects\coach_me\venv\lib\site-packages\django\template\backends\django.py", line 61, in render
    return self.template.render(context)
  File "C:\Users\LENOVO\PycharmProjects\coach_me\venv\lib\site-packages\django\template\base.py", line 175, in render
    return self._render(context)
  File "C:\Users\LENOVO\PycharmProjects\coach_me\venv\lib\site-packages\django\template\base.py", line 167, in _render
    return self.nodelist.render(context)
  File "C:\Users\LENOVO\PycharmProjects\coach_me\venv\lib\site-packages\django\template\base.py", line 1005, in render
    return SafeString("".join([node.render_annotated(context) for node in self]))
  File "C:\Users\LENOVO\PycharmProjects\coach_me\venv\lib\site-packages\django\template\base.py", line 1005, in <listcomp>
    return SafeString("".join([node.render_annotated(context) for node in self]))
  File "C:\Users\LENOVO\PycharmProjects\coach_me\venv\lib\site-packages\django\template\base.py", line 966, in render_annotated
    return self.render(context)
  File "C:\Users\LENOVO\PycharmProjects\coach_me\venv\lib\site-packages\django\template\loader_tags.py", line 157, in render
    return compiled_parent._render(context)
  File "C:\Users\LENOVO\PycharmProjects\coach_me\venv\lib\site-packages\django\template\base.py", line 167, in _render
    return self.nodelist.render(context)
  File "C:\Users\LENOVO\PycharmProjects\coach_me\venv\lib\site-packages\django\template\base.py", line 1005, in render
    return SafeString("".join([node.render_annotated(context) for node in self]))
  File "C:\Users\LENOVO\PycharmProjects\coach_me\venv\lib\site-packages\django\template\base.py", line 1005, in <listcomp>
    return SafeString("".join([node.render_annotated(context) for node in self]))
  File "C:\Users\LENOVO\PycharmProjects\coach_me\venv\lib\site-packages\django\template\base.py", line 966, in render_annotated
    return self.render(context)
  File "C:\Users\LENOVO\PycharmProjects\coach_me\venv\lib\site-packages\django\template\loader_tags.py", line 63, in render
    result = block.nodelist.render(context)
  File "C:\Users\LENOVO\PycharmProjects\coach_me\venv\lib\site-packages\django\template\base.py", line 1005, in render
    return SafeString("".join([node.render_annotated(context) for node in self]))
  File "C:\Users\LENOVO\PycharmProjects\coach_me\venv\lib\site-packages\django\template\base.py", line 1005, in <listcomp>
    return SafeString("".join([node.render_annotated(context) for node in self]))
  File "C:\Users\LENOVO\PycharmProjects\coach_me\venv\lib\site-packages\django\template\base.py", line 966, in render_annotated
    return self.render(context)
  File "C:\Users\LENOVO\PycharmProjects\coach_me\venv\lib\site-packages\django\template\defaulttags.py", line 321, in render
    return nodelist.render(context)
  File "C:\Users\LENOVO\PycharmProjects\coach_me\venv\lib\site-packages\django\template\base.py", line 1005, in render
    return SafeString("".join([node.render_annotated(context) for node in self]))
  File "C:\Users\LENOVO\PycharmProjects\coach_me\venv\lib\site-packages\django\template\base.py", line 1005, in <listcomp>
    return SafeString("".join([node.render_annotated(context) for node in self]))
  File "C:\Users\LENOVO\PycharmProjects\coach_me\venv\lib\site-packages\django\template\base.py", line 966, in render_annotated
    return self.render(context)
  File "C:\Users\LENOVO\PycharmProjects\coach_me\venv\lib\site-packages\django\template\loader_tags.py", line 197, in render
    template = context.template.engine.select_template(template_name)
  File "C:\Users\LENOVO\PycharmProjects\coach_me\venv\lib\site-packages\django\template\engine.py", line 206, in select_template
    return self.get_template(template_name)
  File "C:\Users\LENOVO\PycharmProjects\coach_me\venv\lib\site-packages\django\template\engine.py", line 175, in get_template
    template, origin = self.find_template(template_name)
  File "C:\Users\LENOVO\PycharmProjects\coach_me\venv\lib\site-packages\django\template\engine.py", line 157, in find_template
    template = loader.get_template(name, skip=skip)
  File "C:\Users\LENOVO\PycharmProjects\coach_me\venv\lib\site-packages\django\template\loaders\cached.py", line 57, in get_template
    template = super().get_template(template_name, skip)
  File "C:\Users\LENOVO\PycharmProjects\coach_me\venv\lib\site-packages\django\template\loaders\base.py", line 28, in get_template
    return Template(
  File "C:\Users\LENOVO\PycharmProjects\coach_me\venv\lib\site-packages\django\template\base.py", line 154, in __init__
    self.nodelist = self.compile_nodelist()
  File "C:\Users\LENOVO\PycharmProjects\coach_me\venv\lib\site-packages\django\template\base.py", line 200, in compile_nodelist
    return parser.parse()
  File "C:\Users\LENOVO\PycharmProjects\coach_me\venv\lib\site-packages\django\template\base.py", line 513, in parse
    raise self.error(token, e)
  File "C:\Users\LENOVO\PycharmProjects\coach_me\venv\lib\site-packages\django\template\base.py", line 511, in parse
    compiled_result = compile_func(self, token)
  File "C:\Users\LENOVO\PycharmProjects\coach_me\venv\lib\site-packages\django\template\defaulttags.py", line 1088, in load
    lib = find_library(parser, name)
  File "C:\Users\LENOVO\PycharmProjects\coach_me\venv\lib\site-packages\django\template\defaulttags.py", line 1028, in find_library
    raise TemplateSyntaxError(
django.template.exceptions.TemplateSyntaxError: 'export_tags' is not a registered tag library. Must be one of:
admin_list
admin_modify
admin_urls
cache
custom_filters
forms
i18n
l10n
log
static
tz
widget_tweaks
ERROR 2023-08-10 22:27:03,608 basehttp "GET /profile/9/dashboard/?past_page=1 HTTP/1.1" 500 279264
WARNING 2023-08-10 22:27:04,004 log Not Found: /favicon.ico
WARNING 2023-08-10 22:27:04,005 basehttp "GET /favicon.ico HTTP/1.1" 404 4619
ERROR 2023-08-10 22:27:06,734 log Internal Server Error: /profile/9/dashboard/
Traceback (most recent call last):
  File "C:\Users\LENOVO\PycharmProjects\coach_me\venv\lib\site-packages\django\template\defaulttags.py", line 1026, in find_library
    return parser.libraries[name]
KeyError: 'export_tags'

During handling of the above exception, another exception occurred:

Traceback (most recent call last):
  File "C:\Users\LENOVO\PycharmProjects\coach_me\venv\lib\site-packages\django\core\handlers\exception.py", line 55, in inner
    response = get_response(request)
  File "C:\Users\LENOVO\PycharmProjects\coach_me\venv\lib\site-packages\django\core\handlers\base.py", line 220, in _get_response
    response = response.render()
  File "C:\Users\LENOVO\PycharmProjects\coach_me\venv\lib\site-packages\django\template\response.py", line 114, in render
    self.content = self.rendered_content
  File "C:\Users\LENOVO\PycharmProjects\coach_me\venv\lib\site-packages\django\template\response.py", line 92, in rendered_content
    return template.render(context, self._request)
  File "C:\Users\LENOVO\PycharmProjects\coach_me\venv\lib\site-packages\django\template\backends\django.py", line 61, in render
    return self.template.render(context)
  File "C:\Users\LENOVO\PycharmProjects\coach_me\venv\lib\site-packages\django\template\base.py", line 175, in render
    return self._render(context)
  File "C:\Users\LENOVO\PycharmProjects\coach_me\venv\lib\site-packages\django\template\base.py", line 167, in _render
    return self.nodelist.render(context)
  File "C:\Users\LENOVO\PycharmProjects\coach_me\venv\lib\site-packages\django\template\base.py", line 1005, in render
    return SafeString("".join([node.render_annotated(context) for node in self]))
  File "C:\Users\LENOVO\PycharmProjects\coach_me\venv\lib\site-packages\django\template\base.py", line 1005, in <listcomp>
    return SafeString("".join([node.render_annotated(context) for node in self]))
  File "C:\Users\LENOVO\PycharmProjects\coach_me\venv\lib\site-packages\django\template\base.py", line 966, in render_annotated
    return self.render(context)
  File "C:\Users\LENOVO\PycharmProjects\coach_me\venv\lib\site-packages\django\template\loader_tags.py", line 157, in render
    return compiled_parent._render(context)
  File "C:\Users\LENOVO\PycharmProjects\coach_me\venv\lib\site-packages\django\template\base.py", line 167, in _render
    return self.nodelist.render(context)
  File "C:\Users\LENOVO\PycharmProjects\coach_me\venv\lib\site-packages\django\template\base.py", line 1005, in render
    return SafeString("".join([node.render_annotated(context) for node in self]))
  File "C:\Users\LENOVO\PycharmProjects\coach_me\venv\lib\site-packages\django\template\base.py", line 1005, in <listcomp>
    return SafeString("".join([node.render_annotated(context) for node in self]))
  File "C:\Users\LENOVO\PycharmProjects\coach_me\venv\lib\site-packages\django\template\base.py", line 966, in render_annotated
    return self.render(context)
  File "C:\Users\LENOVO\PycharmProjects\coach_me\venv\lib\site-packages\django\template\loader_tags.py", line 63, in render
    result = block.nodelist.render(context)
  File "C:\Users\LENOVO\PycharmProjects\coach_me\venv\lib\site-packages\django\template\base.py", line 1005, in render
    return SafeString("".join([node.render_annotated(context) for node in self]))
  File "C:\Users\LENOVO\PycharmProjects\coach_me\venv\lib\site-packages\django\template\base.py", line 1005, in <listcomp>
    return SafeString("".join([node.render_annotated(context) for node in self]))
  File "C:\Users\LENOVO\PycharmProjects\coach_me\venv\lib\site-packages\django\template\base.py", line 966, in render_annotated
    return self.render(context)
  File "C:\Users\LENOVO\PycharmProjects\coach_me\venv\lib\site-packages\django\template\defaulttags.py", line 321, in render
    return nodelist.render(context)
  File "C:\Users\LENOVO\PycharmProjects\coach_me\venv\lib\site-packages\django\template\base.py", line 1005, in render
    return SafeString("".join([node.render_annotated(context) for node in self]))
  File "C:\Users\LENOVO\PycharmProjects\coach_me\venv\lib\site-packages\django\template\base.py", line 1005, in <listcomp>
    return SafeString("".join([node.render_annotated(context) for node in self]))
  File "C:\Users\LENOVO\PycharmProjects\coach_me\venv\lib\site-packages\django\template\base.py", line 966, in render_annotated
    return self.render(context)
  File "C:\Users\LENOVO\PycharmProjects\coach_me\venv\lib\site-packages\django\template\loader_tags.py", line 197, in render
    template = context.template.engine.select_template(template_name)
  File "C:\Users\LENOVO\PycharmProjects\coach_me\venv\lib\site-packages\django\template\engine.py", line 206, in select_template
    return self.get_template(template_name)
  File "C:\Users\LENOVO\PycharmProjects\coach_me\venv\lib\site-packages\django\template\engine.py", line 175, in get_template
    template, origin = self.find_template(template_name)
  File "C:\Users\LENOVO\PycharmProjects\coach_me\venv\lib\site-packages\django\template\engine.py", line 157, in find_template
    template = loader.get_template(name, skip=skip)
  File "C:\Users\LENOVO\PycharmProjects\coach_me\venv\lib\site-packages\django\template\loaders\cached.py", line 57, in get_template
    template = super().get_template(template_name, skip)
  File "C:\Users\LENOVO\PycharmProjects\coach_me\venv\lib\site-packages\django\template\loaders\base.py", line 28, in get_template
    return Template(
  File "C:\Users\LENOVO\PycharmProjects\coach_me\venv\lib\site-packages\django\template\base.py", line 154, in __init__
    self.nodelist = self.compile_nodelist()
  File "C:\Users\LENOVO\PycharmProjects\coach_me\venv\lib\site-packages\django\template\base.py", line 200, in compile_nodelist
    return parser.parse()
  File "C:\Users\LENOVO\PycharmProjects\coach_me\venv\lib\site-packages\django\template\base.py", line 513, in parse
    raise self.error(token, e)
  File "C:\Users\LENOVO\PycharmProjects\coach_me\venv\lib\site-packages\django\template\base.py", line 511, in parse
    compiled_result = compile_func(self, token)
  File "C:\Users\LENOVO\PycharmProjects\coach_me\venv\lib\site-packages\django\template\defaulttags.py", line 1088, in load
    lib = find_library(parser, name)
  File "C:\Users\LENOVO\PycharmProjects\coach_me\venv\lib\site-packages\django\template\defaulttags.py", line 1028, in find_library
    raise TemplateSyntaxError(
django.template.exceptions.TemplateSyntaxError: 'export_tags' is not a registered tag library. Must be one of:
admin_list
admin_modify
admin_urls
cache
custom_filters
forms
i18n
l10n
log
static
tz
widget_tweaks
ERROR 2023-08-10 22:27:06,737 basehttp "GET /profile/9/dashboard/?past_page=1 HTTP/1.1" 500 279136
INFO 2023-08-10 22:28:17,245 autoreload Watching for file changes with StatReloader
ERROR 2023-08-10 22:28:20,927 log Internal Server Error: /profile/9/dashboard/
Traceback (most recent call last):
  File "C:\Users\LENOVO\PycharmProjects\coach_me\venv\lib\site-packages\django\template\defaulttags.py", line 1026, in find_library
    return parser.libraries[name]
KeyError: 'export_tags'

During handling of the above exception, another exception occurred:

Traceback (most recent call last):
  File "C:\Users\LENOVO\PycharmProjects\coach_me\venv\lib\site-packages\django\core\handlers\exception.py", line 55, in inner
    response = get_response(request)
  File "C:\Users\LENOVO\PycharmProjects\coach_me\venv\lib\site-packages\django\core\handlers\base.py", line 220, in _get_response
    response = response.render()
  File "C:\Users\LENOVO\PycharmProjects\coach_me\venv\lib\site-packages\django\template\response.py", line 114, in render
    self.content = self.rendered_content
  File "C:\Users\LENOVO\PycharmProjects\coach_me\venv\lib\site-packages\django\template\response.py", line 92, in rendered_content
    return template.render(context, self._request)
  File "C:\Users\LENOVO\PycharmProjects\coach_me\venv\lib\site-packages\django\template\backends\django.py", line 61, in render
    return self.template.render(context)
  File "C:\Users\LENOVO\PycharmProjects\coach_me\venv\lib\site-packages\django\template\base.py", line 175, in render
    return self._render(context)
  File "C:\Users\LENOVO\PycharmProjects\coach_me\venv\lib\site-packages\django\template\base.py", line 167, in _render
    return self.nodelist.render(context)
  File "C:\Users\LENOVO\PycharmProjects\coach_me\venv\lib\site-packages\django\template\base.py", line 1005, in render
    return SafeString("".join([node.render_annotated(context) for node in self]))
  File "C:\Users\LENOVO\PycharmProjects\coach_me\venv\lib\site-packages\django\template\base.py", line 1005, in <listcomp>
    return SafeString("".join([node.render_annotated(context) for node in self]))
  File "C:\Users\LENOVO\PycharmProjects\coach_me\venv\lib\site-packages\django\template\base.py", line 966, in render_annotated
    return self.render(context)
  File "C:\Users\LENOVO\PycharmProjects\coach_me\venv\lib\site-packages\django\template\loader_tags.py", line 157, in render
    return compiled_parent._render(context)
  File "C:\Users\LENOVO\PycharmProjects\coach_me\venv\lib\site-packages\django\template\base.py", line 167, in _render
    return self.nodelist.render(context)
  File "C:\Users\LENOVO\PycharmProjects\coach_me\venv\lib\site-packages\django\template\base.py", line 1005, in render
    return SafeString("".join([node.render_annotated(context) for node in self]))
  File "C:\Users\LENOVO\PycharmProjects\coach_me\venv\lib\site-packages\django\template\base.py", line 1005, in <listcomp>
    return SafeString("".join([node.render_annotated(context) for node in self]))
  File "C:\Users\LENOVO\PycharmProjects\coach_me\venv\lib\site-packages\django\template\base.py", line 966, in render_annotated
    return self.render(context)
  File "C:\Users\LENOVO\PycharmProjects\coach_me\venv\lib\site-packages\django\template\loader_tags.py", line 63, in render
    result = block.nodelist.render(context)
  File "C:\Users\LENOVO\PycharmProjects\coach_me\venv\lib\site-packages\django\template\base.py", line 1005, in render
    return SafeString("".join([node.render_annotated(context) for node in self]))
  File "C:\Users\LENOVO\PycharmProjects\coach_me\venv\lib\site-packages\django\template\base.py", line 1005, in <listcomp>
    return SafeString("".join([node.render_annotated(context) for node in self]))
  File "C:\Users\LENOVO\PycharmProjects\coach_me\venv\lib\site-packages\django\template\base.py", line 966, in render_annotated
    return self.render(context)
  File "C:\Users\LENOVO\PycharmProjects\coach_me\venv\lib\site-packages\django\template\defaulttags.py", line 321, in render
    return nodelist.render(context)
  File "C:\Users\LENOVO\PycharmProjects\coach_me\venv\lib\site-packages\django\template\base.py", line 1005, in render
    return SafeString("".join([node.render_annotated(context) for node in self]))
  File "C:\Users\LENOVO\PycharmProjects\coach_me\venv\lib\site-packages\django\template\base.py", line 1005, in <listcomp>
    return SafeString("".join([node.render_annotated(context) for node in self]))
  File "C:\Users\LENOVO\PycharmProjects\coach_me\venv\lib\site-packages\django\template\base.py", line 966, in render_annotated
    return self.render(context)
  File "C:\Users\LENOVO\PycharmProjects\coach_me\venv\lib\site-packages\django\template\loader_tags.py", line 197, in render
    template = context.template.engine.select_template(template_name)
  File "C:\Users\LENOVO\PycharmProjects\coach_me\venv\lib\site-packages\django\template\engine.py", line 206, in select_template
    return self.get_template(template_name)
  File "C:\Users\LENOVO\PycharmProjects\coach_me\venv\lib\site-packages\django\template\engine.py", line 175, in get_template
    template, origin = self.find_template(template_name)
  File "C:\Users\LENOVO\PycharmProjects\coach_me\venv\lib\site-packages\django\template\engine.py", line 157, in find_template
    template = loader.get_template(name, skip=skip)
  File "C:\Users\LENOVO\PycharmProjects\coach_me\venv\lib\site-packages\django\template\loaders\cached.py", line 57, in get_template
    template = super().get_template(template_name, skip)
  File "C:\Users\LENOVO\PycharmProjects\coach_me\venv\lib\site-packages\django\template\loaders\base.py", line 28, in get_template
    return Template(
  File "C:\Users\LENOVO\PycharmProjects\coach_me\venv\lib\site-packages\django\template\base.py", line 154, in __init__
    self.nodelist = self.compile_nodelist()
  File "C:\Users\LENOVO\PycharmProjects\coach_me\venv\lib\site-packages\django\template\base.py", line 200, in compile_nodelist
    return parser.parse()
  File "C:\Users\LENOVO\PycharmProjects\coach_me\venv\lib\site-packages\django\template\base.py", line 513, in parse
    raise self.error(token, e)
  File "C:\Users\LENOVO\PycharmProjects\coach_me\venv\lib\site-packages\django\template\base.py", line 511, in parse
    compiled_result = compile_func(self, token)
  File "C:\Users\LENOVO\PycharmProjects\coach_me\venv\lib\site-packages\django\template\defaulttags.py", line 1088, in load
    lib = find_library(parser, name)
  File "C:\Users\LENOVO\PycharmProjects\coach_me\venv\lib\site-packages\django\template\defaulttags.py", line 1028, in find_library
    raise TemplateSyntaxError(
django.template.exceptions.TemplateSyntaxError: 'export_tags' is not a registered tag library. Must be one of:
admin_list
admin_modify
admin_urls
cache
custom_filters
forms
i18n
l10n
log
static
tz
widget_tweaks
ERROR 2023-08-10 22:28:20,931 basehttp "GET /profile/9/dashboard/?past_page=1 HTTP/1.1" 500 279136
INFO 2023-08-10 22:30:07,411 autoreload Watching for file changes with StatReloader
ERROR 2023-08-10 22:30:11,657 log Internal Server Error: /profile/9/dashboard/
Traceback (most recent call last):
  File "C:\Users\LENOVO\PycharmProjects\coach_me\venv\lib\site-packages\django\urls\base.py", line 71, in reverse
    extra, resolver = resolver.namespace_dict[ns]
KeyError: 'profiles'

During handling of the above exception, another exception occurred:

Traceback (most recent call last):
  File "C:\Users\LENOVO\PycharmProjects\coach_me\venv\lib\site-packages\django\core\handlers\exception.py", line 55, in inner
    response = get_response(request)
  File "C:\Users\LENOVO\PycharmProjects\coach_me\venv\lib\site-packages\django\core\handlers\base.py", line 220, in _get_response
    response = response.render()
  File "C:\Users\LENOVO\PycharmProjects\coach_me\venv\lib\site-packages\django\template\response.py", line 114, in render
    self.content = self.rendered_content
  File "C:\Users\LENOVO\PycharmProjects\coach_me\venv\lib\site-packages\django\template\response.py", line 92, in rendered_content
    return template.render(context, self._request)
  File "C:\Users\LENOVO\PycharmProjects\coach_me\venv\lib\site-packages\django\template\backends\django.py", line 61, in render
    return self.template.render(context)
  File "C:\Users\LENOVO\PycharmProjects\coach_me\venv\lib\site-packages\django\template\base.py", line 175, in render
    return self._render(context)
  File "C:\Users\LENOVO\PycharmProjects\coach_me\venv\lib\site-packages\django\template\base.py", line 167, in _render
    return self.nodelist.render(context)
  File "C:\Users\LENOVO\PycharmProjects\coach_me\venv\lib\site-packages\django\template\base.py", line 1005, in render
    return SafeString("".join([node.render_annotated(context) for node in self]))
  File "C:\Users\LENOVO\PycharmProjects\coach_me\venv\lib\site-packages\django\template\base.py", line 1005, in <listcomp>
    return SafeString("".join([node.render_annotated(context) for node in self]))
  File "C:\Users\LENOVO\PycharmProjects\coach_me\venv\lib\site-packages\django\template\base.py", line 966, in render_annotated
    return self.render(context)
  File "C:\Users\LENOVO\PycharmProjects\coach_me\venv\lib\site-packages\django\template\loader_tags.py", line 157, in render
    return compiled_parent._render(context)
  File "C:\Users\LENOVO\PycharmProjects\coach_me\venv\lib\site-packages\django\template\base.py", line 167, in _render
    return self.nodelist.render(context)
  File "C:\Users\LENOVO\PycharmProjects\coach_me\venv\lib\site-packages\django\template\base.py", line 1005, in render
    return SafeString("".join([node.render_annotated(context) for node in self]))
  File "C:\Users\LENOVO\PycharmProjects\coach_me\venv\lib\site-packages\django\template\base.py", line 1005, in <listcomp>
    return SafeString("".join([node.render_annotated(context) for node in self]))
  File "C:\Users\LENOVO\PycharmProjects\coach_me\venv\lib\site-packages\django\template\base.py", line 966, in render_annotated
    return self.render(context)
  File "C:\Users\LENOVO\PycharmProjects\coach_me\venv\lib\site-packages\django\template\loader_tags.py", line 63, in render
    result = block.nodelist.render(context)
  File "C:\Users\LENOVO\PycharmProjects\coach_me\venv\lib\site-packages\django\template\base.py", line 1005, in render
    return SafeString("".join([node.render_annotated(context) for node in self]))
  File "C:\Users\LENOVO\PycharmProjects\coach_me\venv\lib\site-packages\django\template\base.py", line 1005, in <listcomp>
    return SafeString("".join([node.render_annotated(context) for node in self]))
  File "C:\Users\LENOVO\PycharmProjects\coach_me\venv\lib\site-packages\django\template\base.py", line 966, in render_annotated
    return self.render(context)
  File "C:\Users\LENOVO\PycharmProjects\coach_me\venv\lib\site-packages\django\template\defaulttags.py", line 321, in render
    return nodelist.render(context)
  File "C:\Users\LENOVO\PycharmProjects\coach_me\venv\lib\site-packages\django\template\base.py", line 1005, in render
    return SafeString("".join([node.render_annotated(context) for node in self]))
  File "C:\Users\LENOVO\PycharmProjects\coach_me\venv\lib\site-packages\django\template\base.py", line 1005, in <listcomp>
    return SafeString("".join([node.render_annotated(context) for node in self]))
  File "C:\Users\LENOVO\PycharmProjects\coach_me\venv\lib\site-packages\django\template\base.py", line 966, in render_annotated
    return self.render(context)
  File "C:\Users\LENOVO\PycharmProjects\coach_me\venv\lib\site-packages\django\template\loader_tags.py", line 208, in render
    return template.render(context)
  File "C:\Users\LENOVO\PycharmProjects\coach_me\venv\lib\site-packages\django\template\base.py", line 177, in render
    return self._render(context)
  File "C:\Users\LENOVO\PycharmProjects\coach_me\venv\lib\site-packages\django\template\base.py", line 167, in _render
    return self.nodelist.render(context)
  File "C:\Users\LENOVO\PycharmProjects\coach_me\venv\lib\site-packages\django\template\base.py", line 1005, in render
    return SafeString("".join([node.render_annotated(context) for node in self]))
  File "C:\Users\LENOVO\PycharmProjects\coach_me\venv\lib\site-packages\django\template\base.py", line 1005, in <listcomp>
    return SafeString("".join([node.render_annotated(context) for node in self]))
  File "C:\Users\LENOVO\PycharmProjects\coach_me\venv\lib\site-packages\django\template\base.py", line 966, in render_annotated
    return self.render(context)
  File "C:\Users\LENOVO\PycharmProjects\coach_me\venv\lib\site-packages\django\template\defaulttags.py", line 321, in render
    return nodelist.render(context)
  File "C:\Users\LENOVO\PycharmProjects\coach_me\venv\lib\site-packages\django\template\base.py", line 1005, in render
    return SafeString("".join([node.render_annotated(context) for node in self]))
  File "C:\Users\LENOVO\PycharmProjects\coach_me\venv\lib\site-packages\django\template\base.py", line 1005, in <listcomp>
    return SafeString("".join([node.render_annotated(context) for node in self]))
  File "C:\Users\LENOVO\PycharmProjects\coach_me\venv\lib\site-packages\django\template\base.py", line 966, in render_annotated
    return self.render(context)
  File "C:\Users\LENOVO\PycharmProjects\coach_me\venv\lib\site-packages\django\template\defaulttags.py", line 321, in render
    return nodelist.render(context)
  File "C:\Users\LENOVO\PycharmProjects\coach_me\venv\lib\site-packages\django\template\base.py", line 1005, in render
    return SafeString("".join([node.render_annotated(context) for node in self]))
  File "C:\Users\LENOVO\PycharmProjects\coach_me\venv\lib\site-packages\django\template\base.py", line 1005, in <listcomp>
    return SafeString("".join([node.render_annotated(context) for node in self]))
  File "C:\Users\LENOVO\PycharmProjects\coach_me\venv\lib\site-packages\django\template\base.py", line 966, in render_annotated
    return self.render(context)
  File "C:\Users\LENOVO\PycharmProjects\coach_me\venv\lib\site-packages\django\template\library.py", line 237, in render
    output = self.func(*resolved_args, **resolved_kwargs)
  File "C:\Users\LENOVO\PycharmProjects\coach_me\coach_me\profiles\templatetags\export_tags.py", line 9, in export_csv_link
    return reverse('profiles:export_csv')  # Replace with your app name
  File "C:\Users\LENOVO\PycharmProjects\coach_me\venv\lib\site-packages\django\urls\base.py", line 82, in reverse
    raise NoReverseMatch("%s is not a registered namespace" % key)
django.urls.exceptions.NoReverseMatch: 'profiles' is not a registered namespace
ERROR 2023-08-10 22:30:11,663 basehttp "GET /profile/9/dashboard/?past_page=1 HTTP/1.1" 500 267533
INFO 2023-08-10 22:30:48,825 autoreload C:\Users\LENOVO\PycharmProjects\coach_me\coach_me\profiles\templatetags\export_tags.py changed, reloading.
INFO 2023-08-10 22:30:49,941 autoreload Watching for file changes with StatReloader
INFO 2023-08-10 22:30:50,655 basehttp "GET /profile/9/dashboard/?past_page=1 HTTP/1.1" 200 40147
INFO 2023-08-10 22:30:52,747 basehttp "GET /static/images/logo.png HTTP/1.1" 200 18159
INFO 2023-08-10 22:30:52,747 basehttp "GET /static/images/profile-blue-default.png HTTP/1.1" 200 11944
INFO 2023-08-10 22:30:52,748 basehttp "GET /static/images/edit-icon.png HTTP/1.1" 200 23594
INFO 2023-08-10 22:30:52,750 basehttp "GET /static/images/delete-booking-icon.png HTTP/1.1" 200 65467
INFO 2023-08-10 22:30:52,755 basehttp "GET /static/images/eye.png HTTP/1.1" 200 13209
INFO 2023-08-10 22:30:52,757 basehttp "GET /static/images/na.png HTTP/1.1" 200 65500
INFO 2023-08-10 22:30:52,780 basehttp "GET /static/images/favicon.png HTTP/1.1" 200 94768
ERROR 2023-08-10 22:31:00,063 log Internal Server Error: /export-csv/
Traceback (most recent call last):
  File "C:\Users\LENOVO\PycharmProjects\coach_me\venv\lib\site-packages\django\core\handlers\exception.py", line 55, in inner
    response = get_response(request)
  File "C:\Users\LENOVO\PycharmProjects\coach_me\venv\lib\site-packages\django\core\handlers\base.py", line 197, in _get_response
    response = wrapped_callback(request, *callback_args, **callback_kwargs)
  File "C:\Users\LENOVO\PycharmProjects\coach_me\coach_me\profiles\views.py", line 40, in export_csv
    item.field1,
AttributeError: 'Booking' object has no attribute 'field1'
ERROR 2023-08-10 22:31:00,065 basehttp "GET /export-csv/ HTTP/1.1" 500 68226
WARNING 2023-08-10 22:31:00,382 log Not Found: /favicon.ico
WARNING 2023-08-10 22:31:00,382 basehttp "GET /favicon.ico HTTP/1.1" 404 4619
INFO 2023-08-10 22:34:04,587 autoreload C:\Users\LENOVO\PycharmProjects\coach_me\coach_me\profiles\views.py changed, reloading.
INFO 2023-08-10 22:34:05,765 autoreload Watching for file changes with StatReloader
INFO 2023-08-10 22:36:50,717 autoreload C:\Users\LENOVO\PycharmProjects\coach_me\coach_me\profiles\views.py changed, reloading.
INFO 2023-08-10 22:36:51,979 autoreload Watching for file changes with StatReloader
INFO 2023-08-10 22:36:52,714 basehttp "GET /profile/9/dashboard/?past_page=1 HTTP/1.1" 200 40147
INFO 2023-08-10 22:36:54,664 basehttp "GET /static/images/profile-blue-default.png HTTP/1.1" 200 11944
INFO 2023-08-10 22:36:54,666 basehttp "GET /static/images/logo.png HTTP/1.1" 200 18159
INFO 2023-08-10 22:36:54,666 basehttp "GET /static/images/eye.png HTTP/1.1" 200 13209
INFO 2023-08-10 22:36:54,666 basehttp "GET /static/images/edit-icon.png HTTP/1.1" 200 23594
INFO 2023-08-10 22:36:54,668 basehttp "GET /static/images/delete-booking-icon.png HTTP/1.1" 200 65467
INFO 2023-08-10 22:36:54,671 basehttp "GET /static/images/na.png HTTP/1.1" 200 65500
INFO 2023-08-10 22:36:54,694 basehttp "GET /static/images/favicon.png HTTP/1.1" 200 94768
INFO 2023-08-10 22:41:04,521 autoreload C:\Users\LENOVO\PycharmProjects\coach_me\coach_me\profiles\views.py changed, reloading.
INFO 2023-08-10 22:41:05,779 autoreload Watching for file changes with StatReloader
INFO 2023-08-10 22:41:06,620 basehttp "GET /profile/9/dashboard/?past_page=1 HTTP/1.1" 200 40147
ERROR 2023-08-10 22:41:08,585 log Internal Server Error: /export-csv/
Traceback (most recent call last):
  File "C:\Users\LENOVO\PycharmProjects\coach_me\venv\lib\site-packages\django\core\handlers\exception.py", line 55, in inner
    response = get_response(request)
  File "C:\Users\LENOVO\PycharmProjects\coach_me\venv\lib\site-packages\django\core\handlers\base.py", line 197, in _get_response
    response = wrapped_callback(request, *callback_args, **callback_kwargs)
TypeError: export_csv() missing 1 required positional argument: 'request'
ERROR 2023-08-10 22:41:08,586 basehttp "GET /export-csv/ HTTP/1.1" 500 63629
WARNING 2023-08-10 22:41:08,919 log Not Found: /favicon.ico
WARNING 2023-08-10 22:41:08,920 basehttp "GET /favicon.ico HTTP/1.1" 404 4619
INFO 2023-08-10 22:42:02,476 autoreload C:\Users\LENOVO\PycharmProjects\coach_me\coach_me\profiles\views.py changed, reloading.
INFO 2023-08-10 22:42:03,749 autoreload Watching for file changes with StatReloader
ERROR 2023-08-10 22:42:04,261 log Internal Server Error: /export-csv/
Traceback (most recent call last):
  File "C:\Users\LENOVO\PycharmProjects\coach_me\venv\lib\site-packages\django\db\models\fields\__init__.py", line 2053, in get_prep_value
    return int(value)
TypeError: int() argument must be a string, a bytes-like object or a number, not 'property'

The above exception was the direct cause of the following exception:

Traceback (most recent call last):
  File "C:\Users\LENOVO\PycharmProjects\coach_me\venv\lib\site-packages\django\core\handlers\exception.py", line 55, in inner
    response = get_response(request)
  File "C:\Users\LENOVO\PycharmProjects\coach_me\venv\lib\site-packages\django\core\handlers\base.py", line 197, in _get_response
    response = wrapped_callback(request, *callback_args, **callback_kwargs)
  File "C:\Users\LENOVO\PycharmProjects\coach_me\coach_me\profiles\views.py", line 36, in export_csv
    queryset = BookingUserProfile.objects.filter(pk=user.pk).get()
  File "C:\Users\LENOVO\PycharmProjects\coach_me\venv\lib\site-packages\django\db\models\manager.py", line 87, in manager_method
    return getattr(self.get_queryset(), name)(*args, **kwargs)
  File "C:\Users\LENOVO\PycharmProjects\coach_me\venv\lib\site-packages\django\db\models\query.py", line 1436, in filter
    return self._filter_or_exclude(False, args, kwargs)
  File "C:\Users\LENOVO\PycharmProjects\coach_me\venv\lib\site-packages\django\db\models\query.py", line 1454, in _filter_or_exclude
    clone._filter_or_exclude_inplace(negate, args, kwargs)
  File "C:\Users\LENOVO\PycharmProjects\coach_me\venv\lib\site-packages\django\db\models\query.py", line 1461, in _filter_or_exclude_inplace
    self._query.add_q(Q(*args, **kwargs))
  File "C:\Users\LENOVO\PycharmProjects\coach_me\venv\lib\site-packages\django\db\models\sql\query.py", line 1534, in add_q
    clause, _ = self._add_q(q_object, self.used_aliases)
  File "C:\Users\LENOVO\PycharmProjects\coach_me\venv\lib\site-packages\django\db\models\sql\query.py", line 1565, in _add_q
    child_clause, needed_inner = self.build_filter(
  File "C:\Users\LENOVO\PycharmProjects\coach_me\venv\lib\site-packages\django\db\models\sql\query.py", line 1480, in build_filter
    condition = self.build_lookup(lookups, col, value)
  File "C:\Users\LENOVO\PycharmProjects\coach_me\venv\lib\site-packages\django\db\models\sql\query.py", line 1307, in build_lookup
    lookup = lookup_class(lhs, rhs)
  File "C:\Users\LENOVO\PycharmProjects\coach_me\venv\lib\site-packages\django\db\models\lookups.py", line 27, in __init__
    self.rhs = self.get_prep_lookup()
  File "C:\Users\LENOVO\PycharmProjects\coach_me\venv\lib\site-packages\django\db\models\fields\related_lookups.py", line 166, in get_prep_lookup
    self.rhs = target_field.get_prep_value(self.rhs)
  File "C:\Users\LENOVO\PycharmProjects\coach_me\venv\lib\site-packages\django\db\models\fields\__init__.py", line 2055, in get_prep_value
    raise e.__class__(
TypeError: Field 'id' expected a number but got <property object at 0x040727A8>.
ERROR 2023-08-10 22:42:04,270 basehttp "GET /export-csv/ HTTP/1.1" 500 125680
WARNING 2023-08-10 22:42:04,559 log Not Found: /favicon.ico
WARNING 2023-08-10 22:42:04,560 basehttp "GET /favicon.ico HTTP/1.1" 404 4619
INFO 2023-08-10 22:42:24,504 autoreload C:\Users\LENOVO\PycharmProjects\coach_me\coach_me\profiles\views.py changed, reloading.
INFO 2023-08-10 22:42:25,675 autoreload Watching for file changes with StatReloader
ERROR 2023-08-10 22:42:26,276 log Internal Server Error: /export-csv/
Traceback (most recent call last):
  File "C:\Users\LENOVO\PycharmProjects\coach_me\venv\lib\site-packages\django\core\handlers\exception.py", line 55, in inner
    response = get_response(request)
  File "C:\Users\LENOVO\PycharmProjects\coach_me\venv\lib\site-packages\django\core\handlers\base.py", line 197, in _get_response
    response = wrapped_callback(request, *callback_args, **callback_kwargs)
  File "C:\Users\LENOVO\PycharmProjects\coach_me\coach_me\profiles\views.py", line 36, in export_csv
    queryset = BookingUserProfile.objects.filter(pk=user.user.pk).get()
AttributeError: type object 'BookingUser' has no attribute 'user'
ERROR 2023-08-10 22:42:26,280 basehttp "GET /export-csv/ HTTP/1.1" 500 67840
WARNING 2023-08-10 22:42:26,570 log Not Found: /favicon.ico
WARNING 2023-08-10 22:42:26,571 basehttp "GET /favicon.ico HTTP/1.1" 404 4619
ERROR 2023-08-10 22:42:38,655 log Internal Server Error: /export-csv/
Traceback (most recent call last):
  File "C:\Users\LENOVO\PycharmProjects\coach_me\venv\lib\site-packages\django\core\handlers\exception.py", line 55, in inner
    response = get_response(request)
  File "C:\Users\LENOVO\PycharmProjects\coach_me\venv\lib\site-packages\django\core\handlers\base.py", line 197, in _get_response
    response = wrapped_callback(request, *callback_args, **callback_kwargs)
  File "C:\Users\LENOVO\PycharmProjects\coach_me\coach_me\profiles\views.py", line 36, in export_csv
    queryset = BookingUserProfile.objects.filter(pk=user.employee.pk).get()
AttributeError: type object 'BookingUser' has no attribute 'user'
ERROR 2023-08-10 22:42:38,657 basehttp "GET /export-csv/ HTTP/1.1" 500 67944
INFO 2023-08-10 22:42:38,771 autoreload C:\Users\LENOVO\PycharmProjects\coach_me\coach_me\profiles\views.py changed, reloading.
INFO 2023-08-10 22:42:39,941 autoreload Watching for file changes with StatReloader
WARNING 2023-08-10 22:42:40,520 log Not Found: /favicon.ico
WARNING 2023-08-10 22:42:40,521 basehttp "GET /favicon.ico HTTP/1.1" 404 4619
ERROR 2023-08-10 22:42:40,601 log Internal Server Error: /export-csv/
Traceback (most recent call last):
  File "C:\Users\LENOVO\PycharmProjects\coach_me\venv\lib\site-packages\django\core\handlers\exception.py", line 55, in inner
    response = get_response(request)
  File "C:\Users\LENOVO\PycharmProjects\coach_me\venv\lib\site-packages\django\core\handlers\base.py", line 197, in _get_response
    response = wrapped_callback(request, *callback_args, **callback_kwargs)
  File "C:\Users\LENOVO\PycharmProjects\coach_me\coach_me\profiles\views.py", line 36, in export_csv
    queryset = BookingUserProfile.objects.filter(pk=user.employee.pk).get()
AttributeError: type object 'BookingUser' has no attribute 'employee'
ERROR 2023-08-10 22:42:40,605 basehttp "GET /export-csv/ HTTP/1.1" 500 67864
INFO 2023-08-10 22:44:02,170 autoreload C:\Users\LENOVO\PycharmProjects\coach_me\coach_me\profiles\views.py changed, reloading.
INFO 2023-08-10 22:44:03,308 autoreload Watching for file changes with StatReloader
INFO 2023-08-10 22:45:08,110 autoreload C:\Users\LENOVO\PycharmProjects\coach_me\coach_me\profiles\views.py changed, reloading.
INFO 2023-08-10 22:45:09,396 autoreload Watching for file changes with StatReloader
INFO 2023-08-10 22:45:11,583 basehttp "GET /profile/9/dashboard/?past_page=1 HTTP/1.1" 200 40147
INFO 2023-08-10 22:45:13,618 basehttp "GET /static/images/eye.png HTTP/1.1" 200 13209
INFO 2023-08-10 22:45:13,622 basehttp "GET /static/images/profile-blue-default.png HTTP/1.1" 200 11944
INFO 2023-08-10 22:45:13,622 basehttp "GET /static/images/edit-icon.png HTTP/1.1" 200 23594
INFO 2023-08-10 22:45:13,623 basehttp "GET /static/images/delete-booking-icon.png HTTP/1.1" 200 65467
INFO 2023-08-10 22:45:13,626 basehttp "GET /static/images/logo.png HTTP/1.1" 200 18159
INFO 2023-08-10 22:45:13,628 basehttp "GET /static/images/na.png HTTP/1.1" 200 65500
INFO 2023-08-10 22:45:13,732 basehttp "GET /export-csv/ HTTP/1.1" 200 6663
INFO 2023-08-10 22:47:19,462 autoreload C:\Users\LENOVO\PycharmProjects\coach_me\coach_me\profiles\views.py changed, reloading.
INFO 2023-08-10 22:47:20,574 autoreload Watching for file changes with StatReloader
INFO 2023-08-10 22:49:29,808 basehttp "GET /profile/9/dashboard/?past_page=1 HTTP/1.1" 200 40188
INFO 2023-08-10 22:49:31,697 basehttp "GET /static/images/eye.png HTTP/1.1" 200 13209
INFO 2023-08-10 22:49:31,697 basehttp "GET /static/images/logo.png HTTP/1.1" 200 18159
INFO 2023-08-10 22:49:31,698 basehttp "GET /static/images/profile-blue-default.png HTTP/1.1" 200 11944
INFO 2023-08-10 22:49:31,699 basehttp "GET /static/images/delete-booking-icon.png HTTP/1.1" 200 65467
INFO 2023-08-10 22:49:31,700 basehttp "GET /static/images/na.png HTTP/1.1" 200 65500
INFO 2023-08-10 22:49:31,703 basehttp "GET /static/images/edit-icon.png HTTP/1.1" 200 23594
INFO 2023-08-10 22:49:31,729 basehttp "GET /static/images/favicon.png HTTP/1.1" 200 94768
INFO 2023-08-10 22:49:46,324 basehttp "GET /profile/9/dashboard/?past_page=1 HTTP/1.1" 200 40157
INFO 2023-08-10 22:49:46,403 basehttp "GET /static/images/logo.png HTTP/1.1" 200 18159
INFO 2023-08-10 22:49:46,412 basehttp "GET /static/images/profile-blue-default.png HTTP/1.1" 200 11944
INFO 2023-08-10 22:49:46,421 basehttp "GET /static/images/eye.png HTTP/1.1" 200 13209
INFO 2023-08-10 22:49:46,421 basehttp "GET /static/images/edit-icon.png HTTP/1.1" 200 23594
INFO 2023-08-10 22:49:46,423 basehttp "GET /static/images/na.png HTTP/1.1" 200 65500
INFO 2023-08-10 22:49:46,423 basehttp "GET /static/images/delete-booking-icon.png HTTP/1.1" 200 65467
INFO 2023-08-10 22:49:46,703 basehttp "GET /static/images/favicon.png HTTP/1.1" 200 94768
INFO 2023-08-10 22:49:47,319 basehttp "GET /profile/9/dashboard/?past_page=1 HTTP/1.1" 200 40157
INFO 2023-08-10 22:49:47,384 basehttp "GET /static/images/logo.png HTTP/1.1" 200 18159
INFO 2023-08-10 22:49:47,394 basehttp "GET /static/images/profile-blue-default.png HTTP/1.1" 200 11944
INFO 2023-08-10 22:49:47,406 basehttp "GET /static/images/eye.png HTTP/1.1" 200 13209
INFO 2023-08-10 22:49:47,407 basehttp "GET /static/images/edit-icon.png HTTP/1.1" 200 23594
INFO 2023-08-10 22:49:47,409 basehttp "GET /static/images/delete-booking-icon.png HTTP/1.1" 200 65467
INFO 2023-08-10 22:49:47,410 basehttp "GET /static/images/na.png HTTP/1.1" 200 65500
INFO 2023-08-10 22:49:47,650 basehttp "GET /static/images/favicon.png HTTP/1.1" 200 94768
INFO 2023-08-10 22:50:02,528 basehttp "GET /profile/9/dashboard/?past_page=1 HTTP/1.1" 200 40181
INFO 2023-08-10 22:50:02,595 basehttp "GET /static/images/logo.png HTTP/1.1" 200 18159
INFO 2023-08-10 22:50:02,604 basehttp "GET /static/images/profile-blue-default.png HTTP/1.1" 200 11944
INFO 2023-08-10 22:50:02,613 basehttp "GET /static/images/eye.png HTTP/1.1" 200 13209
INFO 2023-08-10 22:50:02,615 basehttp "GET /static/images/edit-icon.png HTTP/1.1" 200 23594
INFO 2023-08-10 22:50:02,615 basehttp "GET /static/images/delete-booking-icon.png HTTP/1.1" 200 65467
INFO 2023-08-10 22:50:02,616 basehttp "GET /static/images/na.png HTTP/1.1" 200 65500
INFO 2023-08-10 22:50:02,821 basehttp "GET /static/images/favicon.png HTTP/1.1" 200 94768
INFO 2023-08-10 22:50:03,298 basehttp "GET /profile/9/dashboard/?past_page=1 HTTP/1.1" 200 40181
INFO 2023-08-10 22:50:03,371 basehttp "GET /static/images/logo.png HTTP/1.1" 200 18159
INFO 2023-08-10 22:50:03,377 basehttp "GET /static/images/profile-blue-default.png HTTP/1.1" 200 11944
INFO 2023-08-10 22:50:03,385 basehttp "GET /static/images/eye.png HTTP/1.1" 200 13209
INFO 2023-08-10 22:50:03,387 basehttp "GET /static/images/edit-icon.png HTTP/1.1" 200 23594
INFO 2023-08-10 22:50:03,388 basehttp "GET /static/images/delete-booking-icon.png HTTP/1.1" 200 65467
INFO 2023-08-10 22:50:03,388 basehttp "GET /static/images/na.png HTTP/1.1" 200 65500
INFO 2023-08-10 22:50:03,557 basehttp "GET /static/images/favicon.png HTTP/1.1" 200 94768
INFO 2023-08-10 22:50:03,822 basehttp "GET /profile/9/dashboard/?past_page=1 HTTP/1.1" 200 40181
INFO 2023-08-10 22:50:03,885 basehttp "GET /static/images/logo.png HTTP/1.1" 200 18159
INFO 2023-08-10 22:50:03,900 basehttp "GET /static/images/profile-blue-default.png HTTP/1.1" 200 11944
INFO 2023-08-10 22:50:03,901 basehttp "GET /static/images/edit-icon.png HTTP/1.1" 200 23594
INFO 2023-08-10 22:50:03,902 basehttp "GET /static/images/eye.png HTTP/1.1" 200 13209
INFO 2023-08-10 22:50:03,903 basehttp "GET /static/images/na.png HTTP/1.1" 200 65500
INFO 2023-08-10 22:50:03,903 basehttp "GET /static/images/delete-booking-icon.png HTTP/1.1" 200 65467
INFO 2023-08-10 22:50:04,129 basehttp "GET /static/images/favicon.png HTTP/1.1" 200 94768
INFO 2023-08-10 22:50:04,242 basehttp "GET /profile/9/dashboard/?past_page=1 HTTP/1.1" 200 40181
INFO 2023-08-10 22:50:04,310 basehttp "GET /static/images/logo.png HTTP/1.1" 200 18159
INFO 2023-08-10 22:50:04,323 basehttp "GET /static/images/profile-blue-default.png HTTP/1.1" 200 11944
INFO 2023-08-10 22:50:04,323 basehttp "GET /static/images/eye.png HTTP/1.1" 200 13209
INFO 2023-08-10 22:50:04,325 basehttp "GET /static/images/edit-icon.png HTTP/1.1" 200 23594
INFO 2023-08-10 22:50:04,326 basehttp "GET /static/images/na.png HTTP/1.1" 200 65500
INFO 2023-08-10 22:50:04,326 basehttp "GET /static/images/delete-booking-icon.png HTTP/1.1" 200 65467
INFO 2023-08-10 22:50:04,562 basehttp "GET /static/images/favicon.png HTTP/1.1" 200 94768
INFO 2023-08-10 22:51:24,985 basehttp "GET /profile/9/dashboard/?past_page=1 HTTP/1.1" 200 40503
INFO 2023-08-10 22:51:25,087 basehttp "GET /static/images/logo.png HTTP/1.1" 200 18159
INFO 2023-08-10 22:51:25,098 basehttp "GET /static/images/profile-blue-default.png HTTP/1.1" 200 11944
INFO 2023-08-10 22:51:25,098 basehttp "GET /static/images/eye.png HTTP/1.1" 200 13209
INFO 2023-08-10 22:51:25,099 basehttp "GET /static/images/edit-icon.png HTTP/1.1" 200 23594
INFO 2023-08-10 22:51:25,100 basehttp "GET /static/images/na.png HTTP/1.1" 200 65500
INFO 2023-08-10 22:51:25,101 basehttp "GET /static/images/delete-booking-icon.png HTTP/1.1" 200 65467
INFO 2023-08-10 22:51:25,267 basehttp "GET /static/images/favicon.png HTTP/1.1" 200 94768
INFO 2023-08-10 22:51:26,058 basehttp "GET /profile/9/dashboard/?past_page=1 HTTP/1.1" 200 40503
INFO 2023-08-10 22:51:26,121 basehttp "GET /static/images/logo.png HTTP/1.1" 200 18159
INFO 2023-08-10 22:51:26,140 basehttp "GET /static/images/eye.png HTTP/1.1" 200 13209
INFO 2023-08-10 22:51:26,140 basehttp "GET /static/images/profile-blue-default.png HTTP/1.1" 200 11944
INFO 2023-08-10 22:51:26,141 basehttp "GET /static/images/edit-icon.png HTTP/1.1" 200 23594
INFO 2023-08-10 22:51:26,142 basehttp "GET /static/images/delete-booking-icon.png HTTP/1.1" 200 65467
INFO 2023-08-10 22:51:26,143 basehttp "GET /static/images/na.png HTTP/1.1" 200 65500
INFO 2023-08-10 22:51:26,370 basehttp "GET /static/images/favicon.png HTTP/1.1" 200 94768
INFO 2023-08-10 22:51:26,678 basehttp "GET /profile/9/dashboard/?past_page=1 HTTP/1.1" 200 40503
INFO 2023-08-10 22:51:26,742 basehttp "GET /static/images/logo.png HTTP/1.1" 200 18159
INFO 2023-08-10 22:51:26,754 basehttp "GET /static/images/profile-blue-default.png HTTP/1.1" 200 11944
INFO 2023-08-10 22:51:26,756 basehttp "GET /static/images/eye.png HTTP/1.1" 200 13209
INFO 2023-08-10 22:51:26,757 basehttp "GET /static/images/edit-icon.png HTTP/1.1" 200 23594
INFO 2023-08-10 22:51:26,758 basehttp "GET /static/images/na.png HTTP/1.1" 200 65500
INFO 2023-08-10 22:51:26,760 basehttp "GET /static/images/delete-booking-icon.png HTTP/1.1" 200 65467
INFO 2023-08-10 22:51:26,916 basehttp "GET /profile/9/dashboard/?past_page=1 HTTP/1.1" 200 40503
INFO 2023-08-10 22:51:26,997 basehttp "GET /static/images/logo.png HTTP/1.1" 200 18159
INFO 2023-08-10 22:51:27,010 basehttp "GET /static/images/profile-blue-default.png HTTP/1.1" 200 11944
INFO 2023-08-10 22:51:27,011 basehttp "GET /static/images/eye.png HTTP/1.1" 200 13209
INFO 2023-08-10 22:51:27,012 basehttp "GET /static/images/edit-icon.png HTTP/1.1" 200 23594
INFO 2023-08-10 22:51:27,014 basehttp "GET /static/images/na.png HTTP/1.1" 200 65500
INFO 2023-08-10 22:51:27,015 basehttp "GET /static/images/delete-booking-icon.png HTTP/1.1" 200 65467
INFO 2023-08-10 22:51:27,495 basehttp "GET /profile/9/dashboard/?past_page=1 HTTP/1.1" 200 40503
INFO 2023-08-10 22:51:27,619 basehttp "GET /static/images/logo.png HTTP/1.1" 200 18159
INFO 2023-08-10 22:51:27,641 basehttp "GET /static/images/profile-blue-default.png HTTP/1.1" 200 11944
INFO 2023-08-10 22:51:27,641 basehttp "GET /static/images/edit-icon.png HTTP/1.1" 200 23594
INFO 2023-08-10 22:51:27,642 basehttp "GET /static/images/eye.png HTTP/1.1" 200 13209
INFO 2023-08-10 22:51:27,643 basehttp "GET /static/images/na.png HTTP/1.1" 200 65500
INFO 2023-08-10 22:51:27,644 basehttp "GET /static/images/delete-booking-icon.png HTTP/1.1" 200 65467
INFO 2023-08-10 22:51:27,700 basehttp "GET /static/images/favicon.png HTTP/1.1" 200 94768
INFO 2023-08-10 22:51:52,238 basehttp "GET /profile/9/dashboard/?past_page=1 HTTP/1.1" 200 40503
INFO 2023-08-10 22:51:52,358 basehttp "GET /static/images/logo.png HTTP/1.1" 200 18159
INFO 2023-08-10 22:51:52,366 basehttp "GET /static/images/profile-blue-default.png HTTP/1.1" 200 11944
INFO 2023-08-10 22:51:52,376 basehttp "GET /static/images/csv.png HTTP/1.1" 200 2968
INFO 2023-08-10 22:51:52,377 basehttp "GET /static/images/eye.png HTTP/1.1" 200 13209
INFO 2023-08-10 22:51:52,377 basehttp "GET /static/images/edit-icon.png HTTP/1.1" 200 23594
INFO 2023-08-10 22:51:52,379 basehttp "GET /static/images/delete-booking-icon.png HTTP/1.1" 200 65467
INFO 2023-08-10 22:51:52,380 basehttp "GET /static/images/na.png HTTP/1.1" 200 65500
INFO 2023-08-10 22:51:52,531 basehttp "GET /static/images/favicon.png HTTP/1.1" 200 94768
INFO 2023-08-10 22:51:52,966 basehttp "GET /profile/9/dashboard/?past_page=1 HTTP/1.1" 200 40503
INFO 2023-08-10 22:51:53,067 basehttp "GET /static/images/logo.png HTTP/1.1" 200 18159
INFO 2023-08-10 22:51:53,076 basehttp "GET /static/images/profile-blue-default.png HTTP/1.1" 200 11944
INFO 2023-08-10 22:51:53,077 basehttp "GET /static/images/eye.png HTTP/1.1" 200 13209
INFO 2023-08-10 22:51:53,078 basehttp "GET /static/images/csv.png HTTP/1.1" 200 2968
INFO 2023-08-10 22:51:53,078 basehttp "GET /static/images/edit-icon.png HTTP/1.1" 200 23594
INFO 2023-08-10 22:51:53,079 basehttp "GET /static/images/na.png HTTP/1.1" 200 65500
INFO 2023-08-10 22:51:53,080 basehttp "GET /static/images/delete-booking-icon.png HTTP/1.1" 200 65467
INFO 2023-08-10 22:51:53,283 basehttp "GET /static/images/favicon.png HTTP/1.1" 200 94768
INFO 2023-08-10 22:53:48,364 basehttp "GET /profile/9/dashboard/?past_page=1 HTTP/1.1" 200 40570
INFO 2023-08-10 22:53:48,453 basehttp "GET /static/images/logo.png HTTP/1.1" 200 18159
INFO 2023-08-10 22:53:48,469 basehttp "GET /static/images/eye.png HTTP/1.1" 200 13209
INFO 2023-08-10 22:53:48,469 basehttp "GET /static/images/profile-blue-default.png HTTP/1.1" 200 11944
INFO 2023-08-10 22:53:48,470 basehttp "GET /static/images/csv.png HTTP/1.1" 200 2968
INFO 2023-08-10 22:53:48,471 basehttp "GET /static/images/edit-icon.png HTTP/1.1" 200 23594
INFO 2023-08-10 22:53:48,473 basehttp "GET /static/images/delete-booking-icon.png HTTP/1.1" 200 65467
INFO 2023-08-10 22:53:48,473 basehttp "GET /static/images/na.png HTTP/1.1" 200 65500
INFO 2023-08-10 22:53:48,687 basehttp "GET /static/images/favicon.png HTTP/1.1" 200 94768
INFO 2023-08-10 22:53:49,643 basehttp "GET /profile/9/dashboard/?past_page=1 HTTP/1.1" 200 40570
INFO 2023-08-10 22:53:49,738 basehttp "GET /static/images/logo.png HTTP/1.1" 200 18159
INFO 2023-08-10 22:53:49,747 basehttp "GET /static/images/profile-blue-default.png HTTP/1.1" 200 11944
INFO 2023-08-10 22:53:49,758 basehttp "GET /static/images/eye.png HTTP/1.1" 200 13209
INFO 2023-08-10 22:53:49,761 basehttp "GET /static/images/csv.png HTTP/1.1" 200 2968
INFO 2023-08-10 22:53:49,762 basehttp "GET /static/images/edit-icon.png HTTP/1.1" 200 23594
INFO 2023-08-10 22:53:49,763 basehttp "GET /static/images/na.png HTTP/1.1" 200 65500
INFO 2023-08-10 22:53:49,763 basehttp "GET /static/images/delete-booking-icon.png HTTP/1.1" 200 65467
INFO 2023-08-10 22:53:49,974 basehttp "GET /static/images/favicon.png HTTP/1.1" 200 94768
INFO 2023-08-10 22:54:04,879 basehttp "GET /profile/9/dashboard/?past_page=1 HTTP/1.1" 200 40450
INFO 2023-08-10 22:54:04,951 basehttp "GET /static/images/logo.png HTTP/1.1" 200 18159
INFO 2023-08-10 22:54:04,962 basehttp "GET /static/images/profile-blue-default.png HTTP/1.1" 200 11944
INFO 2023-08-10 22:54:04,965 basehttp "GET /static/images/eye.png HTTP/1.1" 200 13209
INFO 2023-08-10 22:54:04,970 basehttp "GET /static/images/csv.png HTTP/1.1" 200 2968
INFO 2023-08-10 22:54:04,971 basehttp "GET /static/images/edit-icon.png HTTP/1.1" 200 23594
INFO 2023-08-10 22:54:04,972 basehttp "GET /static/images/na.png HTTP/1.1" 200 65500
INFO 2023-08-10 22:54:04,974 basehttp "GET /static/images/delete-booking-icon.png HTTP/1.1" 200 65467
INFO 2023-08-10 22:54:05,194 basehttp "GET /static/images/favicon.png HTTP/1.1" 200 94768
INFO 2023-08-10 22:54:22,259 basehttp "GET /profile/9/dashboard/?past_page=1 HTTP/1.1" 200 40568
INFO 2023-08-10 22:54:22,328 basehttp "GET /static/images/logo.png HTTP/1.1" 200 18159
INFO 2023-08-10 22:54:22,347 basehttp "GET /static/images/profile-blue-default.png HTTP/1.1" 200 11944
INFO 2023-08-10 22:54:22,348 basehttp "GET /static/images/eye.png HTTP/1.1" 200 13209
INFO 2023-08-10 22:54:22,349 basehttp "GET /static/images/csv.png HTTP/1.1" 200 2968
INFO 2023-08-10 22:54:22,349 basehttp "GET /static/images/edit-icon.png HTTP/1.1" 200 23594
INFO 2023-08-10 22:54:22,351 basehttp "GET /static/images/na.png HTTP/1.1" 200 65500
INFO 2023-08-10 22:54:22,351 basehttp "GET /static/images/delete-booking-icon.png HTTP/1.1" 200 65467
INFO 2023-08-10 22:54:22,566 basehttp "GET /static/images/favicon.png HTTP/1.1" 200 94768
INFO 2023-08-10 22:54:23,333 basehttp "GET /profile/9/dashboard/?past_page=1 HTTP/1.1" 200 40568
INFO 2023-08-10 22:54:23,407 basehttp "GET /static/images/logo.png HTTP/1.1" 200 18159
INFO 2023-08-10 22:54:23,416 basehttp "GET /static/images/profile-blue-default.png HTTP/1.1" 200 11944
INFO 2023-08-10 22:54:23,418 basehttp "GET /static/images/csv.png HTTP/1.1" 200 2968
INFO 2023-08-10 22:54:23,419 basehttp "GET /static/images/eye.png HTTP/1.1" 200 13209
INFO 2023-08-10 22:54:23,420 basehttp "GET /static/images/edit-icon.png HTTP/1.1" 200 23594
INFO 2023-08-10 22:54:23,421 basehttp "GET /static/images/delete-booking-icon.png HTTP/1.1" 200 65467
INFO 2023-08-10 22:54:23,422 basehttp "GET /static/images/na.png HTTP/1.1" 200 65500
INFO 2023-08-10 22:54:23,645 basehttp "GET /static/images/favicon.png HTTP/1.1" 200 94768
INFO 2023-08-10 22:54:33,833 basehttp "GET /profile/9/dashboard/?past_page=1 HTTP/1.1" 200 40555
INFO 2023-08-10 22:54:33,914 basehttp "GET /static/images/logo.png HTTP/1.1" 200 18159
INFO 2023-08-10 22:54:33,927 basehttp "GET /static/images/profile-blue-default.png HTTP/1.1" 200 11944
INFO 2023-08-10 22:54:33,927 basehttp "GET /static/images/eye.png HTTP/1.1" 200 13209
INFO 2023-08-10 22:54:33,929 basehttp "GET /static/images/csv.png HTTP/1.1" 200 2968
INFO 2023-08-10 22:54:33,929 basehttp "GET /static/images/edit-icon.png HTTP/1.1" 200 23594
INFO 2023-08-10 22:54:33,931 basehttp "GET /static/images/na.png HTTP/1.1" 200 65500
INFO 2023-08-10 22:54:33,931 basehttp "GET /static/images/delete-booking-icon.png HTTP/1.1" 200 65467
INFO 2023-08-10 22:54:34,144 basehttp "GET /static/images/favicon.png HTTP/1.1" 200 94768
INFO 2023-08-10 22:54:50,660 basehttp "GET /profile/9/dashboard/?past_page=1 HTTP/1.1" 200 40555
INFO 2023-08-10 22:54:50,754 basehttp "GET /static/images/logo.png HTTP/1.1" 200 18159
INFO 2023-08-10 22:54:50,762 basehttp "GET /static/images/profile-blue-default.png HTTP/1.1" 200 11944
INFO 2023-08-10 22:54:50,772 basehttp "GET /static/images/csv.png HTTP/1.1" 200 2968
INFO 2023-08-10 22:54:50,773 basehttp "GET /static/images/edit-icon.png HTTP/1.1" 200 23594
INFO 2023-08-10 22:54:50,773 basehttp "GET /static/images/eye.png HTTP/1.1" 200 13209
INFO 2023-08-10 22:54:50,775 basehttp "GET /static/images/delete-booking-icon.png HTTP/1.1" 200 65467
INFO 2023-08-10 22:54:50,776 basehttp "GET /static/images/na.png HTTP/1.1" 200 65500
INFO 2023-08-10 22:54:50,994 basehttp "GET /static/images/favicon.png HTTP/1.1" 200 94768
INFO 2023-08-10 22:54:51,532 basehttp "GET /profile/9/dashboard/?past_page=1 HTTP/1.1" 200 40568
INFO 2023-08-10 22:54:51,603 basehttp "GET /static/images/logo.png HTTP/1.1" 200 18159
INFO 2023-08-10 22:54:51,620 basehttp "GET /static/images/profile-blue-default.png HTTP/1.1" 200 11944
INFO 2023-08-10 22:54:51,621 basehttp "GET /static/images/csv.png HTTP/1.1" 200 2968
INFO 2023-08-10 22:54:51,621 basehttp "GET /static/images/eye.png HTTP/1.1" 200 13209
INFO 2023-08-10 22:54:51,621 basehttp "GET /static/images/edit-icon.png HTTP/1.1" 200 23594
INFO 2023-08-10 22:54:51,623 basehttp "GET /static/images/na.png HTTP/1.1" 200 65500
INFO 2023-08-10 22:54:51,624 basehttp "GET /static/images/delete-booking-icon.png HTTP/1.1" 200 65467
INFO 2023-08-10 22:54:51,819 basehttp "GET /static/images/favicon.png HTTP/1.1" 200 94768
INFO 2023-08-10 22:54:52,328 basehttp "GET /profile/9/dashboard/?past_page=1 HTTP/1.1" 200 40568
INFO 2023-08-10 22:54:52,452 basehttp "GET /static/images/profile-blue-default.png HTTP/1.1" 200 11944
INFO 2023-08-10 22:54:52,452 basehttp "GET /static/images/logo.png HTTP/1.1" 200 18159
INFO 2023-08-10 22:54:52,461 basehttp "GET /static/images/eye.png HTTP/1.1" 200 13209
INFO 2023-08-10 22:54:52,462 basehttp "GET /static/images/csv.png HTTP/1.1" 200 2968
INFO 2023-08-10 22:54:52,462 basehttp "GET /static/images/edit-icon.png HTTP/1.1" 200 23594
INFO 2023-08-10 22:54:52,464 basehttp "GET /static/images/delete-booking-icon.png HTTP/1.1" 200 65467
INFO 2023-08-10 22:54:52,465 basehttp "GET /static/images/na.png HTTP/1.1" 200 65500
INFO 2023-08-10 22:54:52,636 basehttp "GET /static/images/favicon.png HTTP/1.1" 200 94768
INFO 2023-08-10 22:55:03,325 basehttp "GET /export-csv/ HTTP/1.1" 200 6612
INFO 2023-08-10 22:55:04,002 basehttp "GET /profile/9/dashboard/?past_page=1 HTTP/1.1" 200 40568
INFO 2023-08-10 22:55:04,128 basehttp "GET /static/images/logo.png HTTP/1.1" 200 18159
INFO 2023-08-10 22:55:04,143 basehttp "GET /static/images/profile-blue-default.png HTTP/1.1" 200 11944
INFO 2023-08-10 22:55:04,149 basehttp "GET /static/images/eye.png HTTP/1.1" 200 13209
INFO 2023-08-10 22:55:04,152 basehttp "GET /static/images/csv.png HTTP/1.1" 200 2968
INFO 2023-08-10 22:55:04,153 basehttp "GET /static/images/edit-icon.png HTTP/1.1" 200 23594
INFO 2023-08-10 22:55:04,154 basehttp "GET /static/images/na.png HTTP/1.1" 200 65500
INFO 2023-08-10 22:55:04,155 basehttp "GET /static/images/delete-booking-icon.png HTTP/1.1" 200 65467
INFO 2023-08-10 22:55:04,392 basehttp "GET /static/images/favicon.png HTTP/1.1" 200 94768
INFO 2023-08-10 22:55:07,349 basehttp "GET /export-csv/ HTTP/1.1" 200 6612
INFO 2023-08-10 22:55:33,124 basehttp "GET /export-csv/ HTTP/1.1" 200 6612
INFO 2023-08-10 22:55:35,945 basehttp "GET /export-csv/ HTTP/1.1" 200 6612
INFO 2023-08-10 22:55:39,808 basehttp "GET /export-csv/ HTTP/1.1" 200 6612
INFO 2023-08-10 22:55:43,007 basehttp "GET /profile/9/dashboard/?past_page=1 HTTP/1.1" 200 40723
INFO 2023-08-10 22:55:43,043 basehttp "GET /static/images/csv.png HTTP/1.1" 304 0
INFO 2023-08-10 22:55:46,712 basehttp "GET /profile/9/dashboard/?past_page=1 HTTP/1.1" 200 40723
INFO 2023-08-10 22:55:47,447 basehttp "GET /profile/9/dashboard/?past_page=1 HTTP/1.1" 200 40723
INFO 2023-08-10 22:55:59,247 basehttp "GET /profile/9/dashboard/?past_page=1 HTTP/1.1" 200 40723
INFO 2023-08-10 22:55:59,318 basehttp "GET /static/images/logo.png HTTP/1.1" 200 18159
INFO 2023-08-10 22:55:59,336 basehttp "GET /static/images/profile-blue-default.png HTTP/1.1" 200 11944
INFO 2023-08-10 22:55:59,337 basehttp "GET /static/images/edit-icon.png HTTP/1.1" 200 23594
INFO 2023-08-10 22:55:59,337 basehttp "GET /static/images/eye.png HTTP/1.1" 200 13209
INFO 2023-08-10 22:55:59,338 basehttp "GET /static/images/csv.png HTTP/1.1" 200 2968
INFO 2023-08-10 22:55:59,339 basehttp "GET /static/images/delete-booking-icon.png HTTP/1.1" 200 65467
INFO 2023-08-10 22:55:59,340 basehttp "GET /static/images/na.png HTTP/1.1" 200 65500
INFO 2023-08-10 22:55:59,547 basehttp "GET /static/images/favicon.png HTTP/1.1" 200 94768
INFO 2023-08-10 22:56:14,483 basehttp "GET /profile/9/dashboard/?past_page=1 HTTP/1.1" 200 41110
INFO 2023-08-10 22:56:14,558 basehttp "GET /static/images/logo.png HTTP/1.1" 200 18159
INFO 2023-08-10 22:56:14,569 basehttp "GET /static/images/profile-blue-default.png HTTP/1.1" 200 11944
INFO 2023-08-10 22:56:14,571 basehttp "GET /static/images/eye.png HTTP/1.1" 200 13209
INFO 2023-08-10 22:56:14,574 basehttp "GET /static/images/edit-icon.png HTTP/1.1" 200 23594
INFO 2023-08-10 22:56:14,574 basehttp "GET /static/images/csv.png HTTP/1.1" 200 2968
INFO 2023-08-10 22:56:14,576 basehttp "GET /static/images/delete-booking-icon.png HTTP/1.1" 200 65467
INFO 2023-08-10 22:56:14,577 basehttp "GET /static/images/na.png HTTP/1.1" 200 65500
INFO 2023-08-10 22:56:14,748 basehttp "GET /static/images/favicon.png HTTP/1.1" 200 94768
INFO 2023-08-10 22:56:15,554 basehttp "GET /profile/9/dashboard/?past_page=1 HTTP/1.1" 200 41110
INFO 2023-08-10 22:56:15,629 basehttp "GET /static/images/logo.png HTTP/1.1" 200 18159
INFO 2023-08-10 22:56:15,636 basehttp "GET /static/images/profile-blue-default.png HTTP/1.1" 200 11944
INFO 2023-08-10 22:56:15,640 basehttp "GET /static/images/csv.png HTTP/1.1" 200 2968
INFO 2023-08-10 22:56:15,640 basehttp "GET /static/images/eye.png HTTP/1.1" 200 13209
INFO 2023-08-10 22:56:15,641 basehttp "GET /static/images/edit-icon.png HTTP/1.1" 200 23594
INFO 2023-08-10 22:56:15,645 basehttp "GET /static/images/na.png HTTP/1.1" 200 65500
INFO 2023-08-10 22:56:15,645 basehttp "GET /static/images/delete-booking-icon.png HTTP/1.1" 200 65467
INFO 2023-08-10 22:56:15,807 basehttp "GET /static/images/favicon.png HTTP/1.1" 200 94768
INFO 2023-08-10 22:56:16,322 basehttp "GET /profile/9/dashboard/?past_page=1 HTTP/1.1" 200 41110
INFO 2023-08-10 22:56:16,386 basehttp "GET /static/images/logo.png HTTP/1.1" 200 18159
INFO 2023-08-10 22:56:16,399 basehttp "GET /static/images/profile-blue-default.png HTTP/1.1" 200 11944
INFO 2023-08-10 22:56:16,402 basehttp "GET /static/images/csv.png HTTP/1.1" 200 2968
INFO 2023-08-10 22:56:16,403 basehttp "GET /static/images/eye.png HTTP/1.1" 200 13209
INFO 2023-08-10 22:56:16,404 basehttp "GET /static/images/edit-icon.png HTTP/1.1" 200 23594
INFO 2023-08-10 22:56:16,405 basehttp "GET /static/images/delete-booking-icon.png HTTP/1.1" 200 65467
INFO 2023-08-10 22:56:16,406 basehttp "GET /static/images/na.png HTTP/1.1" 200 65500
INFO 2023-08-10 22:56:16,624 basehttp "GET /static/images/favicon.png HTTP/1.1" 200 94768
INFO 2023-08-10 22:56:17,034 basehttp "GET /profile/9/dashboard/?past_page=1 HTTP/1.1" 200 41110
INFO 2023-08-10 22:56:17,103 basehttp "GET /static/images/logo.png HTTP/1.1" 200 18159
INFO 2023-08-10 22:56:17,114 basehttp "GET /static/images/eye.png HTTP/1.1" 200 13209
INFO 2023-08-10 22:56:17,115 basehttp "GET /static/images/profile-blue-default.png HTTP/1.1" 200 11944
INFO 2023-08-10 22:56:17,116 basehttp "GET /static/images/csv.png HTTP/1.1" 200 2968
INFO 2023-08-10 22:56:17,117 basehttp "GET /static/images/edit-icon.png HTTP/1.1" 200 23594
INFO 2023-08-10 22:56:17,119 basehttp "GET /static/images/na.png HTTP/1.1" 200 65500
INFO 2023-08-10 22:56:17,119 basehttp "GET /static/images/delete-booking-icon.png HTTP/1.1" 200 65467
INFO 2023-08-10 22:56:17,337 basehttp "GET /static/images/favicon.png HTTP/1.1" 200 94768
INFO 2023-08-10 22:56:33,308 basehttp "GET /profile/9/dashboard/?past_page=1 HTTP/1.1" 200 40493
INFO 2023-08-10 22:56:33,394 basehttp "GET /static/images/logo.png HTTP/1.1" 200 18159
INFO 2023-08-10 22:56:33,400 basehttp "GET /static/images/profile-blue-default.png HTTP/1.1" 200 11944
INFO 2023-08-10 22:56:33,411 basehttp "GET /static/images/eye.png HTTP/1.1" 200 13209
INFO 2023-08-10 22:56:33,412 basehttp "GET /static/images/csv.png HTTP/1.1" 200 2968
INFO 2023-08-10 22:56:33,413 basehttp "GET /static/images/edit-icon.png HTTP/1.1" 200 23594
INFO 2023-08-10 22:56:33,414 basehttp "GET /static/images/delete-booking-icon.png HTTP/1.1" 200 65467
INFO 2023-08-10 22:56:33,415 basehttp "GET /static/images/na.png HTTP/1.1" 200 65500
INFO 2023-08-10 22:56:33,597 basehttp "GET /static/images/favicon.png HTTP/1.1" 200 94768
